2025-06-17 17:29:41.666 [info] Reading sessions from keychain...
2025-06-17 17:29:41.666 [info] Getting sessions for all scopes...
2025-06-17 17:29:41.666 [info] Getting sessions for all scopes...
2025-06-17 17:29:41.666 [info] Getting sessions for all scopes...
2025-06-17 17:29:41.666 [info] Getting sessions for all scopes...
2025-06-17 17:29:41.666 [info] Getting sessions for all scopes...
2025-06-17 17:29:41.666 [info] Getting sessions for all scopes...
2025-06-17 17:29:41.666 [info] Getting sessions for all scopes...
2025-06-17 17:29:41.666 [info] Getting sessions for all scopes...
2025-06-17 17:29:41.666 [info] Getting sessions for all scopes...
2025-06-17 17:29:41.666 [info] Got 0 sessions for ...
2025-06-17 17:29:41.666 [info] Got 0 sessions for ...
2025-06-17 17:29:41.666 [info] Got 0 sessions for ...
2025-06-17 17:29:41.666 [info] Got 0 sessions for ...
2025-06-17 17:29:41.666 [info] Got 0 sessions for ...
2025-06-17 17:29:41.666 [info] Got 0 sessions for ...
2025-06-17 17:29:41.666 [info] Got 0 sessions for ...
2025-06-17 17:29:41.666 [info] Got 0 sessions for ...
2025-06-17 17:29:41.666 [info] Got 0 sessions for ...
2025-06-17 17:29:41.666 [info] Getting sessions for all scopes...
2025-06-17 17:29:41.666 [info] Got 0 sessions for ...
2025-06-17 17:29:41.666 [info] Getting sessions for all scopes...
2025-06-17 17:29:41.666 [info] Got 0 sessions for ...
2025-06-17 17:29:41.666 [info] Getting sessions for all scopes...
2025-06-17 17:29:41.666 [info] Got 0 sessions for ...
2025-06-17 17:29:41.666 [info] Getting sessions for all scopes...
2025-06-17 17:29:41.666 [info] Got 0 sessions for ...
2025-06-17 17:29:41.666 [info] Getting sessions for all scopes...
2025-06-17 17:29:41.666 [info] Got 0 sessions for ...
2025-06-17 17:29:41.666 [info] Getting sessions for all scopes...
2025-06-17 17:29:41.666 [info] Got 0 sessions for ...
2025-06-17 17:29:49.778 [info] Getting sessions for all scopes...
2025-06-17 17:29:49.820 [info] Got 0 sessions for ...
2025-06-17 17:29:49.852 [info] Getting sessions for all scopes...
2025-06-17 17:29:49.852 [info] Got 0 sessions for ...
2025-06-17 17:29:49.852 [info] Getting sessions for all scopes...
2025-06-17 17:29:49.852 [info] Got 0 sessions for ...
2025-06-17 17:29:49.879 [info] Getting sessions for all scopes...
2025-06-17 17:29:49.879 [info] Got 0 sessions for ...
2025-06-17 17:29:51.841 [info] Getting sessions for read:user,repo,user:email,workflow...
2025-06-17 17:29:51.864 [info] Got 0 sessions for read:user,repo,user:email,workflow...
2025-06-17 17:29:53.552 [info] Getting sessions for user:email...
2025-06-17 17:29:53.559 [info] Got 0 sessions for user:email...
2025-06-17 17:29:53.561 [info] Getting sessions for read:user,repo,user:email,workflow...
2025-06-17 17:29:53.561 [info] Got 0 sessions for read:user,repo,user:email,workflow...
2025-06-17 17:29:53.592 [info] Getting sessions for read:user...
2025-06-17 17:29:53.594 [info] Got 0 sessions for read:user...
2025-06-17 17:29:53.623 [info] Getting sessions for all scopes...
2025-06-17 17:29:53.623 [info] Got 0 sessions for ...
2025-06-17 17:29:53.626 [info] Getting sessions for user:email...
2025-06-17 17:29:53.626 [info] Got 0 sessions for user:email...
2025-06-17 17:29:53.828 [info] Getting sessions for user:email...
2025-06-17 17:29:53.828 [info] Got 0 sessions for user:email...
2025-06-17 17:29:54.301 [info] Getting sessions for all scopes...
2025-06-17 17:29:54.301 [info] Got 0 sessions for ...
2025-06-17 17:29:54.308 [info] Getting sessions for read:user,repo,user:email,workflow...
2025-06-17 17:29:54.309 [info] Got 0 sessions for read:user,repo,user:email,workflow...
2025-06-17 17:29:54.320 [info] Getting sessions for all scopes...
2025-06-17 17:29:54.320 [info] Got 0 sessions for ...
2025-06-17 17:29:54.765 [info] Getting sessions for user:email...
2025-06-17 17:29:54.766 [info] Got 0 sessions for user:email...
2025-06-17 17:29:54.842 [info] Getting sessions for all scopes...
2025-06-17 17:29:54.842 [info] Got 0 sessions for ...
2025-06-17 17:29:54.844 [info] Getting sessions for all scopes...
2025-06-17 17:29:54.844 [info] Got 0 sessions for ...
2025-06-17 17:29:54.854 [info] Getting sessions for user:email...
2025-06-17 17:29:54.854 [info] Got 0 sessions for user:email...
2025-06-17 17:29:54.879 [info] Getting sessions for all scopes...
2025-06-17 17:29:54.879 [info] Got 0 sessions for ...
2025-06-17 17:29:54.879 [info] Getting sessions for all scopes...
2025-06-17 17:29:54.879 [info] Got 0 sessions for ...
2025-06-17 17:29:54.885 [info] Getting sessions for user:email...
2025-06-17 17:29:54.885 [info] Got 0 sessions for user:email...
2025-06-17 17:29:54.911 [info] Getting sessions for all scopes...
2025-06-17 17:29:54.911 [info] Got 0 sessions for ...
2025-06-17 17:29:54.913 [info] Getting sessions for all scopes...
2025-06-17 17:29:54.913 [info] Got 0 sessions for ...
2025-06-17 17:29:54.915 [info] Getting sessions for all scopes...
2025-06-17 17:29:54.915 [info] Got 0 sessions for ...
2025-06-17 17:29:54.919 [info] Getting sessions for user:email...
2025-06-17 17:29:54.919 [info] Got 0 sessions for user:email...
