2025-05-26 12:06:11.789 [info] Reading sessions from keychain...
2025-05-26 12:06:11.789 [info] Getting sessions for all scopes...
2025-05-26 12:06:11.789 [info] Getting sessions for all scopes...
2025-05-26 12:06:11.789 [info] Getting sessions for all scopes...
2025-05-26 12:06:11.789 [info] Getting sessions for all scopes...
2025-05-26 12:06:11.789 [info] Getting sessions for all scopes...
2025-05-26 12:06:11.789 [info] Getting sessions for all scopes...
2025-05-26 12:06:11.789 [info] Getting sessions for all scopes...
2025-05-26 12:06:11.789 [info] Getting sessions for all scopes...
2025-05-26 12:06:11.789 [info] Got 0 sessions for ...
2025-05-26 12:06:11.789 [info] Got 0 sessions for ...
2025-05-26 12:06:11.789 [info] Got 0 sessions for ...
2025-05-26 12:06:11.790 [info] Got 0 sessions for ...
2025-05-26 12:06:11.790 [info] Got 0 sessions for ...
2025-05-26 12:06:11.790 [info] Got 0 sessions for ...
2025-05-26 12:06:11.790 [info] Got 0 sessions for ...
2025-05-26 12:06:11.790 [info] Got 0 sessions for ...
2025-05-26 12:06:11.790 [info] Getting sessions for all scopes...
2025-05-26 12:06:11.790 [info] Got 0 sessions for ...
2025-05-26 12:06:11.790 [info] Getting sessions for all scopes...
2025-05-26 12:06:11.790 [info] Got 0 sessions for ...
2025-05-26 12:06:11.790 [info] Getting sessions for all scopes...
2025-05-26 12:06:11.790 [info] Got 0 sessions for ...
2025-05-26 12:06:11.790 [info] Getting sessions for all scopes...
2025-05-26 12:06:11.790 [info] Got 0 sessions for ...
2025-05-26 12:06:11.790 [info] Getting sessions for all scopes...
2025-05-26 12:06:11.790 [info] Got 0 sessions for ...
2025-05-26 12:06:11.790 [info] Getting sessions for all scopes...
2025-05-26 12:06:11.790 [info] Got 0 sessions for ...
2025-05-26 12:06:11.790 [info] Getting sessions for all scopes...
2025-05-26 12:06:11.790 [info] Got 0 sessions for ...
2025-05-26 12:06:16.556 [info] Getting sessions for all scopes...
2025-05-26 12:06:16.556 [info] Got 0 sessions for ...
2025-05-26 12:06:16.690 [info] Getting sessions for all scopes...
2025-05-26 12:06:16.690 [info] Got 0 sessions for ...
2025-05-26 12:06:16.974 [info] Getting sessions for all scopes...
2025-05-26 12:06:16.974 [info] Got 0 sessions for ...
2025-05-26 12:06:18.765 [info] Getting sessions for all scopes...
2025-05-26 12:06:18.765 [info] Got 0 sessions for ...
2025-05-26 12:06:18.766 [info] Getting sessions for read:user,repo,user:email,workflow...
2025-05-26 12:06:18.766 [info] Got 0 sessions for read:user,repo,user:email,workflow...
2025-05-26 12:06:20.010 [info] Getting sessions for all scopes...
2025-05-26 12:06:20.010 [info] Got 0 sessions for ...
2025-05-26 12:06:20.010 [info] Getting sessions for all scopes...
2025-05-26 12:06:20.010 [info] Got 0 sessions for ...
2025-05-26 12:06:21.404 [info] Getting sessions for read:user...
2025-05-26 12:06:21.404 [info] Got 0 sessions for read:user...
2025-05-26 12:06:21.672 [info] Getting sessions for user:email...
2025-05-26 12:06:21.672 [info] Got 0 sessions for user:email...
2025-05-26 12:06:21.672 [info] Getting sessions for read:user,repo,user:email,workflow...
2025-05-26 12:06:21.672 [info] Got 0 sessions for read:user,repo,user:email,workflow...
2025-05-26 12:06:21.780 [info] Getting sessions for user:email...
2025-05-26 12:06:21.781 [info] Got 0 sessions for user:email...
2025-05-26 12:06:22.001 [info] Getting sessions for all scopes...
2025-05-26 12:06:22.002 [info] Got 0 sessions for ...
2025-05-26 12:06:22.002 [info] Getting sessions for all scopes...
2025-05-26 12:06:22.003 [info] Got 0 sessions for ...
2025-05-26 12:06:23.472 [info] Getting sessions for user:email...
2025-05-26 12:06:23.472 [info] Got 0 sessions for user:email...
2025-05-26 12:06:23.495 [info] Getting sessions for read:user,repo,user:email,workflow...
2025-05-26 12:06:23.495 [info] Got 0 sessions for read:user,repo,user:email,workflow...
2025-05-26 12:06:23.605 [info] Getting sessions for all scopes...
2025-05-26 12:06:23.611 [info] Got 0 sessions for ...
2025-05-26 12:06:23.875 [info] Getting sessions for read:user...
2025-05-26 12:06:23.875 [info] Got 0 sessions for read:user...
2025-05-26 12:06:24.059 [info] Getting sessions for user:email...
2025-05-26 12:06:24.059 [info] Got 0 sessions for user:email...
2025-05-26 12:06:24.105 [info] Getting sessions for user:email...
2025-05-26 12:06:24.105 [info] Got 0 sessions for user:email...
2025-05-26 12:06:24.144 [info] Getting sessions for read:user,repo,user:email,workflow...
2025-05-26 12:06:24.144 [info] Got 0 sessions for read:user,repo,user:email,workflow...
2025-05-26 12:06:24.233 [info] Getting sessions for all scopes...
2025-05-26 12:06:24.233 [info] Got 0 sessions for ...
2025-05-26 12:06:24.403 [info] Getting sessions for user:email...
2025-05-26 12:06:24.403 [info] Got 0 sessions for user:email...
2025-05-26 12:06:24.446 [info] Getting sessions for all scopes...
2025-05-26 12:06:24.446 [info] Got 0 sessions for ...
2025-05-26 12:06:24.454 [info] Getting sessions for user:email...
2025-05-26 12:06:24.454 [info] Got 0 sessions for user:email...
2025-05-26 12:06:24.480 [info] Getting sessions for all scopes...
2025-05-26 12:06:24.480 [info] Got 0 sessions for ...
2025-05-26 12:06:24.496 [info] Getting sessions for all scopes...
2025-05-26 12:06:24.496 [info] Got 0 sessions for ...
2025-05-26 12:06:26.371 [info] Getting sessions for read:user,repo,user:email,workflow...
2025-05-26 12:06:26.372 [info] Got 0 sessions for read:user,repo,user:email,workflow...
2025-05-26 12:06:26.394 [info] Getting sessions for read:user...
2025-05-26 12:06:26.394 [info] Got 0 sessions for read:user...
2025-05-26 12:06:26.397 [info] Getting sessions for user:email...
2025-05-26 12:06:26.397 [info] Got 0 sessions for user:email...
2025-05-26 12:07:02.336 [info] Getting sessions for read:user,repo,user:email,workflow...
2025-05-26 12:07:02.336 [info] Got 0 sessions for read:user,repo,user:email,workflow...
2025-05-26 12:07:02.477 [info] Getting sessions for read:user...
2025-05-26 12:07:02.477 [info] Got 0 sessions for read:user...
2025-05-26 12:07:02.495 [info] Getting sessions for user:email...
2025-05-26 12:07:02.495 [info] Got 0 sessions for user:email...
2025-05-26 12:07:02.790 [info] Getting sessions for read:user,repo,user:email,workflow...
2025-05-26 12:07:02.790 [info] Got 0 sessions for read:user,repo,user:email,workflow...
2025-05-26 12:07:02.794 [info] Getting sessions for read:user...
2025-05-26 12:07:02.794 [info] Got 0 sessions for read:user...
2025-05-26 12:07:02.800 [info] Getting sessions for user:email...
2025-05-26 12:07:02.800 [info] Got 0 sessions for user:email...
2025-05-26 12:07:03.022 [info] Getting sessions for read:user,repo,user:email,workflow...
2025-05-26 12:07:03.022 [info] Got 0 sessions for read:user,repo,user:email,workflow...
2025-05-26 12:07:03.025 [info] Getting sessions for read:user...
2025-05-26 12:07:03.025 [info] Got 0 sessions for read:user...
2025-05-26 12:07:03.027 [info] Getting sessions for user:email...
2025-05-26 12:07:03.027 [info] Got 0 sessions for user:email...
2025-05-26 12:07:03.346 [info] Getting sessions for read:user,repo,user:email,workflow...
2025-05-26 12:07:03.346 [info] Got 0 sessions for read:user,repo,user:email,workflow...
2025-05-26 12:07:03.348 [info] Getting sessions for read:user...
2025-05-26 12:07:03.348 [info] Got 0 sessions for read:user...
2025-05-26 12:07:03.351 [info] Getting sessions for user:email...
2025-05-26 12:07:03.351 [info] Got 0 sessions for user:email...
2025-05-26 12:07:03.521 [info] Getting sessions for read:user,repo,user:email,workflow...
2025-05-26 12:07:03.521 [info] Got 0 sessions for read:user,repo,user:email,workflow...
2025-05-26 12:07:03.525 [info] Getting sessions for read:user...
2025-05-26 12:07:03.525 [info] Got 0 sessions for read:user...
2025-05-26 12:07:03.527 [info] Getting sessions for user:email...
2025-05-26 12:07:03.527 [info] Got 0 sessions for user:email...
2025-05-26 12:07:03.664 [info] Getting sessions for read:user,repo,user:email,workflow...
2025-05-26 12:07:03.664 [info] Got 0 sessions for read:user,repo,user:email,workflow...
2025-05-26 12:07:03.667 [info] Getting sessions for read:user...
2025-05-26 12:07:03.667 [info] Got 0 sessions for read:user...
2025-05-26 12:07:03.673 [info] Getting sessions for user:email...
2025-05-26 12:07:03.673 [info] Got 0 sessions for user:email...
2025-05-26 12:07:03.803 [info] Getting sessions for read:user,repo,user:email,workflow...
2025-05-26 12:07:03.803 [info] Got 0 sessions for read:user,repo,user:email,workflow...
2025-05-26 12:07:03.820 [info] Getting sessions for read:user...
2025-05-26 12:07:03.820 [info] Got 0 sessions for read:user...
2025-05-26 12:07:03.841 [info] Getting sessions for user:email...
2025-05-26 12:07:03.841 [info] Got 0 sessions for user:email...
2025-05-26 12:07:04.183 [info] Getting sessions for read:user,repo,user:email,workflow...
2025-05-26 12:07:04.183 [info] Got 0 sessions for read:user,repo,user:email,workflow...
2025-05-26 12:07:04.212 [info] Getting sessions for read:user...
2025-05-26 12:07:04.212 [info] Got 0 sessions for read:user...
2025-05-26 12:07:04.215 [info] Getting sessions for user:email...
2025-05-26 12:07:04.215 [info] Got 0 sessions for user:email...
2025-05-26 12:07:04.407 [info] Getting sessions for read:user,repo,user:email,workflow...
2025-05-26 12:07:04.407 [info] Got 0 sessions for read:user,repo,user:email,workflow...
2025-05-26 12:07:04.459 [info] Getting sessions for read:user...
2025-05-26 12:07:04.459 [info] Got 0 sessions for read:user...
2025-05-26 12:07:04.462 [info] Getting sessions for user:email...
2025-05-26 12:07:04.462 [info] Got 0 sessions for user:email...
2025-05-26 12:07:04.587 [info] Getting sessions for read:user,repo,user:email,workflow...
2025-05-26 12:07:04.587 [info] Got 0 sessions for read:user,repo,user:email,workflow...
2025-05-26 12:07:04.593 [info] Getting sessions for read:user...
2025-05-26 12:07:04.593 [info] Got 0 sessions for read:user...
2025-05-26 12:07:04.596 [info] Getting sessions for user:email...
2025-05-26 12:07:04.596 [info] Got 0 sessions for user:email...
2025-05-26 12:07:04.741 [info] Getting sessions for read:user,repo,user:email,workflow...
2025-05-26 12:07:04.741 [info] Got 0 sessions for read:user,repo,user:email,workflow...
2025-05-26 12:07:04.744 [info] Getting sessions for read:user...
2025-05-26 12:07:04.744 [info] Got 0 sessions for read:user...
2025-05-26 12:07:04.746 [info] Getting sessions for user:email...
2025-05-26 12:07:04.746 [info] Got 0 sessions for user:email...
2025-05-26 12:07:04.903 [info] Getting sessions for read:user,repo,user:email,workflow...
2025-05-26 12:07:04.903 [info] Got 0 sessions for read:user,repo,user:email,workflow...
2025-05-26 12:07:04.971 [info] Getting sessions for read:user...
2025-05-26 12:07:04.971 [info] Got 0 sessions for read:user...
2025-05-26 12:07:04.974 [info] Getting sessions for user:email...
2025-05-26 12:07:04.975 [info] Got 0 sessions for user:email...
2025-05-26 12:07:05.113 [info] Getting sessions for read:user,repo,user:email,workflow...
2025-05-26 12:07:05.113 [info] Got 0 sessions for read:user,repo,user:email,workflow...
2025-05-26 12:07:05.122 [info] Getting sessions for read:user...
2025-05-26 12:07:05.122 [info] Got 0 sessions for read:user...
2025-05-26 12:07:05.126 [info] Getting sessions for user:email...
2025-05-26 12:07:05.126 [info] Got 0 sessions for user:email...
2025-05-26 12:07:05.261 [info] Getting sessions for read:user,repo,user:email,workflow...
2025-05-26 12:07:05.262 [info] Got 0 sessions for read:user,repo,user:email,workflow...
2025-05-26 12:07:05.669 [info] Getting sessions for read:user...
2025-05-26 12:07:05.670 [info] Got 0 sessions for read:user...
2025-05-26 12:07:05.790 [info] Getting sessions for user:email...
2025-05-26 12:07:05.790 [info] Got 0 sessions for user:email...
2025-05-26 12:07:05.953 [info] Getting sessions for read:user,repo,user:email,workflow...
2025-05-26 12:07:05.957 [info] Got 0 sessions for read:user,repo,user:email,workflow...
2025-05-26 12:07:06.015 [info] Getting sessions for read:user...
2025-05-26 12:07:06.016 [info] Got 0 sessions for read:user...
2025-05-26 12:07:06.019 [info] Getting sessions for user:email...
2025-05-26 12:07:06.019 [info] Got 0 sessions for user:email...
2025-05-26 12:07:06.174 [info] Getting sessions for read:user,repo,user:email,workflow...
2025-05-26 12:07:06.174 [info] Got 0 sessions for read:user,repo,user:email,workflow...
2025-05-26 12:07:06.179 [info] Getting sessions for read:user...
2025-05-26 12:07:06.179 [info] Got 0 sessions for read:user...
2025-05-26 12:07:06.183 [info] Getting sessions for user:email...
2025-05-26 12:07:06.183 [info] Got 0 sessions for user:email...
2025-05-26 12:07:06.289 [info] Getting sessions for read:user,repo,user:email,workflow...
2025-05-26 12:07:06.289 [info] Got 0 sessions for read:user,repo,user:email,workflow...
2025-05-26 12:07:06.291 [info] Getting sessions for read:user...
2025-05-26 12:07:06.291 [info] Got 0 sessions for read:user...
2025-05-26 12:07:06.293 [info] Getting sessions for user:email...
2025-05-26 12:07:06.293 [info] Got 0 sessions for user:email...
2025-05-26 12:07:06.443 [info] Getting sessions for read:user,repo,user:email,workflow...
2025-05-26 12:07:06.443 [info] Got 0 sessions for read:user,repo,user:email,workflow...
2025-05-26 12:07:06.446 [info] Getting sessions for read:user...
2025-05-26 12:07:06.447 [info] Got 0 sessions for read:user...
2025-05-26 12:07:06.458 [info] Getting sessions for user:email...
2025-05-26 12:07:06.458 [info] Got 0 sessions for user:email...
2025-05-26 12:07:06.658 [info] Getting sessions for read:user,repo,user:email,workflow...
2025-05-26 12:07:06.658 [info] Got 0 sessions for read:user,repo,user:email,workflow...
2025-05-26 12:07:06.734 [info] Getting sessions for read:user...
2025-05-26 12:07:06.734 [info] Got 0 sessions for read:user...
2025-05-26 12:07:06.855 [info] Getting sessions for user:email...
2025-05-26 12:07:06.856 [info] Got 0 sessions for user:email...
2025-05-26 12:07:07.227 [info] Getting sessions for read:user,repo,user:email,workflow...
2025-05-26 12:07:07.230 [info] Got 0 sessions for read:user,repo,user:email,workflow...
2025-05-26 12:07:07.320 [info] Getting sessions for read:user...
2025-05-26 12:07:07.320 [info] Got 0 sessions for read:user...
2025-05-26 12:07:07.343 [info] Getting sessions for user:email...
2025-05-26 12:07:07.343 [info] Got 0 sessions for user:email...
2025-05-26 12:07:07.543 [info] Getting sessions for read:user,repo,user:email,workflow...
2025-05-26 12:07:07.543 [info] Got 0 sessions for read:user,repo,user:email,workflow...
2025-05-26 12:07:07.545 [info] Getting sessions for read:user...
2025-05-26 12:07:07.545 [info] Got 0 sessions for read:user...
2025-05-26 12:07:07.549 [info] Getting sessions for user:email...
2025-05-26 12:07:07.549 [info] Got 0 sessions for user:email...
2025-05-26 12:07:07.650 [info] Getting sessions for read:user,repo,user:email,workflow...
2025-05-26 12:07:07.650 [info] Got 0 sessions for read:user,repo,user:email,workflow...
2025-05-26 12:07:07.653 [info] Getting sessions for read:user...
2025-05-26 12:07:07.653 [info] Got 0 sessions for read:user...
2025-05-26 12:07:07.655 [info] Getting sessions for user:email...
2025-05-26 12:07:07.655 [info] Got 0 sessions for user:email...
2025-05-26 12:07:07.855 [info] Getting sessions for read:user,repo,user:email,workflow...
2025-05-26 12:07:07.855 [info] Got 0 sessions for read:user,repo,user:email,workflow...
2025-05-26 12:07:07.953 [info] Getting sessions for read:user...
2025-05-26 12:07:07.953 [info] Got 0 sessions for read:user...
2025-05-26 12:07:07.955 [info] Getting sessions for user:email...
2025-05-26 12:07:07.956 [info] Got 0 sessions for user:email...
2025-05-26 12:07:08.139 [info] Getting sessions for read:user,repo,user:email,workflow...
2025-05-26 12:07:08.139 [info] Got 0 sessions for read:user,repo,user:email,workflow...
2025-05-26 12:07:08.155 [info] Getting sessions for read:user...
2025-05-26 12:07:08.155 [info] Got 0 sessions for read:user...
2025-05-26 12:07:08.190 [info] Getting sessions for user:email...
2025-05-26 12:07:08.190 [info] Got 0 sessions for user:email...
2025-05-26 12:07:08.304 [info] Getting sessions for read:user,repo,user:email,workflow...
2025-05-26 12:07:08.304 [info] Got 0 sessions for read:user,repo,user:email,workflow...
2025-05-26 12:07:08.306 [info] Getting sessions for read:user...
2025-05-26 12:07:08.306 [info] Got 0 sessions for read:user...
2025-05-26 12:07:08.309 [info] Getting sessions for user:email...
2025-05-26 12:07:08.309 [info] Got 0 sessions for user:email...
2025-05-26 12:07:08.427 [info] Getting sessions for read:user,repo,user:email,workflow...
2025-05-26 12:07:08.427 [info] Got 0 sessions for read:user,repo,user:email,workflow...
2025-05-26 12:07:08.431 [info] Getting sessions for read:user...
2025-05-26 12:07:08.431 [info] Got 0 sessions for read:user...
2025-05-26 12:07:08.459 [info] Getting sessions for user:email...
2025-05-26 12:07:08.459 [info] Got 0 sessions for user:email...
2025-05-26 12:07:08.630 [info] Getting sessions for read:user,repo,user:email,workflow...
2025-05-26 12:07:08.631 [info] Got 0 sessions for read:user,repo,user:email,workflow...
2025-05-26 12:07:08.686 [info] Getting sessions for read:user...
2025-05-26 12:07:08.686 [info] Got 0 sessions for read:user...
2025-05-26 12:07:08.689 [info] Getting sessions for user:email...
2025-05-26 12:07:08.689 [info] Got 0 sessions for user:email...
2025-05-26 12:07:09.153 [info] Getting sessions for read:user,repo,user:email,workflow...
2025-05-26 12:07:09.153 [info] Got 0 sessions for read:user,repo,user:email,workflow...
2025-05-26 12:07:09.155 [info] Getting sessions for read:user...
2025-05-26 12:07:09.155 [info] Got 0 sessions for read:user...
2025-05-26 12:07:09.157 [info] Getting sessions for user:email...
2025-05-26 12:07:09.157 [info] Got 0 sessions for user:email...
2025-05-26 12:07:11.415 [info] Getting sessions for read:user,repo,user:email,workflow...
2025-05-26 12:07:11.416 [info] Got 0 sessions for read:user,repo,user:email,workflow...
2025-05-26 12:07:11.418 [info] Getting sessions for read:user...
2025-05-26 12:07:11.418 [info] Got 0 sessions for read:user...
2025-05-26 12:07:11.421 [info] Getting sessions for user:email...
2025-05-26 12:07:11.421 [info] Got 0 sessions for user:email...
2025-05-26 12:07:11.587 [info] Getting sessions for read:user,repo,user:email,workflow...
2025-05-26 12:07:11.587 [info] Got 0 sessions for read:user,repo,user:email,workflow...
2025-05-26 12:07:11.589 [info] Getting sessions for read:user...
2025-05-26 12:07:11.589 [info] Got 0 sessions for read:user...
2025-05-26 12:07:11.591 [info] Getting sessions for user:email...
2025-05-26 12:07:11.591 [info] Got 0 sessions for user:email...
2025-05-26 12:07:11.796 [info] Getting sessions for read:user,repo,user:email,workflow...
2025-05-26 12:07:11.796 [info] Got 0 sessions for read:user,repo,user:email,workflow...
2025-05-26 12:07:11.798 [info] Getting sessions for read:user...
2025-05-26 12:07:11.798 [info] Got 0 sessions for read:user...
2025-05-26 12:07:11.801 [info] Getting sessions for user:email...
2025-05-26 12:07:11.801 [info] Got 0 sessions for user:email...
2025-05-26 12:07:11.980 [info] Getting sessions for read:user,repo,user:email,workflow...
2025-05-26 12:07:11.980 [info] Got 0 sessions for read:user,repo,user:email,workflow...
2025-05-26 12:07:11.984 [info] Getting sessions for read:user...
2025-05-26 12:07:11.984 [info] Got 0 sessions for read:user...
2025-05-26 12:07:11.985 [info] Getting sessions for user:email...
2025-05-26 12:07:11.986 [info] Got 0 sessions for user:email...
2025-05-26 12:07:12.182 [info] Getting sessions for read:user,repo,user:email,workflow...
2025-05-26 12:07:12.182 [info] Got 0 sessions for read:user,repo,user:email,workflow...
2025-05-26 12:07:12.184 [info] Getting sessions for read:user...
2025-05-26 12:07:12.185 [info] Got 0 sessions for read:user...
2025-05-26 12:07:12.187 [info] Getting sessions for user:email...
2025-05-26 12:07:12.187 [info] Got 0 sessions for user:email...
2025-05-26 12:07:12.782 [info] Getting sessions for read:user,repo,user:email,workflow...
2025-05-26 12:07:12.782 [info] Got 0 sessions for read:user,repo,user:email,workflow...
2025-05-26 12:07:12.784 [info] Getting sessions for read:user...
2025-05-26 12:07:12.784 [info] Got 0 sessions for read:user...
2025-05-26 12:07:12.786 [info] Getting sessions for user:email...
2025-05-26 12:07:12.787 [info] Got 0 sessions for user:email...
2025-05-26 12:07:13.048 [info] Getting sessions for read:user,repo,user:email,workflow...
2025-05-26 12:07:13.049 [info] Got 0 sessions for read:user,repo,user:email,workflow...
2025-05-26 12:07:13.081 [info] Getting sessions for read:user...
2025-05-26 12:07:13.081 [info] Got 0 sessions for read:user...
2025-05-26 12:07:13.083 [info] Getting sessions for user:email...
2025-05-26 12:07:13.083 [info] Got 0 sessions for user:email...
2025-05-26 12:07:13.258 [info] Getting sessions for read:user,repo,user:email,workflow...
2025-05-26 12:07:13.258 [info] Got 0 sessions for read:user,repo,user:email,workflow...
2025-05-26 12:07:13.264 [info] Getting sessions for read:user...
2025-05-26 12:07:13.265 [info] Got 0 sessions for read:user...
2025-05-26 12:07:13.267 [info] Getting sessions for user:email...
2025-05-26 12:07:13.267 [info] Got 0 sessions for user:email...
2025-05-26 12:07:13.514 [info] Getting sessions for read:user,repo,user:email,workflow...
2025-05-26 12:07:13.514 [info] Got 0 sessions for read:user,repo,user:email,workflow...
2025-05-26 12:07:13.516 [info] Getting sessions for read:user...
2025-05-26 12:07:13.516 [info] Got 0 sessions for read:user...
2025-05-26 12:07:13.518 [info] Getting sessions for user:email...
2025-05-26 12:07:13.518 [info] Got 0 sessions for user:email...
2025-05-26 12:07:13.804 [info] Getting sessions for read:user,repo,user:email,workflow...
2025-05-26 12:07:13.804 [info] Got 0 sessions for read:user,repo,user:email,workflow...
2025-05-26 12:07:13.807 [info] Getting sessions for read:user...
2025-05-26 12:07:13.807 [info] Got 0 sessions for read:user...
2025-05-26 12:07:13.813 [info] Getting sessions for user:email...
2025-05-26 12:07:13.813 [info] Got 0 sessions for user:email...
2025-05-26 12:07:14.394 [info] Getting sessions for read:user,repo,user:email,workflow...
2025-05-26 12:07:14.394 [info] Got 0 sessions for read:user,repo,user:email,workflow...
2025-05-26 12:07:14.456 [info] Getting sessions for read:user...
2025-05-26 12:07:14.456 [info] Got 0 sessions for read:user...
2025-05-26 12:07:14.475 [info] Getting sessions for user:email...
2025-05-26 12:07:14.475 [info] Got 0 sessions for user:email...
2025-05-26 12:07:14.772 [info] Getting sessions for read:user,repo,user:email,workflow...
2025-05-26 12:07:14.772 [info] Got 0 sessions for read:user,repo,user:email,workflow...
2025-05-26 12:07:14.774 [info] Getting sessions for read:user...
2025-05-26 12:07:14.774 [info] Got 0 sessions for read:user...
2025-05-26 12:07:14.787 [info] Getting sessions for user:email...
2025-05-26 12:07:14.788 [info] Got 0 sessions for user:email...
2025-05-26 12:08:23.506 [info] Getting sessions for read:user,repo,user:email,workflow...
2025-05-26 12:08:23.507 [info] Got 0 sessions for read:user,repo,user:email,workflow...
2025-05-26 12:08:23.509 [info] Getting sessions for read:user...
2025-05-26 12:08:23.509 [info] Got 0 sessions for read:user...
2025-05-26 12:08:23.511 [info] Getting sessions for user:email...
2025-05-26 12:08:23.511 [info] Got 0 sessions for user:email...
2025-05-26 12:08:24.729 [info] Getting sessions for read:user,repo,user:email,workflow...
2025-05-26 12:08:24.729 [info] Got 0 sessions for read:user,repo,user:email,workflow...
2025-05-26 12:08:24.732 [info] Getting sessions for read:user...
2025-05-26 12:08:24.732 [info] Got 0 sessions for read:user...
2025-05-26 12:08:24.734 [info] Getting sessions for user:email...
2025-05-26 12:08:24.734 [info] Got 0 sessions for user:email...
2025-05-26 12:08:25.388 [info] Getting sessions for read:user,repo,user:email,workflow...
2025-05-26 12:08:25.388 [info] Got 0 sessions for read:user,repo,user:email,workflow...
2025-05-26 12:08:25.394 [info] Getting sessions for read:user...
2025-05-26 12:08:25.395 [info] Got 0 sessions for read:user...
2025-05-26 12:08:25.398 [info] Getting sessions for user:email...
2025-05-26 12:08:25.398 [info] Got 0 sessions for user:email...
2025-05-26 12:08:29.462 [info] Getting sessions for read:user,repo,user:email,workflow...
2025-05-26 12:08:29.463 [info] Got 0 sessions for read:user,repo,user:email,workflow...
2025-05-26 12:08:29.465 [info] Getting sessions for read:user...
2025-05-26 12:08:29.466 [info] Got 0 sessions for read:user...
2025-05-26 12:08:29.468 [info] Getting sessions for user:email...
2025-05-26 12:08:29.468 [info] Got 0 sessions for user:email...
2025-05-26 12:19:27.430 [info] Getting sessions for read:user,repo,user:email,workflow...
2025-05-26 12:19:27.431 [info] Got 0 sessions for read:user,repo,user:email,workflow...
2025-05-26 12:19:27.434 [info] Getting sessions for read:user...
2025-05-26 12:19:27.434 [info] Got 0 sessions for read:user...
2025-05-26 12:19:27.436 [info] Getting sessions for user:email...
2025-05-26 12:19:27.436 [info] Got 0 sessions for user:email...
2025-05-26 12:19:53.186 [info] Getting sessions for read:user,repo,user:email,workflow...
2025-05-26 12:19:53.187 [info] Got 0 sessions for read:user,repo,user:email,workflow...
2025-05-26 12:19:53.192 [info] Getting sessions for read:user...
2025-05-26 12:19:53.192 [info] Got 0 sessions for read:user...
2025-05-26 12:19:53.196 [info] Getting sessions for user:email...
2025-05-26 12:19:53.196 [info] Got 0 sessions for user:email...
2025-05-26 12:21:24.491 [info] Getting sessions for all scopes...
2025-05-26 12:21:24.492 [info] Got 0 sessions for ...
2025-05-26 12:21:24.503 [info] Getting sessions for user:email...
2025-05-26 12:21:24.503 [info] Got 0 sessions for user:email...
2025-05-26 12:21:24.506 [info] Getting sessions for all scopes...
2025-05-26 12:21:24.506 [info] Got 0 sessions for ...
2025-05-26 12:21:24.509 [info] Getting sessions for user:email...
2025-05-26 12:21:24.509 [info] Got 0 sessions for user:email...
2025-05-26 12:31:03.943 [info] Getting sessions for read:user,repo,user:email,workflow...
2025-05-26 12:31:03.976 [info] Got 0 sessions for read:user,repo,user:email,workflow...
2025-05-26 12:31:03.979 [info] Getting sessions for read:user...
2025-05-26 12:31:03.979 [info] Got 0 sessions for read:user...
2025-05-26 12:31:03.980 [info] Getting sessions for user:email...
2025-05-26 12:31:03.980 [info] Got 0 sessions for user:email...
2025-05-26 12:31:06.854 [info] Getting sessions for read:user,repo,user:email,workflow...
2025-05-26 12:31:06.854 [info] Got 0 sessions for read:user,repo,user:email,workflow...
2025-05-26 12:31:06.866 [info] Getting sessions for read:user...
2025-05-26 12:31:06.866 [info] Got 0 sessions for read:user...
2025-05-26 12:31:06.878 [info] Getting sessions for user:email...
2025-05-26 12:31:06.884 [info] Got 0 sessions for user:email...
2025-05-26 12:31:08.251 [info] Getting sessions for read:user,repo,user:email,workflow...
2025-05-26 12:31:08.251 [info] Got 0 sessions for read:user,repo,user:email,workflow...
2025-05-26 12:31:08.261 [info] Getting sessions for read:user...
2025-05-26 12:31:08.261 [info] Got 0 sessions for read:user...
2025-05-26 12:31:08.269 [info] Getting sessions for user:email...
2025-05-26 12:31:08.269 [info] Got 0 sessions for user:email...
2025-05-26 12:31:09.245 [info] Getting sessions for read:user,repo,user:email,workflow...
2025-05-26 12:31:09.245 [info] Got 0 sessions for read:user,repo,user:email,workflow...
2025-05-26 12:31:09.250 [info] Getting sessions for read:user...
2025-05-26 12:31:09.250 [info] Got 0 sessions for read:user...
2025-05-26 12:31:09.263 [info] Getting sessions for user:email...
2025-05-26 12:31:09.263 [info] Got 0 sessions for user:email...
2025-05-26 12:31:16.868 [info] Getting sessions for read:user,repo,user:email,workflow...
2025-05-26 12:31:16.868 [info] Got 0 sessions for read:user,repo,user:email,workflow...
2025-05-26 12:31:16.874 [info] Getting sessions for read:user...
2025-05-26 12:31:16.874 [info] Got 0 sessions for read:user...
2025-05-26 12:31:16.879 [info] Getting sessions for user:email...
2025-05-26 12:31:16.879 [info] Got 0 sessions for user:email...
2025-05-26 12:31:19.778 [info] Getting sessions for read:user,repo,user:email,workflow...
2025-05-26 12:31:19.778 [info] Got 0 sessions for read:user,repo,user:email,workflow...
2025-05-26 12:31:19.804 [info] Getting sessions for read:user...
2025-05-26 12:31:19.804 [info] Got 0 sessions for read:user...
2025-05-26 12:31:19.823 [info] Getting sessions for user:email...
2025-05-26 12:31:19.823 [info] Got 0 sessions for user:email...
2025-05-26 12:31:30.495 [info] Getting sessions for read:user,repo,user:email,workflow...
2025-05-26 12:31:30.496 [info] Got 0 sessions for read:user,repo,user:email,workflow...
2025-05-26 12:31:30.507 [info] Getting sessions for read:user...
2025-05-26 12:31:30.507 [info] Got 0 sessions for read:user...
2025-05-26 12:31:30.509 [info] Getting sessions for user:email...
2025-05-26 12:31:30.510 [info] Got 0 sessions for user:email...
2025-05-26 12:31:32.457 [info] Getting sessions for read:user,repo,user:email,workflow...
2025-05-26 12:31:32.457 [info] Got 0 sessions for read:user,repo,user:email,workflow...
2025-05-26 12:31:32.464 [info] Getting sessions for read:user...
2025-05-26 12:31:32.464 [info] Got 0 sessions for read:user...
2025-05-26 12:31:32.469 [info] Getting sessions for user:email...
2025-05-26 12:31:32.469 [info] Got 0 sessions for user:email...
2025-05-26 12:31:33.256 [info] Getting sessions for read:user,repo,user:email,workflow...
2025-05-26 12:31:33.256 [info] Got 0 sessions for read:user,repo,user:email,workflow...
2025-05-26 12:31:33.302 [info] Getting sessions for read:user...
2025-05-26 12:31:33.303 [info] Got 0 sessions for read:user...
2025-05-26 12:31:33.342 [info] Getting sessions for user:email...
2025-05-26 12:31:33.342 [info] Got 0 sessions for user:email...
2025-05-26 12:31:35.017 [info] Getting sessions for read:user,repo,user:email,workflow...
2025-05-26 12:31:35.017 [info] Got 0 sessions for read:user,repo,user:email,workflow...
2025-05-26 12:31:35.021 [info] Getting sessions for read:user...
2025-05-26 12:31:35.021 [info] Got 0 sessions for read:user...
2025-05-26 12:31:35.031 [info] Getting sessions for user:email...
2025-05-26 12:31:35.032 [info] Got 0 sessions for user:email...
2025-05-26 12:31:35.289 [info] Getting sessions for read:user,repo,user:email,workflow...
2025-05-26 12:31:35.289 [info] Got 0 sessions for read:user,repo,user:email,workflow...
2025-05-26 12:31:35.298 [info] Getting sessions for read:user...
2025-05-26 12:31:35.298 [info] Got 0 sessions for read:user...
2025-05-26 12:31:35.302 [info] Getting sessions for user:email...
2025-05-26 12:31:35.302 [info] Got 0 sessions for user:email...
2025-05-26 12:31:35.451 [info] Getting sessions for read:user,repo,user:email,workflow...
2025-05-26 12:31:35.451 [info] Got 0 sessions for read:user,repo,user:email,workflow...
2025-05-26 12:31:35.454 [info] Getting sessions for read:user...
2025-05-26 12:31:35.454 [info] Got 0 sessions for read:user...
2025-05-26 12:31:35.464 [info] Getting sessions for user:email...
2025-05-26 12:31:35.464 [info] Got 0 sessions for user:email...
2025-05-26 12:31:35.894 [info] Getting sessions for read:user,repo,user:email,workflow...
2025-05-26 12:31:35.894 [info] Got 0 sessions for read:user,repo,user:email,workflow...
2025-05-26 12:31:35.905 [info] Getting sessions for read:user...
2025-05-26 12:31:35.905 [info] Got 0 sessions for read:user...
2025-05-26 12:31:35.918 [info] Getting sessions for user:email...
2025-05-26 12:31:35.918 [info] Got 0 sessions for user:email...
2025-05-26 12:31:41.872 [info] Getting sessions for read:user,repo,user:email,workflow...
2025-05-26 12:31:41.872 [info] Got 0 sessions for read:user,repo,user:email,workflow...
2025-05-26 12:31:41.874 [info] Getting sessions for read:user...
2025-05-26 12:31:41.874 [info] Got 0 sessions for read:user...
2025-05-26 12:31:41.876 [info] Getting sessions for user:email...
2025-05-26 12:31:41.876 [info] Got 0 sessions for user:email...
2025-05-26 12:31:42.111 [info] Getting sessions for read:user,repo,user:email,workflow...
2025-05-26 12:31:42.111 [info] Got 0 sessions for read:user,repo,user:email,workflow...
2025-05-26 12:31:42.113 [info] Getting sessions for read:user...
2025-05-26 12:31:42.113 [info] Got 0 sessions for read:user...
2025-05-26 12:31:42.115 [info] Getting sessions for user:email...
2025-05-26 12:31:42.115 [info] Got 0 sessions for user:email...
2025-05-26 12:31:43.404 [info] Getting sessions for read:user,repo,user:email,workflow...
2025-05-26 12:31:43.404 [info] Got 0 sessions for read:user,repo,user:email,workflow...
2025-05-26 12:31:43.409 [info] Getting sessions for read:user...
2025-05-26 12:31:43.409 [info] Got 0 sessions for read:user...
2025-05-26 12:31:43.412 [info] Getting sessions for user:email...
2025-05-26 12:31:43.412 [info] Got 0 sessions for user:email...
2025-05-26 12:31:43.692 [info] Getting sessions for read:user,repo,user:email,workflow...
2025-05-26 12:31:43.692 [info] Got 0 sessions for read:user,repo,user:email,workflow...
2025-05-26 12:31:43.705 [info] Getting sessions for read:user...
2025-05-26 12:31:43.705 [info] Got 0 sessions for read:user...
2025-05-26 12:31:43.713 [info] Getting sessions for user:email...
2025-05-26 12:31:43.713 [info] Got 0 sessions for user:email...
2025-05-26 12:31:47.228 [info] Getting sessions for read:user,repo,user:email,workflow...
2025-05-26 12:31:47.229 [info] Got 0 sessions for read:user,repo,user:email,workflow...
2025-05-26 12:31:47.246 [info] Getting sessions for read:user...
2025-05-26 12:31:47.246 [info] Got 0 sessions for read:user...
2025-05-26 12:31:47.252 [info] Getting sessions for user:email...
2025-05-26 12:31:47.252 [info] Got 0 sessions for user:email...
2025-05-26 12:31:58.630 [info] Getting sessions for read:user,repo,user:email,workflow...
2025-05-26 12:31:58.630 [info] Got 0 sessions for read:user,repo,user:email,workflow...
2025-05-26 12:31:58.638 [info] Getting sessions for read:user...
2025-05-26 12:31:58.638 [info] Got 0 sessions for read:user...
2025-05-26 12:31:58.641 [info] Getting sessions for user:email...
2025-05-26 12:31:58.641 [info] Got 0 sessions for user:email...
2025-05-26 12:31:59.213 [info] Getting sessions for read:user,repo,user:email,workflow...
2025-05-26 12:31:59.213 [info] Got 0 sessions for read:user,repo,user:email,workflow...
2025-05-26 12:31:59.215 [info] Getting sessions for read:user...
2025-05-26 12:31:59.216 [info] Got 0 sessions for read:user...
2025-05-26 12:31:59.218 [info] Getting sessions for user:email...
2025-05-26 12:31:59.218 [info] Got 0 sessions for user:email...
2025-05-26 12:32:03.628 [info] Getting sessions for read:user,repo,user:email,workflow...
2025-05-26 12:32:03.628 [info] Got 0 sessions for read:user,repo,user:email,workflow...
2025-05-26 12:32:03.636 [info] Getting sessions for read:user...
2025-05-26 12:32:03.636 [info] Got 0 sessions for read:user...
2025-05-26 12:32:03.639 [info] Getting sessions for user:email...
2025-05-26 12:32:03.639 [info] Got 0 sessions for user:email...
2025-05-26 12:32:04.373 [info] Getting sessions for read:user,repo,user:email,workflow...
2025-05-26 12:32:04.373 [info] Got 0 sessions for read:user,repo,user:email,workflow...
2025-05-26 12:32:04.376 [info] Getting sessions for read:user...
2025-05-26 12:32:04.376 [info] Got 0 sessions for read:user...
2025-05-26 12:32:04.380 [info] Getting sessions for user:email...
2025-05-26 12:32:04.380 [info] Got 0 sessions for user:email...
2025-05-26 12:32:07.089 [info] Getting sessions for read:user,repo,user:email,workflow...
2025-05-26 12:32:07.090 [info] Got 0 sessions for read:user,repo,user:email,workflow...
2025-05-26 12:32:07.100 [info] Getting sessions for read:user...
2025-05-26 12:32:07.100 [info] Got 0 sessions for read:user...
2025-05-26 12:32:07.105 [info] Getting sessions for user:email...
2025-05-26 12:32:07.106 [info] Got 0 sessions for user:email...
2025-05-26 12:32:07.455 [info] Getting sessions for read:user,repo,user:email,workflow...
2025-05-26 12:32:07.455 [info] Got 0 sessions for read:user,repo,user:email,workflow...
2025-05-26 12:32:07.458 [info] Getting sessions for read:user...
2025-05-26 12:32:07.458 [info] Got 0 sessions for read:user...
2025-05-26 12:32:07.462 [info] Getting sessions for user:email...
2025-05-26 12:32:07.462 [info] Got 0 sessions for user:email...
2025-05-26 12:32:08.352 [info] Getting sessions for read:user,repo,user:email,workflow...
2025-05-26 12:32:08.352 [info] Got 0 sessions for read:user,repo,user:email,workflow...
2025-05-26 12:32:08.355 [info] Getting sessions for read:user...
2025-05-26 12:32:08.355 [info] Got 0 sessions for read:user...
2025-05-26 12:32:08.359 [info] Getting sessions for user:email...
2025-05-26 12:32:08.360 [info] Got 0 sessions for user:email...
2025-05-26 12:32:08.553 [info] Getting sessions for read:user,repo,user:email,workflow...
2025-05-26 12:32:08.553 [info] Got 0 sessions for read:user,repo,user:email,workflow...
2025-05-26 12:32:08.555 [info] Getting sessions for read:user...
2025-05-26 12:32:08.555 [info] Got 0 sessions for read:user...
2025-05-26 12:32:08.557 [info] Getting sessions for user:email...
2025-05-26 12:32:08.557 [info] Got 0 sessions for user:email...
2025-05-26 12:32:10.575 [info] Getting sessions for read:user,repo,user:email,workflow...
2025-05-26 12:32:10.575 [info] Got 0 sessions for read:user,repo,user:email,workflow...
2025-05-26 12:32:10.588 [info] Getting sessions for read:user...
2025-05-26 12:32:10.590 [info] Got 0 sessions for read:user...
2025-05-26 12:32:10.594 [info] Getting sessions for user:email...
2025-05-26 12:32:10.594 [info] Got 0 sessions for user:email...
2025-05-26 12:32:10.829 [info] Getting sessions for read:user,repo,user:email,workflow...
2025-05-26 12:32:10.830 [info] Got 0 sessions for read:user,repo,user:email,workflow...
2025-05-26 12:32:10.834 [info] Getting sessions for read:user...
2025-05-26 12:32:10.834 [info] Got 0 sessions for read:user...
2025-05-26 12:32:10.836 [info] Getting sessions for user:email...
2025-05-26 12:32:10.836 [info] Got 0 sessions for user:email...
2025-05-26 12:32:11.437 [info] Getting sessions for read:user,repo,user:email,workflow...
2025-05-26 12:32:11.437 [info] Got 0 sessions for read:user,repo,user:email,workflow...
2025-05-26 12:32:11.442 [info] Getting sessions for read:user...
2025-05-26 12:32:11.442 [info] Got 0 sessions for read:user...
2025-05-26 12:32:11.468 [info] Getting sessions for user:email...
2025-05-26 12:32:11.468 [info] Got 0 sessions for user:email...
2025-05-26 12:32:11.702 [info] Getting sessions for read:user,repo,user:email,workflow...
2025-05-26 12:32:11.703 [info] Got 0 sessions for read:user,repo,user:email,workflow...
2025-05-26 12:32:11.712 [info] Getting sessions for read:user...
2025-05-26 12:32:11.713 [info] Got 0 sessions for read:user...
2025-05-26 12:32:11.716 [info] Getting sessions for user:email...
2025-05-26 12:32:11.716 [info] Got 0 sessions for user:email...
2025-05-26 12:32:13.476 [info] Getting sessions for read:user,repo,user:email,workflow...
2025-05-26 12:32:13.476 [info] Got 0 sessions for read:user,repo,user:email,workflow...
2025-05-26 12:32:13.501 [info] Getting sessions for read:user...
2025-05-26 12:32:13.502 [info] Got 0 sessions for read:user...
2025-05-26 12:32:13.514 [info] Getting sessions for user:email...
2025-05-26 12:32:13.514 [info] Got 0 sessions for user:email...
2025-05-26 12:32:13.607 [info] Getting sessions for read:user,repo,user:email,workflow...
2025-05-26 12:32:13.607 [info] Got 0 sessions for read:user,repo,user:email,workflow...
2025-05-26 12:32:13.615 [info] Getting sessions for read:user...
2025-05-26 12:32:13.615 [info] Got 0 sessions for read:user...
2025-05-26 12:32:13.617 [info] Getting sessions for user:email...
2025-05-26 12:32:13.617 [info] Got 0 sessions for user:email...
2025-05-26 12:32:14.131 [info] Getting sessions for read:user,repo,user:email,workflow...
2025-05-26 12:32:14.132 [info] Got 0 sessions for read:user,repo,user:email,workflow...
2025-05-26 12:32:14.134 [info] Getting sessions for read:user...
2025-05-26 12:32:14.134 [info] Got 0 sessions for read:user...
2025-05-26 12:32:14.136 [info] Getting sessions for user:email...
2025-05-26 12:32:14.136 [info] Got 0 sessions for user:email...
2025-05-26 12:32:14.498 [info] Getting sessions for read:user,repo,user:email,workflow...
2025-05-26 12:32:14.498 [info] Got 0 sessions for read:user,repo,user:email,workflow...
2025-05-26 12:32:14.501 [info] Getting sessions for read:user...
2025-05-26 12:32:14.501 [info] Got 0 sessions for read:user...
2025-05-26 12:32:14.515 [info] Getting sessions for user:email...
2025-05-26 12:32:14.515 [info] Got 0 sessions for user:email...
2025-05-26 12:32:17.744 [info] Getting sessions for read:user,repo,user:email,workflow...
2025-05-26 12:32:17.746 [info] Got 0 sessions for read:user,repo,user:email,workflow...
2025-05-26 12:32:17.750 [info] Getting sessions for read:user...
2025-05-26 12:32:17.750 [info] Got 0 sessions for read:user...
2025-05-26 12:32:17.761 [info] Getting sessions for user:email...
2025-05-26 12:32:17.761 [info] Got 0 sessions for user:email...
2025-05-26 12:32:18.066 [info] Getting sessions for read:user,repo,user:email,workflow...
2025-05-26 12:32:18.066 [info] Got 0 sessions for read:user,repo,user:email,workflow...
2025-05-26 12:32:18.081 [info] Getting sessions for read:user...
2025-05-26 12:32:18.082 [info] Got 0 sessions for read:user...
2025-05-26 12:32:18.085 [info] Getting sessions for user:email...
2025-05-26 12:32:18.086 [info] Got 0 sessions for user:email...
2025-05-26 12:32:18.825 [info] Getting sessions for read:user,repo,user:email,workflow...
2025-05-26 12:32:18.825 [info] Got 0 sessions for read:user,repo,user:email,workflow...
2025-05-26 12:32:18.866 [info] Getting sessions for read:user...
2025-05-26 12:32:18.866 [info] Got 0 sessions for read:user...
2025-05-26 12:32:18.875 [info] Getting sessions for user:email...
2025-05-26 12:32:18.875 [info] Got 0 sessions for user:email...
2025-05-26 12:32:19.120 [info] Getting sessions for read:user,repo,user:email,workflow...
2025-05-26 12:32:19.120 [info] Got 0 sessions for read:user,repo,user:email,workflow...
2025-05-26 12:32:19.130 [info] Getting sessions for read:user...
2025-05-26 12:32:19.130 [info] Got 0 sessions for read:user...
2025-05-26 12:32:19.133 [info] Getting sessions for user:email...
2025-05-26 12:32:19.133 [info] Got 0 sessions for user:email...
2025-05-26 12:32:20.486 [info] Getting sessions for read:user,repo,user:email,workflow...
2025-05-26 12:32:20.486 [info] Got 0 sessions for read:user,repo,user:email,workflow...
2025-05-26 12:32:20.495 [info] Getting sessions for read:user...
2025-05-26 12:32:20.495 [info] Got 0 sessions for read:user...
2025-05-26 12:32:20.515 [info] Getting sessions for user:email...
2025-05-26 12:32:20.515 [info] Got 0 sessions for user:email...
2025-05-26 12:32:20.826 [info] Getting sessions for read:user,repo,user:email,workflow...
2025-05-26 12:32:20.826 [info] Got 0 sessions for read:user,repo,user:email,workflow...
2025-05-26 12:32:20.861 [info] Getting sessions for read:user...
2025-05-26 12:32:20.861 [info] Got 0 sessions for read:user...
2025-05-26 12:32:20.882 [info] Getting sessions for user:email...
2025-05-26 12:32:20.882 [info] Got 0 sessions for user:email...
2025-05-26 12:32:21.443 [info] Getting sessions for read:user,repo,user:email,workflow...
2025-05-26 12:32:21.443 [info] Got 0 sessions for read:user,repo,user:email,workflow...
2025-05-26 12:32:21.446 [info] Getting sessions for read:user...
2025-05-26 12:32:21.446 [info] Got 0 sessions for read:user...
2025-05-26 12:32:21.450 [info] Getting sessions for user:email...
2025-05-26 12:32:21.450 [info] Got 0 sessions for user:email...
2025-05-26 12:32:21.692 [info] Getting sessions for read:user,repo,user:email,workflow...
2025-05-26 12:32:21.692 [info] Got 0 sessions for read:user,repo,user:email,workflow...
2025-05-26 12:32:21.703 [info] Getting sessions for read:user...
2025-05-26 12:32:21.703 [info] Got 0 sessions for read:user...
2025-05-26 12:32:21.706 [info] Getting sessions for user:email...
2025-05-26 12:32:21.707 [info] Got 0 sessions for user:email...
2025-05-26 12:32:26.148 [info] Getting sessions for read:user,repo,user:email,workflow...
2025-05-26 12:32:26.148 [info] Got 0 sessions for read:user,repo,user:email,workflow...
2025-05-26 12:32:26.151 [info] Getting sessions for read:user...
2025-05-26 12:32:26.151 [info] Got 0 sessions for read:user...
2025-05-26 12:32:26.153 [info] Getting sessions for user:email...
2025-05-26 12:32:26.153 [info] Got 0 sessions for user:email...
2025-05-26 12:32:27.716 [info] Getting sessions for read:user,repo,user:email,workflow...
2025-05-26 12:32:27.716 [info] Got 0 sessions for read:user,repo,user:email,workflow...
2025-05-26 12:32:27.725 [info] Getting sessions for read:user...
2025-05-26 12:32:27.725 [info] Got 0 sessions for read:user...
2025-05-26 12:32:27.736 [info] Getting sessions for user:email...
2025-05-26 12:32:27.738 [info] Got 0 sessions for user:email...
2025-05-26 12:32:28.107 [info] Getting sessions for read:user,repo,user:email,workflow...
2025-05-26 12:32:28.108 [info] Got 0 sessions for read:user,repo,user:email,workflow...
2025-05-26 12:32:28.128 [info] Getting sessions for read:user...
2025-05-26 12:32:28.128 [info] Got 0 sessions for read:user...
2025-05-26 12:32:28.144 [info] Getting sessions for user:email...
2025-05-26 12:32:28.144 [info] Got 0 sessions for user:email...
2025-05-26 12:32:28.361 [info] Getting sessions for read:user,repo,user:email,workflow...
2025-05-26 12:32:28.362 [info] Got 0 sessions for read:user,repo,user:email,workflow...
2025-05-26 12:32:28.383 [info] Getting sessions for read:user...
2025-05-26 12:32:28.383 [info] Got 0 sessions for read:user...
2025-05-26 12:32:28.394 [info] Getting sessions for user:email...
2025-05-26 12:32:28.394 [info] Got 0 sessions for user:email...
2025-05-26 12:32:28.601 [info] Getting sessions for read:user,repo,user:email,workflow...
2025-05-26 12:32:28.601 [info] Got 0 sessions for read:user,repo,user:email,workflow...
2025-05-26 12:32:28.616 [info] Getting sessions for read:user...
2025-05-26 12:32:28.616 [info] Got 0 sessions for read:user...
2025-05-26 12:32:28.628 [info] Getting sessions for user:email...
2025-05-26 12:32:28.628 [info] Got 0 sessions for user:email...
2025-05-26 12:32:37.001 [info] Getting sessions for read:user,repo,user:email,workflow...
2025-05-26 12:32:37.001 [info] Got 0 sessions for read:user,repo,user:email,workflow...
2025-05-26 12:32:37.003 [info] Getting sessions for read:user...
2025-05-26 12:32:37.003 [info] Got 0 sessions for read:user...
2025-05-26 12:32:37.005 [info] Getting sessions for user:email...
2025-05-26 12:32:37.005 [info] Got 0 sessions for user:email...
2025-05-26 12:32:37.500 [info] Getting sessions for read:user,repo,user:email,workflow...
2025-05-26 12:32:37.500 [info] Got 0 sessions for read:user,repo,user:email,workflow...
2025-05-26 12:32:37.502 [info] Getting sessions for read:user...
2025-05-26 12:32:37.502 [info] Got 0 sessions for read:user...
2025-05-26 12:32:37.512 [info] Getting sessions for user:email...
2025-05-26 12:32:37.513 [info] Got 0 sessions for user:email...
2025-05-26 12:32:43.229 [info] Getting sessions for read:user,repo,user:email,workflow...
2025-05-26 12:32:43.229 [info] Got 0 sessions for read:user,repo,user:email,workflow...
2025-05-26 12:32:43.231 [info] Getting sessions for read:user...
2025-05-26 12:32:43.231 [info] Got 0 sessions for read:user...
2025-05-26 12:32:43.233 [info] Getting sessions for user:email...
2025-05-26 12:32:43.233 [info] Got 0 sessions for user:email...
2025-05-26 12:32:47.246 [info] Getting sessions for read:user,repo,user:email,workflow...
2025-05-26 12:32:47.248 [info] Got 0 sessions for read:user,repo,user:email,workflow...
2025-05-26 12:32:47.263 [info] Getting sessions for read:user...
2025-05-26 12:32:47.263 [info] Got 0 sessions for read:user...
2025-05-26 12:32:47.285 [info] Getting sessions for user:email...
2025-05-26 12:32:47.285 [info] Got 0 sessions for user:email...
2025-05-26 12:32:50.965 [info] Getting sessions for read:user,repo,user:email,workflow...
2025-05-26 12:32:50.966 [info] Got 0 sessions for read:user,repo,user:email,workflow...
2025-05-26 12:32:50.987 [info] Getting sessions for read:user...
2025-05-26 12:32:50.987 [info] Got 0 sessions for read:user...
2025-05-26 12:32:51.018 [info] Getting sessions for user:email...
2025-05-26 12:32:51.018 [info] Got 0 sessions for user:email...
2025-05-26 12:32:56.399 [info] Getting sessions for read:user,repo,user:email,workflow...
2025-05-26 12:32:56.399 [info] Got 0 sessions for read:user,repo,user:email,workflow...
2025-05-26 12:32:56.402 [info] Getting sessions for read:user...
2025-05-26 12:32:56.402 [info] Got 0 sessions for read:user...
2025-05-26 12:32:56.404 [info] Getting sessions for user:email...
2025-05-26 12:32:56.404 [info] Got 0 sessions for user:email...
2025-05-26 12:32:59.812 [info] Getting sessions for read:user,repo,user:email,workflow...
2025-05-26 12:32:59.812 [info] Got 0 sessions for read:user,repo,user:email,workflow...
2025-05-26 12:32:59.827 [info] Getting sessions for read:user...
2025-05-26 12:32:59.827 [info] Got 0 sessions for read:user...
2025-05-26 12:32:59.836 [info] Getting sessions for user:email...
2025-05-26 12:32:59.836 [info] Got 0 sessions for user:email...
2025-05-26 12:33:02.740 [info] Getting sessions for read:user,repo,user:email,workflow...
2025-05-26 12:33:02.741 [info] Got 0 sessions for read:user,repo,user:email,workflow...
2025-05-26 12:33:02.744 [info] Getting sessions for read:user...
2025-05-26 12:33:02.744 [info] Got 0 sessions for read:user...
2025-05-26 12:33:02.749 [info] Getting sessions for user:email...
2025-05-26 12:33:02.749 [info] Got 0 sessions for user:email...
2025-05-26 12:33:06.055 [info] Getting sessions for read:user,repo,user:email,workflow...
2025-05-26 12:33:06.055 [info] Got 0 sessions for read:user,repo,user:email,workflow...
2025-05-26 12:33:06.068 [info] Getting sessions for read:user...
2025-05-26 12:33:06.068 [info] Got 0 sessions for read:user...
2025-05-26 12:33:06.072 [info] Getting sessions for user:email...
2025-05-26 12:33:06.072 [info] Got 0 sessions for user:email...
2025-05-26 12:33:10.118 [info] Getting sessions for read:user,repo,user:email,workflow...
2025-05-26 12:33:10.118 [info] Got 0 sessions for read:user,repo,user:email,workflow...
2025-05-26 12:33:10.125 [info] Getting sessions for read:user...
2025-05-26 12:33:10.126 [info] Got 0 sessions for read:user...
2025-05-26 12:33:10.128 [info] Getting sessions for user:email...
2025-05-26 12:33:10.128 [info] Got 0 sessions for user:email...
2025-05-26 12:33:13.941 [info] Getting sessions for read:user,repo,user:email,workflow...
2025-05-26 12:33:13.941 [info] Got 0 sessions for read:user,repo,user:email,workflow...
2025-05-26 12:33:13.945 [info] Getting sessions for read:user...
2025-05-26 12:33:13.945 [info] Got 0 sessions for read:user...
2025-05-26 12:33:13.950 [info] Getting sessions for user:email...
2025-05-26 12:33:13.950 [info] Got 0 sessions for user:email...
2025-05-26 12:33:25.753 [info] Getting sessions for read:user,repo,user:email,workflow...
2025-05-26 12:33:25.753 [info] Got 0 sessions for read:user,repo,user:email,workflow...
2025-05-26 12:33:25.767 [info] Getting sessions for read:user...
2025-05-26 12:33:25.767 [info] Got 0 sessions for read:user...
2025-05-26 12:33:25.771 [info] Getting sessions for user:email...
2025-05-26 12:33:25.772 [info] Got 0 sessions for user:email...
2025-05-26 12:33:26.849 [info] Getting sessions for read:user,repo,user:email,workflow...
2025-05-26 12:33:26.850 [info] Got 0 sessions for read:user,repo,user:email,workflow...
2025-05-26 12:33:26.956 [info] Getting sessions for read:user...
2025-05-26 12:33:26.956 [info] Got 0 sessions for read:user...
2025-05-26 12:33:27.078 [info] Getting sessions for user:email...
2025-05-26 12:33:27.079 [info] Got 0 sessions for user:email...
2025-05-26 12:33:29.816 [info] Getting sessions for read:user,repo,user:email,workflow...
2025-05-26 12:33:29.816 [info] Got 0 sessions for read:user,repo,user:email,workflow...
2025-05-26 12:33:29.831 [info] Getting sessions for read:user...
2025-05-26 12:33:29.832 [info] Got 0 sessions for read:user...
2025-05-26 12:33:29.834 [info] Getting sessions for user:email...
2025-05-26 12:33:29.834 [info] Got 0 sessions for user:email...
2025-05-26 12:33:30.543 [info] Getting sessions for read:user,repo,user:email,workflow...
2025-05-26 12:33:30.543 [info] Got 0 sessions for read:user,repo,user:email,workflow...
2025-05-26 12:33:30.545 [info] Getting sessions for read:user...
2025-05-26 12:33:30.545 [info] Got 0 sessions for read:user...
2025-05-26 12:33:30.549 [info] Getting sessions for user:email...
2025-05-26 12:33:30.549 [info] Got 0 sessions for user:email...
2025-05-26 12:33:31.698 [info] Getting sessions for read:user,repo,user:email,workflow...
2025-05-26 12:33:31.698 [info] Got 0 sessions for read:user,repo,user:email,workflow...
2025-05-26 12:33:31.708 [info] Getting sessions for read:user...
2025-05-26 12:33:31.708 [info] Got 0 sessions for read:user...
2025-05-26 12:33:31.728 [info] Getting sessions for user:email...
2025-05-26 12:33:31.728 [info] Got 0 sessions for user:email...
2025-05-26 12:33:31.971 [info] Getting sessions for read:user,repo,user:email,workflow...
2025-05-26 12:33:31.972 [info] Got 0 sessions for read:user,repo,user:email,workflow...
2025-05-26 12:33:31.978 [info] Getting sessions for read:user...
2025-05-26 12:33:31.978 [info] Got 0 sessions for read:user...
2025-05-26 12:33:31.989 [info] Getting sessions for user:email...
2025-05-26 12:33:31.989 [info] Got 0 sessions for user:email...
2025-05-26 12:33:32.621 [info] Getting sessions for read:user,repo,user:email,workflow...
2025-05-26 12:33:32.621 [info] Got 0 sessions for read:user,repo,user:email,workflow...
2025-05-26 12:33:32.629 [info] Getting sessions for read:user...
2025-05-26 12:33:32.630 [info] Got 0 sessions for read:user...
2025-05-26 12:33:32.640 [info] Getting sessions for user:email...
2025-05-26 12:33:32.640 [info] Got 0 sessions for user:email...
2025-05-26 12:33:34.109 [info] Getting sessions for read:user,repo,user:email,workflow...
2025-05-26 12:33:34.111 [info] Got 0 sessions for read:user,repo,user:email,workflow...
2025-05-26 12:33:34.222 [info] Getting sessions for read:user...
2025-05-26 12:33:34.222 [info] Got 0 sessions for read:user...
2025-05-26 12:33:34.268 [info] Getting sessions for user:email...
2025-05-26 12:33:34.268 [info] Got 0 sessions for user:email...
2025-05-26 12:33:36.387 [info] Getting sessions for read:user,repo,user:email,workflow...
2025-05-26 12:33:36.388 [info] Got 0 sessions for read:user,repo,user:email,workflow...
2025-05-26 12:33:36.391 [info] Getting sessions for read:user...
2025-05-26 12:33:36.391 [info] Got 0 sessions for read:user...
2025-05-26 12:33:36.398 [info] Getting sessions for user:email...
2025-05-26 12:33:36.398 [info] Got 0 sessions for user:email...
2025-05-26 12:33:36.703 [info] Getting sessions for read:user,repo,user:email,workflow...
2025-05-26 12:33:36.703 [info] Got 0 sessions for read:user,repo,user:email,workflow...
2025-05-26 12:33:36.706 [info] Getting sessions for read:user...
2025-05-26 12:33:36.707 [info] Got 0 sessions for read:user...
2025-05-26 12:33:36.719 [info] Getting sessions for user:email...
2025-05-26 12:33:36.719 [info] Got 0 sessions for user:email...
2025-05-26 12:33:37.050 [info] Getting sessions for read:user,repo,user:email,workflow...
2025-05-26 12:33:37.050 [info] Got 0 sessions for read:user,repo,user:email,workflow...
2025-05-26 12:33:37.053 [info] Getting sessions for read:user...
2025-05-26 12:33:37.053 [info] Got 0 sessions for read:user...
2025-05-26 12:33:37.057 [info] Getting sessions for user:email...
2025-05-26 12:33:37.057 [info] Got 0 sessions for user:email...
2025-05-26 12:33:38.210 [info] Getting sessions for read:user,repo,user:email,workflow...
2025-05-26 12:33:38.210 [info] Got 0 sessions for read:user,repo,user:email,workflow...
2025-05-26 12:33:38.219 [info] Getting sessions for read:user...
2025-05-26 12:33:38.219 [info] Got 0 sessions for read:user...
2025-05-26 12:33:38.222 [info] Getting sessions for user:email...
2025-05-26 12:33:38.223 [info] Got 0 sessions for user:email...
2025-05-26 12:33:39.789 [info] Getting sessions for read:user,repo,user:email,workflow...
2025-05-26 12:33:39.790 [info] Got 0 sessions for read:user,repo,user:email,workflow...
2025-05-26 12:33:39.804 [info] Getting sessions for read:user...
2025-05-26 12:33:39.804 [info] Got 0 sessions for read:user...
2025-05-26 12:33:39.814 [info] Getting sessions for user:email...
2025-05-26 12:33:39.814 [info] Got 0 sessions for user:email...
2025-05-26 12:33:41.357 [info] Getting sessions for read:user,repo,user:email,workflow...
2025-05-26 12:33:41.365 [info] Got 0 sessions for read:user,repo,user:email,workflow...
2025-05-26 12:33:41.409 [info] Getting sessions for read:user...
2025-05-26 12:33:41.409 [info] Got 0 sessions for read:user...
2025-05-26 12:33:41.470 [info] Getting sessions for user:email...
2025-05-26 12:33:41.470 [info] Got 0 sessions for user:email...
2025-05-26 12:33:42.559 [info] Getting sessions for read:user,repo,user:email,workflow...
2025-05-26 12:33:42.559 [info] Got 0 sessions for read:user,repo,user:email,workflow...
2025-05-26 12:33:42.607 [info] Getting sessions for read:user...
2025-05-26 12:33:42.607 [info] Got 0 sessions for read:user...
2025-05-26 12:33:42.667 [info] Getting sessions for user:email...
2025-05-26 12:33:42.667 [info] Got 0 sessions for user:email...
2025-05-26 12:33:44.912 [info] Getting sessions for read:user,repo,user:email,workflow...
2025-05-26 12:33:44.913 [info] Got 0 sessions for read:user,repo,user:email,workflow...
2025-05-26 12:33:44.944 [info] Getting sessions for read:user...
2025-05-26 12:33:44.945 [info] Got 0 sessions for read:user...
2025-05-26 12:33:44.951 [info] Getting sessions for user:email...
2025-05-26 12:33:44.951 [info] Got 0 sessions for user:email...
2025-05-26 12:34:19.755 [info] Getting sessions for read:user,repo,user:email,workflow...
2025-05-26 12:34:19.778 [info] Got 0 sessions for read:user,repo,user:email,workflow...
2025-05-26 12:34:19.780 [info] Getting sessions for read:user...
2025-05-26 12:34:19.781 [info] Got 0 sessions for read:user...
2025-05-26 12:34:19.782 [info] Getting sessions for user:email...
2025-05-26 12:34:19.783 [info] Got 0 sessions for user:email...
2025-05-26 12:34:29.934 [info] Getting sessions for read:user,repo,user:email,workflow...
2025-05-26 12:34:29.934 [info] Got 0 sessions for read:user,repo,user:email,workflow...
2025-05-26 12:34:29.937 [info] Getting sessions for read:user...
2025-05-26 12:34:29.937 [info] Got 0 sessions for read:user...
2025-05-26 12:34:29.939 [info] Getting sessions for user:email...
2025-05-26 12:34:29.939 [info] Got 0 sessions for user:email...
2025-05-26 12:34:42.959 [info] Getting sessions for read:user,repo,user:email,workflow...
2025-05-26 12:34:42.959 [info] Got 0 sessions for read:user,repo,user:email,workflow...
2025-05-26 12:34:42.961 [info] Getting sessions for read:user...
2025-05-26 12:34:42.962 [info] Got 0 sessions for read:user...
2025-05-26 12:34:42.964 [info] Getting sessions for user:email...
2025-05-26 12:34:42.964 [info] Got 0 sessions for user:email...
2025-05-26 12:35:18.891 [info] Getting sessions for read:user,repo,user:email,workflow...
2025-05-26 12:35:18.891 [info] Got 0 sessions for read:user,repo,user:email,workflow...
2025-05-26 12:35:18.893 [info] Getting sessions for read:user...
2025-05-26 12:35:18.893 [info] Got 0 sessions for read:user...
2025-05-26 12:35:18.895 [info] Getting sessions for user:email...
2025-05-26 12:35:18.895 [info] Got 0 sessions for user:email...
2025-05-26 12:35:27.154 [info] Getting sessions for read:user,repo,user:email,workflow...
2025-05-26 12:35:27.154 [info] Got 0 sessions for read:user,repo,user:email,workflow...
2025-05-26 12:35:27.156 [info] Getting sessions for read:user...
2025-05-26 12:35:27.156 [info] Got 0 sessions for read:user...
2025-05-26 12:35:27.160 [info] Getting sessions for user:email...
2025-05-26 12:35:27.160 [info] Got 0 sessions for user:email...
2025-05-26 12:35:34.695 [info] Getting sessions for read:user,repo,user:email,workflow...
2025-05-26 12:35:34.696 [info] Got 0 sessions for read:user,repo,user:email,workflow...
2025-05-26 12:35:34.727 [info] Getting sessions for read:user...
2025-05-26 12:35:34.727 [info] Got 0 sessions for read:user...
2025-05-26 12:35:34.750 [info] Getting sessions for user:email...
2025-05-26 12:35:34.752 [info] Got 0 sessions for user:email...
2025-05-26 12:35:40.709 [info] Getting sessions for read:user,repo,user:email,workflow...
2025-05-26 12:35:40.710 [info] Got 0 sessions for read:user,repo,user:email,workflow...
2025-05-26 12:35:40.717 [info] Getting sessions for read:user...
2025-05-26 12:35:40.718 [info] Got 0 sessions for read:user...
2025-05-26 12:35:40.720 [info] Getting sessions for user:email...
2025-05-26 12:35:40.720 [info] Got 0 sessions for user:email...
2025-05-26 12:36:00.618 [info] Getting sessions for read:user,repo,user:email,workflow...
2025-05-26 12:36:00.618 [info] Got 0 sessions for read:user,repo,user:email,workflow...
2025-05-26 12:36:00.622 [info] Getting sessions for read:user...
2025-05-26 12:36:00.623 [info] Got 0 sessions for read:user...
2025-05-26 12:36:00.625 [info] Getting sessions for user:email...
2025-05-26 12:36:00.625 [info] Got 0 sessions for user:email...
2025-05-26 12:36:24.520 [info] Getting sessions for all scopes...
2025-05-26 12:36:24.520 [info] Got 0 sessions for ...
2025-05-26 12:36:24.525 [info] Getting sessions for user:email...
2025-05-26 12:36:24.525 [info] Got 0 sessions for user:email...
2025-05-26 12:36:24.530 [info] Getting sessions for all scopes...
2025-05-26 12:36:24.530 [info] Got 0 sessions for ...
2025-05-26 12:36:24.535 [info] Getting sessions for user:email...
2025-05-26 12:36:24.535 [info] Got 0 sessions for user:email...
2025-05-26 12:37:25.019 [info] Getting sessions for read:user,repo,user:email,workflow...
2025-05-26 12:37:25.042 [info] Got 0 sessions for read:user,repo,user:email,workflow...
2025-05-26 12:37:25.044 [info] Getting sessions for read:user...
2025-05-26 12:37:25.044 [info] Got 0 sessions for read:user...
2025-05-26 12:37:25.048 [info] Getting sessions for user:email...
2025-05-26 12:37:25.048 [info] Got 0 sessions for user:email...
2025-05-26 12:37:39.452 [info] Getting sessions for read:user,repo,user:email,workflow...
2025-05-26 12:37:39.476 [info] Got 0 sessions for read:user,repo,user:email,workflow...
2025-05-26 12:37:39.480 [info] Getting sessions for read:user...
2025-05-26 12:37:39.480 [info] Got 0 sessions for read:user...
2025-05-26 12:37:39.483 [info] Getting sessions for user:email...
2025-05-26 12:37:39.483 [info] Got 0 sessions for user:email...
2025-05-26 12:37:41.426 [info] Getting sessions for read:user,repo,user:email,workflow...
2025-05-26 12:37:41.427 [info] Got 0 sessions for read:user,repo,user:email,workflow...
2025-05-26 12:37:41.429 [info] Getting sessions for read:user...
2025-05-26 12:37:41.429 [info] Got 0 sessions for read:user...
2025-05-26 12:37:41.433 [info] Getting sessions for user:email...
2025-05-26 12:37:41.433 [info] Got 0 sessions for user:email...
2025-05-26 12:37:43.516 [info] Getting sessions for read:user,repo,user:email,workflow...
2025-05-26 12:37:43.517 [info] Got 0 sessions for read:user,repo,user:email,workflow...
2025-05-26 12:37:43.610 [info] Getting sessions for read:user...
2025-05-26 12:37:43.610 [info] Got 0 sessions for read:user...
2025-05-26 12:37:43.654 [info] Getting sessions for user:email...
2025-05-26 12:37:43.654 [info] Got 0 sessions for user:email...
2025-05-26 12:37:45.102 [info] Getting sessions for read:user,repo,user:email,workflow...
2025-05-26 12:37:45.103 [info] Got 0 sessions for read:user,repo,user:email,workflow...
2025-05-26 12:37:45.318 [info] Getting sessions for read:user...
2025-05-26 12:37:45.318 [info] Got 0 sessions for read:user...
2025-05-26 12:37:45.381 [info] Getting sessions for user:email...
2025-05-26 12:37:45.381 [info] Got 0 sessions for user:email...
2025-05-26 12:38:03.514 [info] Getting sessions for read:user,repo,user:email,workflow...
2025-05-26 12:38:03.515 [info] Got 0 sessions for read:user,repo,user:email,workflow...
2025-05-26 12:38:03.517 [info] Getting sessions for read:user...
2025-05-26 12:38:03.517 [info] Got 0 sessions for read:user...
2025-05-26 12:38:03.518 [info] Getting sessions for user:email...
2025-05-26 12:38:03.518 [info] Got 0 sessions for user:email...
2025-05-26 12:38:26.431 [info] Getting sessions for read:user,repo,user:email,workflow...
2025-05-26 12:38:26.432 [info] Got 0 sessions for read:user,repo,user:email,workflow...
2025-05-26 12:38:26.433 [info] Getting sessions for read:user...
2025-05-26 12:38:26.433 [info] Got 0 sessions for read:user...
2025-05-26 12:38:26.435 [info] Getting sessions for user:email...
2025-05-26 12:38:26.435 [info] Got 0 sessions for user:email...
2025-05-26 12:38:27.398 [info] Getting sessions for read:user,repo,user:email,workflow...
2025-05-26 12:38:27.398 [info] Got 0 sessions for read:user,repo,user:email,workflow...
2025-05-26 12:38:27.403 [info] Getting sessions for read:user...
2025-05-26 12:38:27.403 [info] Got 0 sessions for read:user...
2025-05-26 12:38:27.412 [info] Getting sessions for user:email...
2025-05-26 12:38:27.412 [info] Got 0 sessions for user:email...
2025-05-26 12:38:58.373 [info] Getting sessions for read:user,repo,user:email,workflow...
2025-05-26 12:38:58.373 [info] Got 0 sessions for read:user,repo,user:email,workflow...
2025-05-26 12:38:58.376 [info] Getting sessions for read:user...
2025-05-26 12:38:58.376 [info] Got 0 sessions for read:user...
2025-05-26 12:38:58.377 [info] Getting sessions for user:email...
2025-05-26 12:38:58.377 [info] Got 0 sessions for user:email...
2025-05-26 12:38:59.200 [info] Getting sessions for read:user,repo,user:email,workflow...
2025-05-26 12:38:59.201 [info] Got 0 sessions for read:user,repo,user:email,workflow...
2025-05-26 12:38:59.207 [info] Getting sessions for read:user...
2025-05-26 12:38:59.207 [info] Got 0 sessions for read:user...
2025-05-26 12:38:59.218 [info] Getting sessions for user:email...
2025-05-26 12:38:59.218 [info] Got 0 sessions for user:email...
2025-05-26 12:38:59.856 [info] Getting sessions for read:user,repo,user:email,workflow...
2025-05-26 12:38:59.856 [info] Got 0 sessions for read:user,repo,user:email,workflow...
2025-05-26 12:38:59.974 [info] Getting sessions for read:user...
2025-05-26 12:38:59.974 [info] Got 0 sessions for read:user...
2025-05-26 12:38:59.991 [info] Getting sessions for user:email...
2025-05-26 12:38:59.991 [info] Got 0 sessions for user:email...
2025-05-26 12:39:00.437 [info] Getting sessions for read:user,repo,user:email,workflow...
2025-05-26 12:39:00.437 [info] Got 0 sessions for read:user,repo,user:email,workflow...
2025-05-26 12:39:00.446 [info] Getting sessions for read:user...
2025-05-26 12:39:00.446 [info] Got 0 sessions for read:user...
2025-05-26 12:39:00.448 [info] Getting sessions for user:email...
2025-05-26 12:39:00.448 [info] Got 0 sessions for user:email...
2025-05-26 12:39:00.648 [info] Getting sessions for read:user,repo,user:email,workflow...
2025-05-26 12:39:00.648 [info] Got 0 sessions for read:user,repo,user:email,workflow...
2025-05-26 12:39:00.650 [info] Getting sessions for read:user...
2025-05-26 12:39:00.650 [info] Got 0 sessions for read:user...
2025-05-26 12:39:00.654 [info] Getting sessions for user:email...
2025-05-26 12:39:00.654 [info] Got 0 sessions for user:email...
2025-05-26 12:39:00.881 [info] Getting sessions for read:user,repo,user:email,workflow...
2025-05-26 12:39:00.881 [info] Got 0 sessions for read:user,repo,user:email,workflow...
2025-05-26 12:39:00.885 [info] Getting sessions for read:user...
2025-05-26 12:39:00.885 [info] Got 0 sessions for read:user...
2025-05-26 12:39:00.887 [info] Getting sessions for user:email...
2025-05-26 12:39:00.887 [info] Got 0 sessions for user:email...
2025-05-26 12:39:01.616 [info] Getting sessions for read:user,repo,user:email,workflow...
2025-05-26 12:39:01.617 [info] Got 0 sessions for read:user,repo,user:email,workflow...
2025-05-26 12:39:01.619 [info] Getting sessions for read:user...
2025-05-26 12:39:01.619 [info] Got 0 sessions for read:user...
2025-05-26 12:39:01.627 [info] Getting sessions for user:email...
2025-05-26 12:39:01.627 [info] Got 0 sessions for user:email...
2025-05-26 12:39:01.717 [info] Getting sessions for read:user,repo,user:email,workflow...
2025-05-26 12:39:01.717 [info] Got 0 sessions for read:user,repo,user:email,workflow...
2025-05-26 12:39:01.723 [info] Getting sessions for read:user...
2025-05-26 12:39:01.723 [info] Got 0 sessions for read:user...
2025-05-26 12:39:01.737 [info] Getting sessions for user:email...
2025-05-26 12:39:01.737 [info] Got 0 sessions for user:email...
2025-05-26 12:39:01.999 [info] Getting sessions for read:user,repo,user:email,workflow...
2025-05-26 12:39:02.000 [info] Got 0 sessions for read:user,repo,user:email,workflow...
2025-05-26 12:39:02.003 [info] Getting sessions for read:user...
2025-05-26 12:39:02.003 [info] Got 0 sessions for read:user...
2025-05-26 12:39:02.012 [info] Getting sessions for user:email...
2025-05-26 12:39:02.012 [info] Got 0 sessions for user:email...
2025-05-26 12:39:02.213 [info] Getting sessions for read:user,repo,user:email,workflow...
2025-05-26 12:39:02.213 [info] Got 0 sessions for read:user,repo,user:email,workflow...
2025-05-26 12:39:02.217 [info] Getting sessions for read:user...
2025-05-26 12:39:02.219 [info] Got 0 sessions for read:user...
2025-05-26 12:39:02.227 [info] Getting sessions for user:email...
2025-05-26 12:39:02.227 [info] Got 0 sessions for user:email...
2025-05-26 12:39:02.446 [info] Getting sessions for read:user,repo,user:email,workflow...
2025-05-26 12:39:02.446 [info] Got 0 sessions for read:user,repo,user:email,workflow...
2025-05-26 12:39:02.460 [info] Getting sessions for read:user...
2025-05-26 12:39:02.460 [info] Got 0 sessions for read:user...
2025-05-26 12:39:02.464 [info] Getting sessions for user:email...
2025-05-26 12:39:02.464 [info] Got 0 sessions for user:email...
2025-05-26 12:39:09.582 [info] Getting sessions for read:user,repo,user:email,workflow...
2025-05-26 12:39:09.582 [info] Got 0 sessions for read:user,repo,user:email,workflow...
2025-05-26 12:39:09.602 [info] Getting sessions for read:user...
2025-05-26 12:39:09.602 [info] Got 0 sessions for read:user...
2025-05-26 12:39:09.615 [info] Getting sessions for user:email...
2025-05-26 12:39:09.615 [info] Got 0 sessions for user:email...
2025-05-26 12:39:13.495 [info] Getting sessions for read:user,repo,user:email,workflow...
2025-05-26 12:39:13.495 [info] Got 0 sessions for read:user,repo,user:email,workflow...
2025-05-26 12:39:13.507 [info] Getting sessions for read:user...
2025-05-26 12:39:13.507 [info] Got 0 sessions for read:user...
2025-05-26 12:39:13.519 [info] Getting sessions for user:email...
2025-05-26 12:39:13.519 [info] Got 0 sessions for user:email...
2025-05-26 12:39:15.154 [info] Getting sessions for read:user,repo,user:email,workflow...
2025-05-26 12:39:15.154 [info] Got 0 sessions for read:user,repo,user:email,workflow...
2025-05-26 12:39:15.309 [info] Getting sessions for read:user...
2025-05-26 12:39:15.314 [info] Got 0 sessions for read:user...
2025-05-26 12:39:15.338 [info] Getting sessions for user:email...
2025-05-26 12:39:15.338 [info] Got 0 sessions for user:email...
2025-05-26 12:39:19.183 [info] Getting sessions for read:user,repo,user:email,workflow...
2025-05-26 12:39:19.183 [info] Got 0 sessions for read:user,repo,user:email,workflow...
2025-05-26 12:39:19.186 [info] Getting sessions for read:user...
2025-05-26 12:39:19.186 [info] Got 0 sessions for read:user...
2025-05-26 12:39:19.188 [info] Getting sessions for user:email...
2025-05-26 12:39:19.188 [info] Got 0 sessions for user:email...
2025-05-26 12:41:27.312 [info] Getting sessions for read:user,repo,user:email,workflow...
2025-05-26 12:41:27.313 [info] Got 0 sessions for read:user,repo,user:email,workflow...
2025-05-26 12:41:27.316 [info] Getting sessions for read:user...
2025-05-26 12:41:27.316 [info] Got 0 sessions for read:user...
2025-05-26 12:41:27.318 [info] Getting sessions for user:email...
2025-05-26 12:41:27.318 [info] Got 0 sessions for user:email...
2025-05-26 12:41:28.348 [info] Getting sessions for read:user,repo,user:email,workflow...
2025-05-26 12:41:28.350 [info] Got 0 sessions for read:user,repo,user:email,workflow...
2025-05-26 12:41:28.353 [info] Getting sessions for read:user...
2025-05-26 12:41:28.354 [info] Got 0 sessions for read:user...
2025-05-26 12:41:28.356 [info] Getting sessions for user:email...
2025-05-26 12:41:28.356 [info] Got 0 sessions for user:email...
2025-05-26 12:42:08.954 [info] Getting sessions for read:user,repo,user:email,workflow...
2025-05-26 12:42:08.954 [info] Got 0 sessions for read:user,repo,user:email,workflow...
2025-05-26 12:42:08.956 [info] Getting sessions for read:user...
2025-05-26 12:42:08.956 [info] Got 0 sessions for read:user...
2025-05-26 12:42:08.958 [info] Getting sessions for user:email...
2025-05-26 12:42:08.958 [info] Got 0 sessions for user:email...
2025-05-26 12:42:50.277 [info] Getting sessions for read:user,repo,user:email,workflow...
2025-05-26 12:42:50.277 [info] Got 0 sessions for read:user,repo,user:email,workflow...
2025-05-26 12:42:50.281 [info] Getting sessions for read:user...
2025-05-26 12:42:50.281 [info] Got 0 sessions for read:user...
2025-05-26 12:42:50.283 [info] Getting sessions for user:email...
2025-05-26 12:42:50.283 [info] Got 0 sessions for user:email...
2025-05-26 12:42:52.551 [info] Getting sessions for read:user,repo,user:email,workflow...
2025-05-26 12:42:52.552 [info] Got 0 sessions for read:user,repo,user:email,workflow...
2025-05-26 12:42:52.556 [info] Getting sessions for read:user...
2025-05-26 12:42:52.556 [info] Got 0 sessions for read:user...
2025-05-26 12:42:52.558 [info] Getting sessions for user:email...
2025-05-26 12:42:52.558 [info] Got 0 sessions for user:email...
2025-05-26 12:42:54.008 [info] Getting sessions for read:user,repo,user:email,workflow...
2025-05-26 12:42:54.010 [info] Got 0 sessions for read:user,repo,user:email,workflow...
2025-05-26 12:42:54.020 [info] Getting sessions for read:user...
2025-05-26 12:42:54.020 [info] Got 0 sessions for read:user...
2025-05-26 12:42:54.025 [info] Getting sessions for user:email...
2025-05-26 12:42:54.025 [info] Got 0 sessions for user:email...
2025-05-26 12:42:54.712 [info] Getting sessions for read:user,repo,user:email,workflow...
2025-05-26 12:42:54.712 [info] Got 0 sessions for read:user,repo,user:email,workflow...
2025-05-26 12:42:54.717 [info] Getting sessions for read:user...
2025-05-26 12:42:54.717 [info] Got 0 sessions for read:user...
2025-05-26 12:42:54.720 [info] Getting sessions for user:email...
2025-05-26 12:42:54.720 [info] Got 0 sessions for user:email...
2025-05-26 12:43:17.205 [info] Getting sessions for read:user,repo,user:email,workflow...
2025-05-26 12:43:17.205 [info] Got 0 sessions for read:user,repo,user:email,workflow...
2025-05-26 12:43:17.208 [info] Getting sessions for read:user...
2025-05-26 12:43:17.208 [info] Got 0 sessions for read:user...
2025-05-26 12:43:17.210 [info] Getting sessions for user:email...
2025-05-26 12:43:17.210 [info] Got 0 sessions for user:email...
2025-05-26 12:43:17.605 [info] Getting sessions for read:user,repo,user:email,workflow...
2025-05-26 12:43:17.605 [info] Got 0 sessions for read:user,repo,user:email,workflow...
2025-05-26 12:43:17.653 [info] Getting sessions for read:user...
2025-05-26 12:43:17.653 [info] Got 0 sessions for read:user...
2025-05-26 12:43:17.668 [info] Getting sessions for user:email...
2025-05-26 12:43:17.668 [info] Got 0 sessions for user:email...
2025-05-26 12:43:18.910 [info] Getting sessions for read:user,repo,user:email,workflow...
2025-05-26 12:43:18.910 [info] Got 0 sessions for read:user,repo,user:email,workflow...
2025-05-26 12:43:18.920 [info] Getting sessions for read:user...
2025-05-26 12:43:18.920 [info] Got 0 sessions for read:user...
2025-05-26 12:43:18.928 [info] Getting sessions for user:email...
2025-05-26 12:43:18.928 [info] Got 0 sessions for user:email...
2025-05-26 12:43:19.675 [info] Getting sessions for read:user,repo,user:email,workflow...
2025-05-26 12:43:19.675 [info] Got 0 sessions for read:user,repo,user:email,workflow...
2025-05-26 12:43:19.678 [info] Getting sessions for read:user...
2025-05-26 12:43:19.678 [info] Got 0 sessions for read:user...
2025-05-26 12:43:19.680 [info] Getting sessions for user:email...
2025-05-26 12:43:19.680 [info] Got 0 sessions for user:email...
2025-05-26 12:43:57.597 [info] Getting sessions for read:user,repo,user:email,workflow...
2025-05-26 12:43:57.597 [info] Got 0 sessions for read:user,repo,user:email,workflow...
2025-05-26 12:43:57.599 [info] Getting sessions for read:user...
2025-05-26 12:43:57.599 [info] Got 0 sessions for read:user...
2025-05-26 12:43:57.602 [info] Getting sessions for user:email...
2025-05-26 12:43:57.602 [info] Got 0 sessions for user:email...
2025-05-26 12:43:58.059 [info] Getting sessions for read:user,repo,user:email,workflow...
2025-05-26 12:43:58.059 [info] Got 0 sessions for read:user,repo,user:email,workflow...
2025-05-26 12:43:58.067 [info] Getting sessions for read:user...
2025-05-26 12:43:58.067 [info] Got 0 sessions for read:user...
2025-05-26 12:43:58.072 [info] Getting sessions for user:email...
2025-05-26 12:43:58.072 [info] Got 0 sessions for user:email...
2025-05-26 12:44:02.397 [info] Getting sessions for read:user,repo,user:email,workflow...
2025-05-26 12:44:02.398 [info] Got 0 sessions for read:user,repo,user:email,workflow...
2025-05-26 12:44:02.400 [info] Getting sessions for read:user...
2025-05-26 12:44:02.400 [info] Got 0 sessions for read:user...
2025-05-26 12:44:02.403 [info] Getting sessions for user:email...
2025-05-26 12:44:02.403 [info] Got 0 sessions for user:email...
2025-05-26 12:44:02.899 [info] Getting sessions for read:user,repo,user:email,workflow...
2025-05-26 12:44:02.899 [info] Got 0 sessions for read:user,repo,user:email,workflow...
2025-05-26 12:44:02.902 [info] Getting sessions for read:user...
2025-05-26 12:44:02.902 [info] Got 0 sessions for read:user...
2025-05-26 12:44:02.910 [info] Getting sessions for user:email...
2025-05-26 12:44:02.910 [info] Got 0 sessions for user:email...
2025-05-26 12:44:03.394 [info] Getting sessions for read:user,repo,user:email,workflow...
2025-05-26 12:44:03.394 [info] Got 0 sessions for read:user,repo,user:email,workflow...
2025-05-26 12:44:03.396 [info] Getting sessions for read:user...
2025-05-26 12:44:03.396 [info] Got 0 sessions for read:user...
2025-05-26 12:44:03.398 [info] Getting sessions for user:email...
2025-05-26 12:44:03.398 [info] Got 0 sessions for user:email...
2025-05-26 12:44:04.664 [info] Getting sessions for read:user,repo,user:email,workflow...
2025-05-26 12:44:04.666 [info] Got 0 sessions for read:user,repo,user:email,workflow...
2025-05-26 12:44:04.691 [info] Getting sessions for read:user...
2025-05-26 12:44:04.691 [info] Got 0 sessions for read:user...
2025-05-26 12:44:04.749 [info] Getting sessions for user:email...
2025-05-26 12:44:04.751 [info] Got 0 sessions for user:email...
2025-05-26 12:44:05.573 [info] Getting sessions for read:user,repo,user:email,workflow...
2025-05-26 12:44:05.573 [info] Got 0 sessions for read:user,repo,user:email,workflow...
2025-05-26 12:44:05.576 [info] Getting sessions for read:user...
2025-05-26 12:44:05.576 [info] Got 0 sessions for read:user...
2025-05-26 12:44:05.578 [info] Getting sessions for user:email...
2025-05-26 12:44:05.578 [info] Got 0 sessions for user:email...
2025-05-26 12:44:40.145 [info] Getting sessions for read:user,repo,user:email,workflow...
2025-05-26 12:44:40.145 [info] Got 0 sessions for read:user,repo,user:email,workflow...
2025-05-26 12:44:40.148 [info] Getting sessions for read:user...
2025-05-26 12:44:40.148 [info] Got 0 sessions for read:user...
2025-05-26 12:44:40.151 [info] Getting sessions for user:email...
2025-05-26 12:44:40.151 [info] Got 0 sessions for user:email...
2025-05-26 12:44:59.738 [info] Getting sessions for read:user,repo,user:email,workflow...
2025-05-26 12:44:59.738 [info] Got 0 sessions for read:user,repo,user:email,workflow...
2025-05-26 12:44:59.742 [info] Getting sessions for read:user...
2025-05-26 12:44:59.742 [info] Got 0 sessions for read:user...
2025-05-26 12:44:59.744 [info] Getting sessions for user:email...
2025-05-26 12:44:59.745 [info] Got 0 sessions for user:email...
2025-05-26 12:45:00.166 [info] Getting sessions for read:user,repo,user:email,workflow...
2025-05-26 12:45:00.166 [info] Got 0 sessions for read:user,repo,user:email,workflow...
2025-05-26 12:45:00.168 [info] Getting sessions for read:user...
2025-05-26 12:45:00.168 [info] Got 0 sessions for read:user...
2025-05-26 12:45:00.171 [info] Getting sessions for user:email...
2025-05-26 12:45:00.171 [info] Got 0 sessions for user:email...
2025-05-26 12:45:09.693 [info] Getting sessions for read:user,repo,user:email,workflow...
2025-05-26 12:45:09.693 [info] Got 0 sessions for read:user,repo,user:email,workflow...
2025-05-26 12:45:09.704 [info] Getting sessions for read:user...
2025-05-26 12:45:09.705 [info] Got 0 sessions for read:user...
2025-05-26 12:45:09.708 [info] Getting sessions for user:email...
2025-05-26 12:45:09.708 [info] Got 0 sessions for user:email...
2025-05-26 12:45:09.964 [info] Getting sessions for read:user,repo,user:email,workflow...
2025-05-26 12:45:09.964 [info] Got 0 sessions for read:user,repo,user:email,workflow...
2025-05-26 12:45:09.976 [info] Getting sessions for read:user...
2025-05-26 12:45:09.976 [info] Got 0 sessions for read:user...
2025-05-26 12:45:09.980 [info] Getting sessions for user:email...
2025-05-26 12:45:09.980 [info] Got 0 sessions for user:email...
2025-05-26 12:45:10.127 [info] Getting sessions for read:user,repo,user:email,workflow...
2025-05-26 12:45:10.127 [info] Got 0 sessions for read:user,repo,user:email,workflow...
2025-05-26 12:45:10.130 [info] Getting sessions for read:user...
2025-05-26 12:45:10.130 [info] Got 0 sessions for read:user...
2025-05-26 12:45:10.140 [info] Getting sessions for user:email...
2025-05-26 12:45:10.141 [info] Got 0 sessions for user:email...
2025-05-26 12:45:10.371 [info] Getting sessions for read:user,repo,user:email,workflow...
2025-05-26 12:45:10.371 [info] Got 0 sessions for read:user,repo,user:email,workflow...
2025-05-26 12:45:10.373 [info] Getting sessions for read:user...
2025-05-26 12:45:10.373 [info] Got 0 sessions for read:user...
2025-05-26 12:45:10.375 [info] Getting sessions for user:email...
2025-05-26 12:45:10.375 [info] Got 0 sessions for user:email...
2025-05-26 12:45:12.260 [info] Getting sessions for read:user,repo,user:email,workflow...
2025-05-26 12:45:12.261 [info] Got 0 sessions for read:user,repo,user:email,workflow...
2025-05-26 12:45:12.272 [info] Getting sessions for read:user...
2025-05-26 12:45:12.272 [info] Got 0 sessions for read:user...
2025-05-26 12:45:12.412 [info] Getting sessions for user:email...
2025-05-26 12:45:12.412 [info] Got 0 sessions for user:email...
2025-05-26 12:45:12.665 [info] Getting sessions for read:user,repo,user:email,workflow...
2025-05-26 12:45:12.665 [info] Got 0 sessions for read:user,repo,user:email,workflow...
2025-05-26 12:45:12.678 [info] Getting sessions for read:user...
2025-05-26 12:45:12.679 [info] Got 0 sessions for read:user...
2025-05-26 12:45:12.685 [info] Getting sessions for user:email...
2025-05-26 12:45:12.685 [info] Got 0 sessions for user:email...
2025-05-26 12:45:13.753 [info] Getting sessions for read:user,repo,user:email,workflow...
2025-05-26 12:45:13.753 [info] Got 0 sessions for read:user,repo,user:email,workflow...
2025-05-26 12:45:13.821 [info] Getting sessions for read:user...
2025-05-26 12:45:13.821 [info] Got 0 sessions for read:user...
2025-05-26 12:45:13.904 [info] Getting sessions for user:email...
2025-05-26 12:45:13.904 [info] Got 0 sessions for user:email...
2025-05-26 12:45:14.559 [info] Getting sessions for read:user,repo,user:email,workflow...
2025-05-26 12:45:14.559 [info] Got 0 sessions for read:user,repo,user:email,workflow...
2025-05-26 12:45:14.569 [info] Getting sessions for read:user...
2025-05-26 12:45:14.569 [info] Got 0 sessions for read:user...
2025-05-26 12:45:14.571 [info] Getting sessions for user:email...
2025-05-26 12:45:14.571 [info] Got 0 sessions for user:email...
2025-05-26 12:45:18.004 [info] Getting sessions for read:user,repo,user:email,workflow...
2025-05-26 12:45:18.004 [info] Got 0 sessions for read:user,repo,user:email,workflow...
2025-05-26 12:45:18.009 [info] Getting sessions for read:user...
2025-05-26 12:45:18.010 [info] Got 0 sessions for read:user...
2025-05-26 12:45:18.016 [info] Getting sessions for user:email...
2025-05-26 12:45:18.017 [info] Got 0 sessions for user:email...
2025-05-26 12:45:25.196 [info] Getting sessions for read:user,repo,user:email,workflow...
2025-05-26 12:45:25.196 [info] Got 0 sessions for read:user,repo,user:email,workflow...
2025-05-26 12:45:25.199 [info] Getting sessions for read:user...
2025-05-26 12:45:25.199 [info] Got 0 sessions for read:user...
2025-05-26 12:45:25.208 [info] Getting sessions for user:email...
2025-05-26 12:45:25.208 [info] Got 0 sessions for user:email...
2025-05-26 12:45:26.045 [info] Getting sessions for read:user,repo,user:email,workflow...
2025-05-26 12:45:26.045 [info] Got 0 sessions for read:user,repo,user:email,workflow...
2025-05-26 12:45:26.056 [info] Getting sessions for read:user...
2025-05-26 12:45:26.056 [info] Got 0 sessions for read:user...
2025-05-26 12:45:26.058 [info] Getting sessions for user:email...
2025-05-26 12:45:26.058 [info] Got 0 sessions for user:email...
2025-05-26 12:45:27.467 [info] Getting sessions for read:user,repo,user:email,workflow...
2025-05-26 12:45:27.467 [info] Got 0 sessions for read:user,repo,user:email,workflow...
2025-05-26 12:45:27.474 [info] Getting sessions for read:user...
2025-05-26 12:45:27.475 [info] Got 0 sessions for read:user...
2025-05-26 12:45:27.483 [info] Getting sessions for user:email...
2025-05-26 12:45:27.483 [info] Got 0 sessions for user:email...
2025-05-26 12:45:48.416 [info] Getting sessions for read:user,repo,user:email,workflow...
2025-05-26 12:45:48.416 [info] Got 0 sessions for read:user,repo,user:email,workflow...
2025-05-26 12:45:48.419 [info] Getting sessions for read:user...
2025-05-26 12:45:48.419 [info] Got 0 sessions for read:user...
2025-05-26 12:45:48.421 [info] Getting sessions for user:email...
2025-05-26 12:45:48.421 [info] Got 0 sessions for user:email...
2025-05-26 12:45:49.263 [info] Getting sessions for read:user,repo,user:email,workflow...
2025-05-26 12:45:49.263 [info] Got 0 sessions for read:user,repo,user:email,workflow...
2025-05-26 12:45:49.267 [info] Getting sessions for read:user...
2025-05-26 12:45:49.287 [info] Got 0 sessions for read:user...
2025-05-26 12:45:49.297 [info] Getting sessions for user:email...
2025-05-26 12:45:49.297 [info] Got 0 sessions for user:email...
2025-05-26 12:45:50.507 [info] Getting sessions for read:user,repo,user:email,workflow...
2025-05-26 12:45:50.507 [info] Got 0 sessions for read:user,repo,user:email,workflow...
2025-05-26 12:45:50.515 [info] Getting sessions for read:user...
2025-05-26 12:45:50.516 [info] Got 0 sessions for read:user...
2025-05-26 12:45:50.519 [info] Getting sessions for user:email...
2025-05-26 12:45:50.519 [info] Got 0 sessions for user:email...
2025-05-26 12:45:50.830 [info] Getting sessions for read:user,repo,user:email,workflow...
2025-05-26 12:45:50.830 [info] Got 0 sessions for read:user,repo,user:email,workflow...
2025-05-26 12:45:50.835 [info] Getting sessions for read:user...
2025-05-26 12:45:50.835 [info] Got 0 sessions for read:user...
2025-05-26 12:45:50.844 [info] Getting sessions for user:email...
2025-05-26 12:45:50.844 [info] Got 0 sessions for user:email...
2025-05-26 12:45:51.010 [info] Getting sessions for read:user,repo,user:email,workflow...
2025-05-26 12:45:51.011 [info] Got 0 sessions for read:user,repo,user:email,workflow...
2025-05-26 12:45:51.012 [info] Getting sessions for read:user...
2025-05-26 12:45:51.012 [info] Got 0 sessions for read:user...
2025-05-26 12:45:51.014 [info] Getting sessions for user:email...
2025-05-26 12:45:51.014 [info] Got 0 sessions for user:email...
2025-05-26 12:45:52.662 [info] Getting sessions for read:user,repo,user:email,workflow...
2025-05-26 12:45:52.662 [info] Got 0 sessions for read:user,repo,user:email,workflow...
2025-05-26 12:45:52.708 [info] Getting sessions for read:user...
2025-05-26 12:45:52.708 [info] Got 0 sessions for read:user...
2025-05-26 12:45:52.719 [info] Getting sessions for user:email...
2025-05-26 12:45:52.719 [info] Got 0 sessions for user:email...
2025-05-26 12:45:57.757 [info] Getting sessions for read:user,repo,user:email,workflow...
2025-05-26 12:45:57.757 [info] Got 0 sessions for read:user,repo,user:email,workflow...
2025-05-26 12:45:57.759 [info] Getting sessions for read:user...
2025-05-26 12:45:57.760 [info] Got 0 sessions for read:user...
2025-05-26 12:45:57.761 [info] Getting sessions for user:email...
2025-05-26 12:45:57.762 [info] Got 0 sessions for user:email...
2025-05-26 12:46:01.659 [info] Getting sessions for read:user,repo,user:email,workflow...
2025-05-26 12:46:01.659 [info] Got 0 sessions for read:user,repo,user:email,workflow...
2025-05-26 12:46:01.672 [info] Getting sessions for read:user...
2025-05-26 12:46:01.672 [info] Got 0 sessions for read:user...
2025-05-26 12:46:01.674 [info] Getting sessions for user:email...
2025-05-26 12:46:01.674 [info] Got 0 sessions for user:email...
2025-05-26 12:46:29.701 [info] Getting sessions for read:user,repo,user:email,workflow...
2025-05-26 12:46:29.701 [info] Got 0 sessions for read:user,repo,user:email,workflow...
2025-05-26 12:46:29.715 [info] Getting sessions for read:user...
2025-05-26 12:46:29.715 [info] Got 0 sessions for read:user...
2025-05-26 12:46:29.729 [info] Getting sessions for user:email...
2025-05-26 12:46:29.729 [info] Got 0 sessions for user:email...
2025-05-26 12:46:30.932 [info] Getting sessions for read:user,repo,user:email,workflow...
2025-05-26 12:46:30.932 [info] Got 0 sessions for read:user,repo,user:email,workflow...
2025-05-26 12:46:30.939 [info] Getting sessions for read:user...
2025-05-26 12:46:30.940 [info] Got 0 sessions for read:user...
2025-05-26 12:46:30.942 [info] Getting sessions for user:email...
2025-05-26 12:46:30.942 [info] Got 0 sessions for user:email...
