2025-06-06 10:31:21.331 [info] Reading sessions from keychain...
2025-06-06 10:31:21.352 [info] Getting sessions for all scopes...
2025-06-06 10:31:21.352 [info] Getting sessions for all scopes...
2025-06-06 10:31:21.363 [info] Getting sessions for all scopes...
2025-06-06 10:31:21.363 [info] Getting sessions for all scopes...
2025-06-06 10:31:21.363 [info] Getting sessions for all scopes...
2025-06-06 10:31:21.364 [info] Getting sessions for all scopes...
2025-06-06 10:31:21.364 [info] Getting sessions for all scopes...
2025-06-06 10:31:21.709 [info] Got 0 sessions for ...
2025-06-06 10:31:21.709 [info] Got 0 sessions for ...
2025-06-06 10:31:21.709 [info] Got 0 sessions for ...
2025-06-06 10:31:21.709 [info] Got 0 sessions for ...
2025-06-06 10:31:21.709 [info] Got 0 sessions for ...
2025-06-06 10:31:21.709 [info] Got 0 sessions for ...
2025-06-06 10:31:21.709 [info] Got 0 sessions for ...
2025-06-06 10:31:22.523 [info] Getting sessions for all scopes...
2025-06-06 10:31:22.523 [info] Got 0 sessions for ...
2025-06-06 10:31:22.529 [info] Getting sessions for all scopes...
2025-06-06 10:31:22.529 [info] Got 0 sessions for ...
2025-06-06 10:31:22.529 [info] Getting sessions for all scopes...
2025-06-06 10:31:22.529 [info] Got 0 sessions for ...
2025-06-06 10:31:22.529 [info] Getting sessions for all scopes...
2025-06-06 10:31:22.529 [info] Got 0 sessions for ...
2025-06-06 10:31:22.530 [info] Getting sessions for all scopes...
2025-06-06 10:31:22.530 [info] Got 0 sessions for ...
2025-06-06 10:31:22.530 [info] Getting sessions for all scopes...
2025-06-06 10:31:22.530 [info] Got 0 sessions for ...
2025-06-06 10:31:26.667 [info] Getting sessions for all scopes...
2025-06-06 10:31:26.667 [info] Got 0 sessions for ...
2025-06-06 10:31:27.028 [info] Getting sessions for all scopes...
2025-06-06 10:31:27.028 [info] Got 0 sessions for ...
2025-06-06 10:31:27.172 [info] Getting sessions for all scopes...
2025-06-06 10:31:27.172 [info] Got 0 sessions for ...
2025-06-06 10:31:27.438 [info] Getting sessions for all scopes...
2025-06-06 10:31:27.438 [info] Got 0 sessions for ...
2025-06-06 10:31:28.709 [info] Getting sessions for all scopes...
2025-06-06 10:31:28.709 [info] Got 0 sessions for ...
2025-06-06 10:31:28.709 [info] Getting sessions for read:user,repo,user:email,workflow...
2025-06-06 10:31:28.709 [info] Got 0 sessions for read:user,repo,user:email,workflow...
2025-06-06 10:31:29.072 [info] Getting sessions for all scopes...
2025-06-06 10:31:29.072 [info] Got 0 sessions for ...
2025-06-06 10:31:29.072 [info] Getting sessions for all scopes...
2025-06-06 10:31:29.072 [info] Got 0 sessions for ...
2025-06-06 10:31:29.591 [info] Getting sessions for read:user...
2025-06-06 10:31:29.591 [info] Got 0 sessions for read:user...
2025-06-06 10:31:29.612 [info] Getting sessions for user:email...
2025-06-06 10:31:29.612 [info] Got 0 sessions for user:email...
2025-06-06 10:31:29.612 [info] Getting sessions for read:user,repo,user:email,workflow...
2025-06-06 10:31:29.612 [info] Got 0 sessions for read:user,repo,user:email,workflow...
2025-06-06 10:31:29.848 [info] Getting sessions for user:email...
2025-06-06 10:31:29.848 [info] Got 0 sessions for user:email...
2025-06-06 10:31:31.506 [info] Getting sessions for all scopes...
2025-06-06 10:31:31.507 [info] Got 0 sessions for ...
2025-06-06 10:31:31.507 [info] Getting sessions for all scopes...
2025-06-06 10:31:31.507 [info] Got 0 sessions for ...
2025-06-06 10:31:31.625 [info] Getting sessions for user:email...
2025-06-06 10:31:31.625 [info] Got 0 sessions for user:email...
2025-06-06 10:31:31.709 [info] Getting sessions for all scopes...
2025-06-06 10:31:31.709 [info] Got 0 sessions for ...
2025-06-06 10:31:32.256 [info] Getting sessions for read:user,repo,user:email,workflow...
2025-06-06 10:31:32.256 [info] Got 0 sessions for read:user,repo,user:email,workflow...
2025-06-06 10:31:32.263 [info] Getting sessions for user:email...
2025-06-06 10:31:32.263 [info] Got 0 sessions for user:email...
2025-06-06 10:31:32.349 [info] Getting sessions for all scopes...
2025-06-06 10:31:32.349 [info] Got 0 sessions for ...
2025-06-06 10:31:32.370 [info] Getting sessions for user:email...
2025-06-06 10:31:32.371 [info] Got 0 sessions for user:email...
2025-06-06 10:31:32.374 [info] Getting sessions for all scopes...
2025-06-06 10:31:32.374 [info] Got 0 sessions for ...
2025-06-06 10:31:32.376 [info] Getting sessions for user:email...
2025-06-06 10:31:32.376 [info] Got 0 sessions for user:email...
2025-06-06 10:31:32.394 [info] Getting sessions for all scopes...
2025-06-06 10:31:32.394 [info] Got 0 sessions for ...
2025-06-06 10:31:32.400 [info] Getting sessions for all scopes...
2025-06-06 10:31:32.400 [info] Got 0 sessions for ...
2025-06-06 10:46:31.786 [info] Getting sessions for all scopes...
2025-06-06 10:46:31.809 [info] Got 0 sessions for ...
2025-06-06 10:46:31.815 [info] Getting sessions for user:email...
2025-06-06 10:46:31.815 [info] Got 0 sessions for user:email...
2025-06-06 10:46:31.820 [info] Getting sessions for all scopes...
2025-06-06 10:46:31.820 [info] Got 0 sessions for ...
2025-06-06 10:46:31.824 [info] Getting sessions for user:email...
2025-06-06 10:46:31.824 [info] Got 0 sessions for user:email...
