2025-05-27 09:14:40.196 [info] Reading sessions from keychain...
2025-05-27 09:14:40.196 [info] Getting sessions for all scopes...
2025-05-27 09:14:40.196 [info] Getting sessions for all scopes...
2025-05-27 09:14:40.196 [info] Getting sessions for all scopes...
2025-05-27 09:14:40.236 [info] Getting sessions for all scopes...
2025-05-27 09:14:40.236 [info] Getting sessions for all scopes...
2025-05-27 09:14:40.236 [info] Getting sessions for all scopes...
2025-05-27 09:14:40.236 [info] Getting sessions for all scopes...
2025-05-27 09:14:40.237 [info] Getting sessions for all scopes...
2025-05-27 09:14:40.253 [info] Got 0 sessions for ...
2025-05-27 09:14:40.253 [info] Got 0 sessions for ...
2025-05-27 09:14:40.253 [info] Got 0 sessions for ...
2025-05-27 09:14:40.253 [info] Got 0 sessions for ...
2025-05-27 09:14:40.253 [info] Got 0 sessions for ...
2025-05-27 09:14:40.253 [info] Got 0 sessions for ...
2025-05-27 09:14:40.253 [info] Got 0 sessions for ...
2025-05-27 09:14:40.253 [info] Got 0 sessions for ...
2025-05-27 09:14:40.790 [info] Getting sessions for all scopes...
2025-05-27 09:14:40.790 [info] Got 0 sessions for ...
2025-05-27 09:14:40.794 [info] Getting sessions for all scopes...
2025-05-27 09:14:40.794 [info] Got 0 sessions for ...
2025-05-27 09:14:40.795 [info] Getting sessions for all scopes...
2025-05-27 09:14:40.795 [info] Got 0 sessions for ...
2025-05-27 09:14:40.796 [info] Getting sessions for all scopes...
2025-05-27 09:14:40.796 [info] Got 0 sessions for ...
2025-05-27 09:14:40.800 [info] Getting sessions for all scopes...
2025-05-27 09:14:40.800 [info] Got 0 sessions for ...
2025-05-27 09:14:40.800 [info] Getting sessions for all scopes...
2025-05-27 09:14:40.800 [info] Got 0 sessions for ...
2025-05-27 09:14:51.388 [info] Getting sessions for all scopes...
2025-05-27 09:14:51.388 [info] Got 0 sessions for ...
2025-05-27 09:14:52.676 [info] Getting sessions for all scopes...
2025-05-27 09:14:52.676 [info] Got 0 sessions for ...
2025-05-27 09:14:58.533 [info] Getting sessions for all scopes...
2025-05-27 09:14:58.533 [info] Got 0 sessions for ...
2025-05-27 09:14:58.533 [info] Getting sessions for all scopes...
2025-05-27 09:14:58.533 [info] Got 0 sessions for ...
2025-05-27 09:14:58.568 [info] Getting sessions for all scopes...
2025-05-27 09:14:58.568 [info] Got 0 sessions for ...
2025-05-27 09:14:59.008 [info] Getting sessions for all scopes...
2025-05-27 09:14:59.009 [info] Got 0 sessions for ...
2025-05-27 09:14:59.076 [info] Getting sessions for read:user,repo,user:email,workflow...
2025-05-27 09:14:59.076 [info] Got 0 sessions for read:user,repo,user:email,workflow...
2025-05-27 09:14:59.874 [info] Getting sessions for user:email...
2025-05-27 09:14:59.874 [info] Got 0 sessions for user:email...
2025-05-27 09:14:59.874 [info] Getting sessions for read:user,repo,user:email,workflow...
2025-05-27 09:14:59.874 [info] Got 0 sessions for read:user,repo,user:email,workflow...
2025-05-27 09:15:05.181 [info] Getting sessions for read:user...
2025-05-27 09:15:05.181 [info] Got 0 sessions for read:user...
2025-05-27 09:15:05.786 [info] Getting sessions for all scopes...
2025-05-27 09:15:05.786 [info] Got 0 sessions for ...
2025-05-27 09:15:07.231 [info] Getting sessions for user:email...
2025-05-27 09:15:07.231 [info] Got 0 sessions for user:email...
2025-05-27 09:15:07.321 [info] Getting sessions for user:email...
2025-05-27 09:15:07.321 [info] Got 0 sessions for user:email...
2025-05-27 09:15:08.226 [info] Getting sessions for all scopes...
2025-05-27 09:15:08.226 [info] Got 0 sessions for ...
2025-05-27 09:15:08.293 [info] Getting sessions for read:user,repo,user:email,workflow...
2025-05-27 09:15:08.293 [info] Got 0 sessions for read:user,repo,user:email,workflow...
2025-05-27 09:15:08.347 [info] Getting sessions for user:email...
2025-05-27 09:15:08.347 [info] Got 0 sessions for user:email...
2025-05-27 09:15:08.846 [info] Getting sessions for all scopes...
2025-05-27 09:15:08.846 [info] Got 0 sessions for ...
2025-05-27 09:15:08.898 [info] Getting sessions for user:email...
2025-05-27 09:15:08.898 [info] Got 0 sessions for user:email...
2025-05-27 09:15:08.921 [info] Getting sessions for all scopes...
2025-05-27 09:15:08.921 [info] Got 0 sessions for ...
2025-05-27 09:15:08.923 [info] Getting sessions for user:email...
2025-05-27 09:15:08.923 [info] Got 0 sessions for user:email...
2025-05-27 09:15:08.946 [info] Getting sessions for all scopes...
2025-05-27 09:15:08.946 [info] Got 0 sessions for ...
2025-05-27 09:15:08.996 [info] Getting sessions for all scopes...
2025-05-27 09:15:08.996 [info] Got 0 sessions for ...
2025-05-27 09:30:08.945 [info] Getting sessions for all scopes...
2025-05-27 09:30:08.970 [info] Got 0 sessions for ...
2025-05-27 09:30:08.976 [info] Getting sessions for user:email...
2025-05-27 09:30:08.976 [info] Got 0 sessions for user:email...
2025-05-27 09:30:08.979 [info] Getting sessions for all scopes...
2025-05-27 09:30:08.979 [info] Got 0 sessions for ...
2025-05-27 09:30:08.982 [info] Getting sessions for user:email...
2025-05-27 09:30:08.982 [info] Got 0 sessions for user:email...
