2025-06-06 10:32:18.363 [info] [main] Log level: Info
2025-06-06 10:32:18.363 [info] [main] Validating found git in: "git"
2025-06-06 10:32:18.363 [info] [main] Using git "2.49.0" from "git"
2025-06-06 10:32:18.363 [info] [Model][doInitialScan] Initial repository scan started
2025-06-06 10:32:18.363 [info] [Model][doInitialScan] Initial repository scan completed - repositories (0), closed repositories (0), parent repositories (0), unsafe repositories (0)
2025-06-06 10:33:20.725 [info] [main] Log level: Info
2025-06-06 10:33:20.725 [info] [main] Validating found git in: "git"
2025-06-06 10:33:20.725 [info] [main] Using git "2.49.0" from "git"
2025-06-06 10:33:20.725 [info] [Model][doInitialScan] Initial repository scan started
2025-06-06 10:33:20.725 [info] > git rev-parse --show-toplevel [10ms]
2025-06-06 10:33:20.725 [info] fatal: not a git repository (or any of the parent directories): .git
2025-06-06 10:33:20.777 [info] > git rev-parse --show-toplevel [23ms]
2025-06-06 10:33:20.777 [info] fatal: not a git repository (or any of the parent directories): .git
2025-06-06 10:33:20.828 [info] > git rev-parse --show-toplevel [9ms]
2025-06-06 10:33:20.828 [info] fatal: not a git repository (or any of the parent directories): .git
2025-06-06 10:33:20.852 [info] [Model][doInitialScan] Initial repository scan completed - repositories (0), closed repositories (0), parent repositories (0), unsafe repositories (0)
2025-06-06 10:33:24.714 [info] > git rev-parse --show-toplevel [417ms]
2025-06-06 10:33:24.714 [info] fatal: not a git repository (or any of the parent directories): .git
2025-06-06 10:33:25.966 [info] > git rev-parse --show-toplevel [541ms]
2025-06-06 10:33:25.966 [info] fatal: not a git repository (or any of the parent directories): .git
2025-06-06 10:33:26.102 [info] > git rev-parse --show-toplevel [74ms]
2025-06-06 10:33:26.102 [info] fatal: not a git repository (or any of the parent directories): .git
2025-06-06 10:33:26.281 [info] > git rev-parse --show-toplevel [123ms]
2025-06-06 10:33:26.281 [info] fatal: not a git repository (or any of the parent directories): .git
2025-06-06 10:33:30.502 [info] > git rev-parse --show-toplevel [10ms]
2025-06-06 10:33:30.502 [info] fatal: not a git repository (or any of the parent directories): .git
2025-06-06 10:35:56.584 [info] > git rev-parse --show-toplevel [14ms]
2025-06-06 10:35:56.584 [info] fatal: not a git repository (or any of the parent directories): .git
2025-06-06 10:36:09.835 [info] > git rev-parse --show-toplevel [24ms]
2025-06-06 10:36:09.835 [info] fatal: not a git repository (or any of the parent directories): .git
2025-06-06 10:53:48.688 [info] > git rev-parse --show-toplevel [27ms]
2025-06-06 10:53:48.689 [info] fatal: not a git repository (or any of the parent directories): .git
2025-06-06 10:54:01.253 [info] > git rev-parse --show-toplevel [8ms]
2025-06-06 10:54:01.253 [info] fatal: not a git repository (or any of the parent directories): .git
2025-06-06 10:55:50.770 [info] > git rev-parse --show-toplevel [4ms]
2025-06-06 10:55:50.770 [info] fatal: not a git repository (or any of the parent directories): .git
2025-06-06 10:56:34.888 [info] > git rev-parse --show-toplevel [8ms]
2025-06-06 10:56:34.888 [info] fatal: not a git repository (or any of the parent directories): .git
2025-06-06 11:01:14.647 [info] > git rev-parse --show-toplevel [6ms]
2025-06-06 11:01:14.678 [info] fatal: not a git repository (or any of the parent directories): .git
2025-06-06 11:01:15.738 [info] > git rev-parse --show-toplevel [6ms]
2025-06-06 11:01:15.738 [info] fatal: not a git repository (or any of the parent directories): .git
2025-06-06 11:01:17.029 [info] > git rev-parse --show-toplevel [10ms]
2025-06-06 11:01:17.029 [info] fatal: not a git repository (or any of the parent directories): .git
2025-06-06 11:02:29.454 [info] > git rev-parse --show-toplevel [9ms]
2025-06-06 11:02:29.454 [info] fatal: not a git repository (or any of the parent directories): .git
2025-06-06 11:03:20.530 [info] > git rev-parse --show-toplevel [4ms]
2025-06-06 11:03:20.530 [info] fatal: not a git repository (or any of the parent directories): .git
2025-06-06 11:03:21.991 [info] > git rev-parse --show-toplevel [16ms]
2025-06-06 11:03:21.991 [info] fatal: not a git repository (or any of the parent directories): .git
2025-06-06 11:03:25.354 [info] > git rev-parse --show-toplevel [5ms]
2025-06-06 11:03:25.354 [info] fatal: not a git repository (or any of the parent directories): .git
2025-06-06 11:10:00.048 [info] > git rev-parse --show-toplevel [13ms]
2025-06-06 11:10:00.048 [info] fatal: not a git repository (or any of the parent directories): .git
2025-06-06 11:10:02.018 [info] > git rev-parse --show-toplevel [11ms]
2025-06-06 11:10:02.018 [info] fatal: not a git repository (or any of the parent directories): .git
2025-06-06 11:10:10.388 [info] > git rev-parse --show-toplevel [9ms]
2025-06-06 11:10:10.388 [info] fatal: not a git repository (or any of the parent directories): .git
