2025-05-27 13:32:12.209 [info] Reading sessions from keychain...
2025-05-27 13:32:12.209 [info] Getting sessions for all scopes...
2025-05-27 13:32:12.209 [info] Getting sessions for all scopes...
2025-05-27 13:32:12.210 [info] Getting sessions for all scopes...
2025-05-27 13:32:12.232 [info] Got 0 sessions for ...
2025-05-27 13:32:12.232 [info] Got 0 sessions for ...
2025-05-27 13:32:12.232 [info] Got 0 sessions for ...
2025-05-27 13:32:12.258 [info] Getting sessions for all scopes...
2025-05-27 13:32:12.258 [info] Got 0 sessions for ...
2025-05-27 13:32:12.258 [info] Getting sessions for all scopes...
2025-05-27 13:32:12.258 [info] Got 0 sessions for ...
2025-05-27 13:32:12.259 [info] Getting sessions for all scopes...
2025-05-27 13:32:12.259 [info] Got 0 sessions for ...
2025-05-27 13:32:12.264 [info] Getting sessions for all scopes...
2025-05-27 13:32:12.264 [info] Got 0 sessions for ...
2025-05-27 13:32:12.265 [info] Getting sessions for all scopes...
2025-05-27 13:32:12.265 [info] Got 0 sessions for ...
2025-05-27 13:32:12.274 [info] Getting sessions for all scopes...
2025-05-27 13:32:12.274 [info] Got 0 sessions for ...
2025-05-27 13:32:12.278 [info] Getting sessions for all scopes...
2025-05-27 13:32:12.278 [info] Got 0 sessions for ...
2025-05-27 13:32:12.280 [info] Getting sessions for all scopes...
2025-05-27 13:32:12.280 [info] Got 0 sessions for ...
2025-05-27 13:32:12.282 [info] Getting sessions for all scopes...
2025-05-27 13:32:12.282 [info] Got 0 sessions for ...
2025-05-27 13:32:12.289 [info] Getting sessions for all scopes...
2025-05-27 13:32:12.289 [info] Got 0 sessions for ...
2025-05-27 13:32:12.289 [info] Getting sessions for all scopes...
2025-05-27 13:32:12.289 [info] Got 0 sessions for ...
2025-05-27 13:32:17.131 [info] Getting sessions for all scopes...
2025-05-27 13:32:17.131 [info] Got 0 sessions for ...
2025-05-27 13:32:17.303 [info] Getting sessions for all scopes...
2025-05-27 13:32:17.303 [info] Got 0 sessions for ...
2025-05-27 13:32:17.419 [info] Getting sessions for all scopes...
2025-05-27 13:32:17.419 [info] Got 0 sessions for ...
2025-05-27 13:32:18.167 [info] Getting sessions for all scopes...
2025-05-27 13:32:18.167 [info] Got 0 sessions for ...
2025-05-27 13:32:18.167 [info] Getting sessions for read:user,repo,user:email,workflow...
2025-05-27 13:32:18.167 [info] Got 0 sessions for read:user,repo,user:email,workflow...
2025-05-27 13:32:18.167 [info] Getting sessions for all scopes...
2025-05-27 13:32:18.167 [info] Got 0 sessions for ...
2025-05-27 13:32:18.168 [info] Getting sessions for all scopes...
2025-05-27 13:32:18.168 [info] Got 0 sessions for ...
2025-05-27 13:32:19.370 [info] Getting sessions for read:user...
2025-05-27 13:32:19.370 [info] Got 0 sessions for read:user...
2025-05-27 13:32:19.370 [info] Getting sessions for user:email...
2025-05-27 13:32:19.370 [info] Got 0 sessions for user:email...
2025-05-27 13:32:19.376 [info] Getting sessions for read:user,repo,user:email,workflow...
2025-05-27 13:32:19.376 [info] Got 0 sessions for read:user,repo,user:email,workflow...
2025-05-27 13:32:21.354 [info] Getting sessions for user:email...
2025-05-27 13:32:21.354 [info] Got 0 sessions for user:email...
2025-05-27 13:32:21.354 [info] Getting sessions for all scopes...
2025-05-27 13:32:21.354 [info] Got 0 sessions for ...
2025-05-27 13:32:21.714 [info] Getting sessions for user:email...
2025-05-27 13:32:21.714 [info] Got 0 sessions for user:email...
2025-05-27 13:32:22.034 [info] Getting sessions for all scopes...
2025-05-27 13:32:22.034 [info] Got 0 sessions for ...
2025-05-27 13:32:22.113 [info] Getting sessions for read:user,repo,user:email,workflow...
2025-05-27 13:32:22.113 [info] Got 0 sessions for read:user,repo,user:email,workflow...
2025-05-27 13:32:22.173 [info] Getting sessions for user:email...
2025-05-27 13:32:22.173 [info] Got 0 sessions for user:email...
2025-05-27 13:32:22.226 [info] Getting sessions for all scopes...
2025-05-27 13:32:22.226 [info] Got 0 sessions for ...
2025-05-27 13:32:22.241 [info] Getting sessions for user:email...
2025-05-27 13:32:22.241 [info] Got 0 sessions for user:email...
2025-05-27 13:32:22.243 [info] Getting sessions for all scopes...
2025-05-27 13:32:22.243 [info] Got 0 sessions for ...
2025-05-27 13:32:22.245 [info] Getting sessions for user:email...
2025-05-27 13:32:22.245 [info] Got 0 sessions for user:email...
2025-05-27 13:32:22.253 [info] Getting sessions for all scopes...
2025-05-27 13:32:22.254 [info] Got 0 sessions for ...
2025-05-27 13:32:22.255 [info] Getting sessions for all scopes...
2025-05-27 13:32:22.255 [info] Got 0 sessions for ...
2025-05-27 13:32:37.712 [info] Getting sessions for read:user,repo,user:email,workflow...
2025-05-27 13:32:37.712 [info] Got 0 sessions for read:user,repo,user:email,workflow...
2025-05-27 13:32:37.723 [info] Getting sessions for read:user...
2025-05-27 13:32:37.723 [info] Got 0 sessions for read:user...
2025-05-27 13:32:37.727 [info] Getting sessions for user:email...
2025-05-27 13:32:37.727 [info] Got 0 sessions for user:email...
2025-05-27 13:33:07.056 [info] Getting sessions for read:user,repo,user:email,workflow...
2025-05-27 13:33:07.056 [info] Got 0 sessions for read:user,repo,user:email,workflow...
2025-05-27 13:33:07.085 [info] Getting sessions for read:user...
2025-05-27 13:33:07.087 [info] Got 0 sessions for read:user...
2025-05-27 13:33:07.143 [info] Getting sessions for user:email...
2025-05-27 13:33:07.144 [info] Got 0 sessions for user:email...
2025-05-27 13:39:15.231 [info] Getting sessions for read:user,repo,user:email,workflow...
2025-05-27 13:39:15.258 [info] Got 0 sessions for read:user,repo,user:email,workflow...
2025-05-27 13:39:15.314 [info] Getting sessions for read:user...
2025-05-27 13:39:15.314 [info] Got 0 sessions for read:user...
2025-05-27 13:39:15.396 [info] Getting sessions for user:email...
2025-05-27 13:39:15.396 [info] Got 0 sessions for user:email...
2025-05-27 13:40:17.286 [info] Getting sessions for read:user,repo,user:email,workflow...
2025-05-27 13:40:17.287 [info] Got 0 sessions for read:user,repo,user:email,workflow...
2025-05-27 13:40:17.327 [info] Getting sessions for read:user...
2025-05-27 13:40:17.327 [info] Got 0 sessions for read:user...
2025-05-27 13:40:17.332 [info] Getting sessions for user:email...
2025-05-27 13:40:17.332 [info] Got 0 sessions for user:email...
2025-05-27 13:40:18.051 [info] Getting sessions for read:user,repo,user:email,workflow...
2025-05-27 13:40:18.052 [info] Got 0 sessions for read:user,repo,user:email,workflow...
2025-05-27 13:40:18.062 [info] Getting sessions for read:user...
2025-05-27 13:40:18.062 [info] Got 0 sessions for read:user...
2025-05-27 13:40:18.064 [info] Getting sessions for user:email...
2025-05-27 13:40:18.064 [info] Got 0 sessions for user:email...
2025-05-27 13:40:42.534 [info] Getting sessions for read:user,repo,user:email,workflow...
2025-05-27 13:40:42.535 [info] Got 0 sessions for read:user,repo,user:email,workflow...
2025-05-27 13:40:42.538 [info] Getting sessions for read:user...
2025-05-27 13:40:42.538 [info] Got 0 sessions for read:user...
2025-05-27 13:40:42.539 [info] Getting sessions for user:email...
2025-05-27 13:40:42.539 [info] Got 0 sessions for user:email...
2025-05-27 13:40:57.577 [info] Getting sessions for read:user,repo,user:email,workflow...
2025-05-27 13:40:57.577 [info] Got 0 sessions for read:user,repo,user:email,workflow...
2025-05-27 13:40:57.579 [info] Getting sessions for read:user...
2025-05-27 13:40:57.579 [info] Got 0 sessions for read:user...
2025-05-27 13:40:57.581 [info] Getting sessions for user:email...
2025-05-27 13:40:57.581 [info] Got 0 sessions for user:email...
2025-05-27 13:47:22.254 [info] Getting sessions for all scopes...
2025-05-27 13:47:22.254 [info] Got 0 sessions for ...
2025-05-27 13:47:22.256 [info] Getting sessions for user:email...
2025-05-27 13:47:22.256 [info] Got 0 sessions for user:email...
2025-05-27 13:47:22.259 [info] Getting sessions for all scopes...
2025-05-27 13:47:22.259 [info] Got 0 sessions for ...
2025-05-27 13:47:22.262 [info] Getting sessions for user:email...
2025-05-27 13:47:22.262 [info] Got 0 sessions for user:email...
2025-05-27 13:48:23.206 [info] Getting sessions for read:user,repo,user:email,workflow...
2025-05-27 13:48:23.206 [info] Got 0 sessions for read:user,repo,user:email,workflow...
2025-05-27 13:48:23.210 [info] Getting sessions for read:user...
2025-05-27 13:48:23.210 [info] Got 0 sessions for read:user...
2025-05-27 13:48:23.212 [info] Getting sessions for user:email...
2025-05-27 13:48:23.212 [info] Got 0 sessions for user:email...
