2025-05-26 12:50:29.039 [info] Experiment 'pythonRecommendTensorboardExt' is active
2025-05-26 12:50:29.039 [info] Experiment 'pythonTerminalEnvVarActivation' is active
2025-05-26 12:50:29.137 [warning] Dir "/home/yoku/.config/.pixi/envs" is not watchable (directory does not exist)
2025-05-26 12:50:29.694 [info] Starting Environment refresh
2025-05-26 12:50:29.694 [info] Searching for interpreters in posix paths locator
2025-05-26 12:50:29.721 [info] Searching for pyenv environments
2025-05-26 12:50:29.721 [info] Searching for conda environments
2025-05-26 12:50:29.722 [info] Searching for global virtual environments
2025-05-26 12:50:29.723 [info] Searching for custom virtual environments
2025-05-26 12:50:30.063 [info] pyenv is not installed
2025-05-26 12:50:30.063 [info] Finished searching for pyenv environments: 367 milliseconds
2025-05-26 12:50:30.064 [info] Finished searching for custom virtual envs: 364 milliseconds
2025-05-26 12:50:30.095 [info] > conda info --json
2025-05-26 12:50:30.171 [info] > hatch env show --json
2025-05-26 12:50:30.171 [info] cwd: .
2025-05-26 12:50:30.718 [info] > pyenv which python
2025-05-26 12:50:30.718 [info] cwd: .
2025-05-26 12:50:30.718 [info] Finished searching for global virtual envs: 1021 milliseconds
2025-05-26 12:50:31.427 [info] Found: /bin/python --> /bin/python3.13
2025-05-26 12:50:31.535 [info] Found: /bin/python3 --> /bin/python3.13
2025-05-26 12:50:31.536 [info] Found: /bin/python3.13 --> /bin/python3.13
2025-05-26 12:50:31.635 [info] Found: /sbin/python --> /sbin/python3.13
2025-05-26 12:50:31.661 [info] Found: /sbin/python3 --> /sbin/python3.13
2025-05-26 12:50:31.662 [info] Found: /sbin/python3.13 --> /sbin/python3.13
2025-05-26 12:50:31.691 [info] Found: /usr/bin/python --> /usr/bin/python3.13
2025-05-26 12:50:31.701 [info] Found: /usr/bin/python3 --> /usr/bin/python3.13
2025-05-26 12:50:31.704 [info] Found: /usr/bin/python3.13 --> /usr/bin/python3.13
2025-05-26 12:50:31.864 [info] Found: /usr/sbin/python --> /usr/sbin/python3.13
2025-05-26 12:50:31.879 [info] Found: /usr/sbin/python3 --> /usr/sbin/python3.13
2025-05-26 12:50:31.889 [info] Found: /usr/sbin/python3.13 --> /usr/sbin/python3.13
2025-05-26 12:50:32.248 [info] > /bin/python -I ~/.vscode/extensions/ms-python.python-2025.6.1-linux-x64/python_files/get_output_via_markers.py ~/.vscode/extensions/ms-python.python-2025.6.1-linux-x64/python_files/interpreterInfo.py
2025-05-26 12:50:32.530 [info] > /sbin/python -I ~/.vscode/extensions/ms-python.python-2025.6.1-linux-x64/python_files/get_output_via_markers.py ~/.vscode/extensions/ms-python.python-2025.6.1-linux-x64/python_files/interpreterInfo.py
2025-05-26 12:50:32.950 [info] Finished searching for interpreters in posix paths locator: 3202 milliseconds
2025-05-26 12:50:32.950 [info] > /usr/bin/python -I ~/.vscode/extensions/ms-python.python-2025.6.1-linux-x64/python_files/get_output_via_markers.py ~/.vscode/extensions/ms-python.python-2025.6.1-linux-x64/python_files/interpreterInfo.py
2025-05-26 12:50:33.135 [info] > /usr/sbin/python -I ~/.vscode/extensions/ms-python.python-2025.6.1-linux-x64/python_files/get_output_via_markers.py ~/.vscode/extensions/ms-python.python-2025.6.1-linux-x64/python_files/interpreterInfo.py
2025-05-26 12:50:33.135 [info] Environments refresh paths discovered (event): 3445 milliseconds
2025-05-26 12:50:33.135 [info] Environments refresh paths discovered: 3445 milliseconds
2025-05-26 12:50:33.245 [info] Environments refresh finished (event): 3555 milliseconds
2025-05-26 12:50:33.277 [info] Environment refresh took 3586 milliseconds
2025-05-26 12:50:33.334 [info] Python interpreter path: /bin/python
2025-05-26 12:50:35.369 [warning] Shell integration may not be active, environment activated may be overridden by the shell.
2025-05-26 12:50:42.867 [info] Discover tests for workspace name: .config - uri: /home/yoku/.config
2025-05-26 12:50:48.521 [info] Starting Pylance language server.
