2025-05-27 13:32:19.303 [info] [main] Log level: Info
2025-05-27 13:32:19.303 [info] [main] Validating found git in: "git"
2025-05-27 13:32:19.303 [info] [main] Using git "2.49.0" from "git"
2025-05-27 13:32:19.303 [info] [Model][doInitialScan] Initial repository scan started
2025-05-27 13:32:19.303 [info] > git rev-parse --show-toplevel [3119ms]
2025-05-27 13:32:19.303 [info] fatal: not a git repository (or any of the parent directories): .git
2025-05-27 13:32:19.303 [info] > git rev-parse --show-toplevel [787ms]
2025-05-27 13:32:19.303 [info] fatal: not a git repository (or any of the parent directories): .git
2025-05-27 13:32:19.306 [info] > git rev-parse --show-toplevel [690ms]
2025-05-27 13:32:19.306 [info] fatal: not a git repository (or any of the parent directories): .git
2025-05-27 13:32:19.312 [info] [Model][doInitialScan] Initial repository scan completed - repositories (0), closed repositories (0), parent repositories (0), unsafe repositories (0)
2025-05-27 13:32:19.376 [info] > git rev-parse --show-toplevel [33ms]
2025-05-27 13:32:19.376 [info] fatal: not a git repository (or any of the parent directories): .git
2025-05-27 13:32:19.526 [info] > git rev-parse --show-toplevel [113ms]
2025-05-27 13:32:19.526 [info] fatal: not a git repository (or any of the parent directories): .git
2025-05-27 13:32:21.562 [info] > git rev-parse --show-toplevel [154ms]
2025-05-27 13:32:21.562 [info] fatal: not a git repository (or any of the parent directories): .git
2025-05-27 13:32:34.839 [info] > git rev-parse --show-toplevel [4ms]
2025-05-27 13:32:34.839 [info] fatal: not a git repository (or any of the parent directories): .git
2025-05-27 13:33:05.621 [info] > git rev-parse --show-toplevel [10ms]
2025-05-27 13:33:05.621 [info] fatal: not a git repository (or any of the parent directories): .git
2025-05-27 13:36:51.820 [info] > git rev-parse --show-toplevel [26ms]
2025-05-27 13:36:51.821 [info] fatal: not a git repository (or any of the parent directories): .git
2025-05-27 13:37:59.331 [info] > git rev-parse --show-toplevel [14ms]
2025-05-27 13:37:59.331 [info] fatal: not a git repository (or any of the parent directories): .git
2025-05-27 13:39:10.027 [info] > git rev-parse --show-toplevel [8ms]
2025-05-27 13:39:10.028 [info] fatal: not a git repository (or any of the parent directories): .git
