2025-05-27 13:36:57.870 [info] Reading sessions from keychain...
2025-05-27 13:36:57.870 [info] Getting sessions for all scopes...
2025-05-27 13:36:57.870 [info] Getting sessions for all scopes...
2025-05-27 13:36:57.870 [info] Getting sessions for all scopes...
2025-05-27 13:36:57.870 [info] Getting sessions for all scopes...
2025-05-27 13:36:57.870 [info] Getting sessions for all scopes...
2025-05-27 13:36:57.870 [info] Getting sessions for all scopes...
2025-05-27 13:36:57.870 [info] Getting sessions for all scopes...
2025-05-27 13:36:57.870 [info] Getting sessions for all scopes...
2025-05-27 13:36:57.921 [info] Got 0 sessions for ...
2025-05-27 13:36:57.921 [info] Got 0 sessions for ...
2025-05-27 13:36:57.921 [info] Got 0 sessions for ...
2025-05-27 13:36:57.921 [info] Got 0 sessions for ...
2025-05-27 13:36:57.921 [info] Got 0 sessions for ...
2025-05-27 13:36:57.921 [info] Got 0 sessions for ...
2025-05-27 13:36:57.921 [info] Got 0 sessions for ...
2025-05-27 13:36:57.921 [info] Got 0 sessions for ...
2025-05-27 13:36:58.311 [info] Getting sessions for all scopes...
2025-05-27 13:36:58.311 [info] Got 0 sessions for ...
2025-05-27 13:36:58.311 [info] Getting sessions for all scopes...
2025-05-27 13:36:58.311 [info] Got 0 sessions for ...
2025-05-27 13:36:58.312 [info] Getting sessions for all scopes...
2025-05-27 13:36:58.312 [info] Got 0 sessions for ...
2025-05-27 13:36:58.312 [info] Getting sessions for all scopes...
2025-05-27 13:36:58.312 [info] Got 0 sessions for ...
2025-05-27 13:36:58.312 [info] Getting sessions for all scopes...
2025-05-27 13:36:58.312 [info] Got 0 sessions for ...
2025-05-27 13:36:58.313 [info] Getting sessions for all scopes...
2025-05-27 13:36:58.313 [info] Got 0 sessions for ...
2025-05-27 13:37:05.013 [info] Getting sessions for all scopes...
2025-05-27 13:37:05.013 [info] Got 0 sessions for ...
2025-05-27 13:37:05.015 [info] Getting sessions for all scopes...
2025-05-27 13:37:05.015 [info] Got 0 sessions for ...
2025-05-27 13:37:05.016 [info] Getting sessions for all scopes...
2025-05-27 13:37:05.016 [info] Got 0 sessions for ...
2025-05-27 13:37:05.849 [info] Getting sessions for all scopes...
2025-05-27 13:37:05.849 [info] Got 0 sessions for ...
2025-05-27 13:37:05.850 [info] Getting sessions for read:user,repo,user:email,workflow...
2025-05-27 13:37:05.850 [info] Got 0 sessions for read:user,repo,user:email,workflow...
2025-05-27 13:37:06.109 [info] Getting sessions for user:email...
2025-05-27 13:37:06.109 [info] Got 0 sessions for user:email...
2025-05-27 13:37:06.109 [info] Getting sessions for read:user,repo,user:email,workflow...
2025-05-27 13:37:06.109 [info] Got 0 sessions for read:user,repo,user:email,workflow...
2025-05-27 13:37:06.479 [info] Getting sessions for read:user...
2025-05-27 13:37:06.479 [info] Got 0 sessions for read:user...
2025-05-27 13:37:09.905 [info] Getting sessions for all scopes...
2025-05-27 13:37:09.905 [info] Got 0 sessions for ...
2025-05-27 13:37:09.912 [info] Getting sessions for all scopes...
2025-05-27 13:37:09.912 [info] Got 0 sessions for ...
2025-05-27 13:37:09.978 [info] Getting sessions for all scopes...
2025-05-27 13:37:09.979 [info] Got 0 sessions for ...
2025-05-27 13:37:10.329 [info] Getting sessions for user:email...
2025-05-27 13:37:10.329 [info] Got 0 sessions for user:email...
2025-05-27 13:37:11.266 [info] Getting sessions for user:email...
2025-05-27 13:37:11.266 [info] Got 0 sessions for user:email...
2025-05-27 13:37:11.576 [info] Getting sessions for all scopes...
2025-05-27 13:37:11.576 [info] Got 0 sessions for ...
2025-05-27 13:37:11.682 [info] Getting sessions for user:email...
2025-05-27 13:37:11.682 [info] Got 0 sessions for user:email...
2025-05-27 13:37:11.880 [info] Getting sessions for read:user,repo,user:email,workflow...
2025-05-27 13:37:11.880 [info] Got 0 sessions for read:user,repo,user:email,workflow...
2025-05-27 13:37:12.068 [info] Getting sessions for all scopes...
2025-05-27 13:37:12.068 [info] Got 0 sessions for ...
2025-05-27 13:37:12.084 [info] Getting sessions for user:email...
2025-05-27 13:37:12.084 [info] Got 0 sessions for user:email...
2025-05-27 13:37:12.098 [info] Getting sessions for all scopes...
2025-05-27 13:37:12.098 [info] Got 0 sessions for ...
2025-05-27 13:37:12.102 [info] Getting sessions for user:email...
2025-05-27 13:37:12.102 [info] Got 0 sessions for user:email...
2025-05-27 13:37:12.117 [info] Getting sessions for all scopes...
2025-05-27 13:37:12.117 [info] Got 0 sessions for ...
2025-05-27 13:37:12.118 [info] Getting sessions for all scopes...
2025-05-27 13:37:12.118 [info] Got 0 sessions for ...
