2025-06-06 10:32:16.763 [info] Reading sessions from keychain...
2025-06-06 10:32:16.764 [info] Getting sessions for all scopes...
2025-06-06 10:32:16.764 [info] Getting sessions for all scopes...
2025-06-06 10:32:16.764 [info] Getting sessions for all scopes...
2025-06-06 10:32:16.855 [info] Getting sessions for all scopes...
2025-06-06 10:32:16.855 [info] Getting sessions for all scopes...
2025-06-06 10:32:16.857 [info] Getting sessions for all scopes...
2025-06-06 10:32:16.857 [info] Getting sessions for all scopes...
2025-06-06 10:32:16.857 [info] Getting sessions for all scopes...
2025-06-06 10:32:16.955 [info] Got 0 sessions for ...
2025-06-06 10:32:16.955 [info] Got 0 sessions for ...
2025-06-06 10:32:16.955 [info] Got 0 sessions for ...
2025-06-06 10:32:16.955 [info] Got 0 sessions for ...
2025-06-06 10:32:16.955 [info] Got 0 sessions for ...
2025-06-06 10:32:16.955 [info] Got 0 sessions for ...
2025-06-06 10:32:16.955 [info] Got 0 sessions for ...
2025-06-06 10:32:16.955 [info] Got 0 sessions for ...
2025-06-06 10:32:17.329 [info] Getting sessions for all scopes...
2025-06-06 10:32:17.331 [info] Got 0 sessions for ...
2025-06-06 10:32:17.331 [info] Getting sessions for all scopes...
2025-06-06 10:32:17.331 [info] Got 0 sessions for ...
2025-06-06 10:32:17.332 [info] Getting sessions for all scopes...
2025-06-06 10:32:17.332 [info] Got 0 sessions for ...
2025-06-06 10:32:17.332 [info] Getting sessions for all scopes...
2025-06-06 10:32:17.332 [info] Got 0 sessions for ...
2025-06-06 10:32:17.332 [info] Getting sessions for all scopes...
2025-06-06 10:32:17.332 [info] Got 0 sessions for ...
2025-06-06 10:32:17.333 [info] Getting sessions for all scopes...
2025-06-06 10:32:17.333 [info] Got 0 sessions for ...
2025-06-06 10:32:21.772 [info] Getting sessions for all scopes...
2025-06-06 10:32:21.772 [info] Got 0 sessions for ...
2025-06-06 10:32:21.805 [info] Getting sessions for all scopes...
2025-06-06 10:32:21.805 [info] Got 0 sessions for ...
2025-06-06 10:32:22.857 [info] Getting sessions for all scopes...
2025-06-06 10:32:22.857 [info] Got 0 sessions for ...
2025-06-06 10:32:22.857 [info] Getting sessions for all scopes...
2025-06-06 10:32:22.858 [info] Got 0 sessions for ...
2025-06-06 10:32:23.060 [info] Getting sessions for all scopes...
2025-06-06 10:32:23.060 [info] Got 0 sessions for ...
2025-06-06 10:32:23.508 [info] Getting sessions for all scopes...
2025-06-06 10:32:23.508 [info] Got 0 sessions for ...
2025-06-06 10:32:23.509 [info] Getting sessions for read:user,repo,user:email,workflow...
2025-06-06 10:32:23.509 [info] Got 0 sessions for read:user,repo,user:email,workflow...
2025-06-06 10:32:23.533 [info] Getting sessions for user:email...
2025-06-06 10:32:23.533 [info] Got 0 sessions for user:email...
2025-06-06 10:32:23.542 [info] Getting sessions for read:user,repo,user:email,workflow...
2025-06-06 10:32:23.542 [info] Got 0 sessions for read:user,repo,user:email,workflow...
2025-06-06 10:32:23.681 [info] Getting sessions for read:user...
2025-06-06 10:32:23.683 [info] Got 0 sessions for read:user...
2025-06-06 10:32:23.798 [info] Getting sessions for all scopes...
2025-06-06 10:32:23.798 [info] Got 0 sessions for ...
2025-06-06 10:32:23.798 [info] Getting sessions for all scopes...
2025-06-06 10:32:23.798 [info] Got 0 sessions for ...
2025-06-06 10:32:25.157 [info] Getting sessions for user:email...
2025-06-06 10:32:25.157 [info] Got 0 sessions for user:email...
2025-06-06 10:32:25.243 [info] Getting sessions for user:email...
2025-06-06 10:32:25.243 [info] Got 0 sessions for user:email...
2025-06-06 10:32:25.423 [info] Getting sessions for all scopes...
2025-06-06 10:32:25.423 [info] Got 0 sessions for ...
2025-06-06 10:32:25.642 [info] Getting sessions for read:user,repo,user:email,workflow...
2025-06-06 10:32:25.642 [info] Got 0 sessions for read:user,repo,user:email,workflow...
2025-06-06 10:32:25.642 [info] Getting sessions for user:email...
2025-06-06 10:32:25.642 [info] Got 0 sessions for user:email...
2025-06-06 10:32:25.678 [info] Getting sessions for all scopes...
2025-06-06 10:32:25.678 [info] Got 0 sessions for ...
2025-06-06 10:32:25.681 [info] Getting sessions for user:email...
2025-06-06 10:32:25.681 [info] Got 0 sessions for user:email...
2025-06-06 10:32:25.684 [info] Getting sessions for all scopes...
2025-06-06 10:32:25.684 [info] Got 0 sessions for ...
2025-06-06 10:32:25.686 [info] Getting sessions for user:email...
2025-06-06 10:32:25.686 [info] Got 0 sessions for user:email...
2025-06-06 10:32:25.694 [info] Getting sessions for all scopes...
2025-06-06 10:32:25.694 [info] Got 0 sessions for ...
2025-06-06 10:32:25.696 [info] Getting sessions for all scopes...
2025-06-06 10:32:25.696 [info] Got 0 sessions for ...
2025-06-06 10:33:18.958 [info] Reading sessions from keychain...
2025-06-06 10:33:19.164 [info] Getting sessions for all scopes...
2025-06-06 10:33:19.165 [info] Getting sessions for all scopes...
2025-06-06 10:33:19.166 [info] Getting sessions for all scopes...
2025-06-06 10:33:19.172 [info] Getting sessions for all scopes...
2025-06-06 10:33:19.172 [info] Getting sessions for all scopes...
2025-06-06 10:33:19.172 [info] Getting sessions for all scopes...
2025-06-06 10:33:19.174 [info] Getting sessions for all scopes...
2025-06-06 10:33:19.177 [info] Getting sessions for all scopes...
2025-06-06 10:33:19.468 [info] Got 0 sessions for ...
2025-06-06 10:33:19.469 [info] Got 0 sessions for ...
2025-06-06 10:33:19.469 [info] Got 0 sessions for ...
2025-06-06 10:33:19.469 [info] Got 0 sessions for ...
2025-06-06 10:33:19.469 [info] Got 0 sessions for ...
2025-06-06 10:33:19.469 [info] Got 0 sessions for ...
2025-06-06 10:33:19.469 [info] Got 0 sessions for ...
2025-06-06 10:33:19.469 [info] Got 0 sessions for ...
2025-06-06 10:33:20.118 [info] Getting sessions for all scopes...
2025-06-06 10:33:20.118 [info] Got 0 sessions for ...
2025-06-06 10:33:20.119 [info] Getting sessions for all scopes...
2025-06-06 10:33:20.119 [info] Got 0 sessions for ...
2025-06-06 10:33:20.120 [info] Getting sessions for all scopes...
2025-06-06 10:33:20.120 [info] Got 0 sessions for ...
2025-06-06 10:33:20.120 [info] Getting sessions for all scopes...
2025-06-06 10:33:20.120 [info] Got 0 sessions for ...
2025-06-06 10:33:20.120 [info] Getting sessions for all scopes...
2025-06-06 10:33:20.120 [info] Got 0 sessions for ...
2025-06-06 10:33:20.121 [info] Getting sessions for all scopes...
2025-06-06 10:33:20.121 [info] Got 0 sessions for ...
2025-06-06 10:33:24.008 [info] Getting sessions for all scopes...
2025-06-06 10:33:24.008 [info] Got 0 sessions for ...
2025-06-06 10:33:24.073 [info] Getting sessions for all scopes...
2025-06-06 10:33:24.074 [info] Got 0 sessions for ...
2025-06-06 10:33:24.215 [info] Getting sessions for all scopes...
2025-06-06 10:33:24.216 [info] Got 0 sessions for ...
2025-06-06 10:33:24.319 [info] Getting sessions for all scopes...
2025-06-06 10:33:24.319 [info] Got 0 sessions for ...
2025-06-06 10:33:25.331 [info] Getting sessions for all scopes...
2025-06-06 10:33:25.332 [info] Got 0 sessions for ...
2025-06-06 10:33:25.332 [info] Getting sessions for read:user,repo,user:email,workflow...
2025-06-06 10:33:25.332 [info] Got 0 sessions for read:user,repo,user:email,workflow...
2025-06-06 10:33:25.395 [info] Getting sessions for all scopes...
2025-06-06 10:33:25.395 [info] Got 0 sessions for ...
2025-06-06 10:33:25.395 [info] Getting sessions for all scopes...
2025-06-06 10:33:25.395 [info] Got 0 sessions for ...
2025-06-06 10:33:26.103 [info] Getting sessions for read:user...
2025-06-06 10:33:26.104 [info] Got 0 sessions for read:user...
2025-06-06 10:33:26.104 [info] Getting sessions for user:email...
2025-06-06 10:33:26.104 [info] Got 0 sessions for user:email...
2025-06-06 10:33:26.104 [info] Getting sessions for read:user,repo,user:email,workflow...
2025-06-06 10:33:26.104 [info] Got 0 sessions for read:user,repo,user:email,workflow...
2025-06-06 10:33:26.361 [info] Getting sessions for user:email...
2025-06-06 10:33:26.361 [info] Got 0 sessions for user:email...
2025-06-06 10:33:27.288 [info] Getting sessions for all scopes...
2025-06-06 10:33:27.288 [info] Got 0 sessions for ...
2025-06-06 10:33:27.288 [info] Getting sessions for all scopes...
2025-06-06 10:33:27.288 [info] Got 0 sessions for ...
2025-06-06 10:33:28.530 [info] Getting sessions for user:email...
2025-06-06 10:33:28.530 [info] Got 0 sessions for user:email...
2025-06-06 10:33:28.654 [info] Getting sessions for all scopes...
2025-06-06 10:33:28.654 [info] Got 0 sessions for ...
2025-06-06 10:33:28.687 [info] Getting sessions for read:user,repo,user:email,workflow...
2025-06-06 10:33:28.687 [info] Got 0 sessions for read:user,repo,user:email,workflow...
2025-06-06 10:33:28.688 [info] Getting sessions for user:email...
2025-06-06 10:33:28.688 [info] Got 0 sessions for user:email...
2025-06-06 10:33:28.732 [info] Getting sessions for all scopes...
2025-06-06 10:33:28.732 [info] Got 0 sessions for ...
2025-06-06 10:33:28.734 [info] Getting sessions for user:email...
2025-06-06 10:33:28.734 [info] Got 0 sessions for user:email...
2025-06-06 10:33:28.743 [info] Getting sessions for all scopes...
2025-06-06 10:33:28.743 [info] Got 0 sessions for ...
2025-06-06 10:33:28.745 [info] Getting sessions for user:email...
2025-06-06 10:33:28.745 [info] Got 0 sessions for user:email...
2025-06-06 10:33:28.759 [info] Getting sessions for all scopes...
2025-06-06 10:33:28.759 [info] Got 0 sessions for ...
2025-06-06 10:33:28.765 [info] Getting sessions for all scopes...
2025-06-06 10:33:28.765 [info] Got 0 sessions for ...
2025-06-06 10:34:28.161 [info] Getting sessions for read:user,repo,user:email,workflow...
2025-06-06 10:34:28.161 [info] Got 0 sessions for read:user,repo,user:email,workflow...
2025-06-06 10:34:28.167 [info] Getting sessions for read:user...
2025-06-06 10:34:28.167 [info] Got 0 sessions for read:user...
2025-06-06 10:34:28.173 [info] Getting sessions for user:email...
2025-06-06 10:34:28.173 [info] Got 0 sessions for user:email...
2025-06-06 10:36:27.112 [info] Getting sessions for read:user,repo,user:email,workflow...
2025-06-06 10:36:27.113 [info] Got 0 sessions for read:user,repo,user:email,workflow...
2025-06-06 10:36:27.115 [info] Getting sessions for read:user...
2025-06-06 10:36:27.115 [info] Got 0 sessions for read:user...
2025-06-06 10:36:27.117 [info] Getting sessions for user:email...
2025-06-06 10:36:27.117 [info] Got 0 sessions for user:email...
2025-06-06 10:36:27.801 [info] Getting sessions for read:user,repo,user:email,workflow...
2025-06-06 10:36:27.801 [info] Got 0 sessions for read:user,repo,user:email,workflow...
2025-06-06 10:36:27.803 [info] Getting sessions for read:user...
2025-06-06 10:36:27.803 [info] Got 0 sessions for read:user...
2025-06-06 10:36:27.806 [info] Getting sessions for user:email...
2025-06-06 10:36:27.806 [info] Got 0 sessions for user:email...
2025-06-06 10:36:28.918 [info] Getting sessions for read:user,repo,user:email,workflow...
2025-06-06 10:36:28.918 [info] Got 0 sessions for read:user,repo,user:email,workflow...
2025-06-06 10:36:28.920 [info] Getting sessions for read:user...
2025-06-06 10:36:28.920 [info] Got 0 sessions for read:user...
2025-06-06 10:36:28.926 [info] Getting sessions for user:email...
2025-06-06 10:36:28.926 [info] Got 0 sessions for user:email...
2025-06-06 10:36:30.393 [info] Getting sessions for read:user,repo,user:email,workflow...
2025-06-06 10:36:30.393 [info] Got 0 sessions for read:user,repo,user:email,workflow...
2025-06-06 10:36:30.395 [info] Getting sessions for read:user...
2025-06-06 10:36:30.395 [info] Got 0 sessions for read:user...
2025-06-06 10:36:30.397 [info] Getting sessions for user:email...
2025-06-06 10:36:30.397 [info] Got 0 sessions for user:email...
2025-06-06 10:36:30.772 [info] Getting sessions for read:user,repo,user:email,workflow...
2025-06-06 10:36:30.773 [info] Got 0 sessions for read:user,repo,user:email,workflow...
2025-06-06 10:36:30.812 [info] Getting sessions for read:user...
2025-06-06 10:36:30.812 [info] Got 0 sessions for read:user...
2025-06-06 10:36:30.823 [info] Getting sessions for user:email...
2025-06-06 10:36:30.823 [info] Got 0 sessions for user:email...
2025-06-06 10:36:31.062 [info] Getting sessions for read:user,repo,user:email,workflow...
2025-06-06 10:36:31.062 [info] Got 0 sessions for read:user,repo,user:email,workflow...
2025-06-06 10:36:31.066 [info] Getting sessions for read:user...
2025-06-06 10:36:31.066 [info] Got 0 sessions for read:user...
2025-06-06 10:36:31.074 [info] Getting sessions for user:email...
2025-06-06 10:36:31.074 [info] Got 0 sessions for user:email...
2025-06-06 10:36:31.315 [info] Getting sessions for read:user,repo,user:email,workflow...
2025-06-06 10:36:31.315 [info] Got 0 sessions for read:user,repo,user:email,workflow...
2025-06-06 10:36:31.316 [info] Getting sessions for read:user...
2025-06-06 10:36:31.316 [info] Got 0 sessions for read:user...
2025-06-06 10:36:31.319 [info] Getting sessions for user:email...
2025-06-06 10:36:31.319 [info] Got 0 sessions for user:email...
2025-06-06 10:36:37.503 [info] Getting sessions for read:user,repo,user:email,workflow...
2025-06-06 10:36:37.504 [info] Got 0 sessions for read:user,repo,user:email,workflow...
2025-06-06 10:36:37.506 [info] Getting sessions for read:user...
2025-06-06 10:36:37.530 [info] Got 0 sessions for read:user...
2025-06-06 10:36:37.533 [info] Getting sessions for user:email...
2025-06-06 10:36:37.533 [info] Got 0 sessions for user:email...
2025-06-06 10:36:48.501 [info] Getting sessions for read:user,repo,user:email,workflow...
2025-06-06 10:36:48.501 [info] Got 0 sessions for read:user,repo,user:email,workflow...
2025-06-06 10:36:48.504 [info] Getting sessions for read:user...
2025-06-06 10:36:48.504 [info] Got 0 sessions for read:user...
2025-06-06 10:36:48.507 [info] Getting sessions for user:email...
2025-06-06 10:36:48.507 [info] Got 0 sessions for user:email...
2025-06-06 10:41:48.971 [info] Getting sessions for read:user,repo,user:email,workflow...
2025-06-06 10:41:48.971 [info] Got 0 sessions for read:user,repo,user:email,workflow...
2025-06-06 10:41:48.987 [info] Getting sessions for read:user...
2025-06-06 10:41:48.987 [info] Got 0 sessions for read:user...
2025-06-06 10:41:49.000 [info] Getting sessions for user:email...
2025-06-06 10:41:49.000 [info] Got 0 sessions for user:email...
2025-06-06 10:41:50.477 [info] Getting sessions for read:user,repo,user:email,workflow...
2025-06-06 10:41:50.477 [info] Got 0 sessions for read:user,repo,user:email,workflow...
2025-06-06 10:41:50.479 [info] Getting sessions for read:user...
2025-06-06 10:41:50.479 [info] Got 0 sessions for read:user...
2025-06-06 10:41:50.481 [info] Getting sessions for user:email...
2025-06-06 10:41:50.481 [info] Got 0 sessions for user:email...
2025-06-06 10:41:51.119 [info] Getting sessions for read:user,repo,user:email,workflow...
2025-06-06 10:41:51.120 [info] Got 0 sessions for read:user,repo,user:email,workflow...
2025-06-06 10:41:51.121 [info] Getting sessions for read:user...
2025-06-06 10:41:51.121 [info] Got 0 sessions for read:user...
2025-06-06 10:41:51.134 [info] Getting sessions for user:email...
2025-06-06 10:41:51.134 [info] Got 0 sessions for user:email...
2025-06-06 10:41:52.755 [info] Getting sessions for read:user,repo,user:email,workflow...
2025-06-06 10:41:52.755 [info] Got 0 sessions for read:user,repo,user:email,workflow...
2025-06-06 10:41:52.757 [info] Getting sessions for read:user...
2025-06-06 10:41:52.757 [info] Got 0 sessions for read:user...
2025-06-06 10:41:52.759 [info] Getting sessions for user:email...
2025-06-06 10:41:52.759 [info] Got 0 sessions for user:email...
2025-06-06 10:41:52.999 [info] Getting sessions for read:user,repo,user:email,workflow...
2025-06-06 10:41:52.999 [info] Got 0 sessions for read:user,repo,user:email,workflow...
2025-06-06 10:41:53.001 [info] Getting sessions for read:user...
2025-06-06 10:41:53.001 [info] Got 0 sessions for read:user...
2025-06-06 10:41:53.009 [info] Getting sessions for user:email...
2025-06-06 10:41:53.009 [info] Got 0 sessions for user:email...
2025-06-06 10:42:27.400 [info] Getting sessions for read:user,repo,user:email,workflow...
2025-06-06 10:42:27.400 [info] Got 0 sessions for read:user,repo,user:email,workflow...
2025-06-06 10:42:27.405 [info] Getting sessions for read:user...
2025-06-06 10:42:27.405 [info] Got 0 sessions for read:user...
2025-06-06 10:42:27.407 [info] Getting sessions for user:email...
2025-06-06 10:42:27.407 [info] Got 0 sessions for user:email...
2025-06-06 10:42:28.380 [info] Getting sessions for read:user,repo,user:email,workflow...
2025-06-06 10:42:28.380 [info] Got 0 sessions for read:user,repo,user:email,workflow...
2025-06-06 10:42:28.385 [info] Getting sessions for read:user...
2025-06-06 10:42:28.385 [info] Got 0 sessions for read:user...
2025-06-06 10:42:28.387 [info] Getting sessions for user:email...
2025-06-06 10:42:28.387 [info] Got 0 sessions for user:email...
2025-06-06 10:42:29.689 [info] Getting sessions for read:user,repo,user:email,workflow...
2025-06-06 10:42:29.689 [info] Got 0 sessions for read:user,repo,user:email,workflow...
2025-06-06 10:42:29.691 [info] Getting sessions for read:user...
2025-06-06 10:42:29.691 [info] Got 0 sessions for read:user...
2025-06-06 10:42:29.693 [info] Getting sessions for user:email...
2025-06-06 10:42:29.693 [info] Got 0 sessions for user:email...
2025-06-06 10:42:32.066 [info] Getting sessions for read:user,repo,user:email,workflow...
2025-06-06 10:42:32.066 [info] Got 0 sessions for read:user,repo,user:email,workflow...
2025-06-06 10:42:32.068 [info] Getting sessions for read:user...
2025-06-06 10:42:32.068 [info] Got 0 sessions for read:user...
2025-06-06 10:42:32.069 [info] Getting sessions for user:email...
2025-06-06 10:42:32.069 [info] Got 0 sessions for user:email...
2025-06-06 10:42:32.609 [info] Getting sessions for read:user,repo,user:email,workflow...
2025-06-06 10:42:32.609 [info] Got 0 sessions for read:user,repo,user:email,workflow...
2025-06-06 10:42:32.611 [info] Getting sessions for read:user...
2025-06-06 10:42:32.611 [info] Got 0 sessions for read:user...
2025-06-06 10:42:32.613 [info] Getting sessions for user:email...
2025-06-06 10:42:32.613 [info] Got 0 sessions for user:email...
2025-06-06 10:42:32.964 [info] Getting sessions for read:user,repo,user:email,workflow...
2025-06-06 10:42:32.964 [info] Got 0 sessions for read:user,repo,user:email,workflow...
2025-06-06 10:42:32.980 [info] Getting sessions for read:user...
2025-06-06 10:42:32.980 [info] Got 0 sessions for read:user...
2025-06-06 10:42:32.994 [info] Getting sessions for user:email...
2025-06-06 10:42:32.994 [info] Got 0 sessions for user:email...
2025-06-06 10:42:33.181 [info] Getting sessions for read:user,repo,user:email,workflow...
2025-06-06 10:42:33.181 [info] Got 0 sessions for read:user,repo,user:email,workflow...
2025-06-06 10:42:33.185 [info] Getting sessions for read:user...
2025-06-06 10:42:33.185 [info] Got 0 sessions for read:user...
2025-06-06 10:42:33.193 [info] Getting sessions for user:email...
2025-06-06 10:42:33.193 [info] Got 0 sessions for user:email...
2025-06-06 10:42:36.552 [info] Getting sessions for read:user,repo,user:email,workflow...
2025-06-06 10:42:36.552 [info] Got 0 sessions for read:user,repo,user:email,workflow...
2025-06-06 10:42:36.557 [info] Getting sessions for read:user...
2025-06-06 10:42:36.557 [info] Got 0 sessions for read:user...
2025-06-06 10:42:36.559 [info] Getting sessions for user:email...
2025-06-06 10:42:36.559 [info] Got 0 sessions for user:email...
2025-06-06 10:42:48.827 [info] Getting sessions for read:user,repo,user:email,workflow...
2025-06-06 10:42:48.827 [info] Got 0 sessions for read:user,repo,user:email,workflow...
2025-06-06 10:42:48.830 [info] Getting sessions for read:user...
2025-06-06 10:42:48.830 [info] Got 0 sessions for read:user...
2025-06-06 10:42:48.833 [info] Getting sessions for user:email...
2025-06-06 10:42:48.833 [info] Got 0 sessions for user:email...
2025-06-06 10:43:46.834 [info] Getting sessions for read:user,repo,user:email,workflow...
2025-06-06 10:43:46.835 [info] Got 0 sessions for read:user,repo,user:email,workflow...
2025-06-06 10:43:46.836 [info] Getting sessions for read:user...
2025-06-06 10:43:46.836 [info] Got 0 sessions for read:user...
2025-06-06 10:43:46.840 [info] Getting sessions for user:email...
2025-06-06 10:43:46.840 [info] Got 0 sessions for user:email...
2025-06-06 10:43:47.781 [info] Getting sessions for read:user,repo,user:email,workflow...
2025-06-06 10:43:47.781 [info] Got 0 sessions for read:user,repo,user:email,workflow...
2025-06-06 10:43:47.783 [info] Getting sessions for read:user...
2025-06-06 10:43:47.783 [info] Got 0 sessions for read:user...
2025-06-06 10:43:47.784 [info] Getting sessions for user:email...
2025-06-06 10:43:47.784 [info] Got 0 sessions for user:email...
2025-06-06 10:43:48.103 [info] Getting sessions for read:user,repo,user:email,workflow...
2025-06-06 10:43:48.103 [info] Got 0 sessions for read:user,repo,user:email,workflow...
2025-06-06 10:43:48.105 [info] Getting sessions for read:user...
2025-06-06 10:43:48.105 [info] Got 0 sessions for read:user...
2025-06-06 10:43:48.107 [info] Getting sessions for user:email...
2025-06-06 10:43:48.107 [info] Got 0 sessions for user:email...
2025-06-06 10:46:23.505 [info] Getting sessions for read:user,repo,user:email,workflow...
2025-06-06 10:46:23.506 [info] Got 0 sessions for read:user,repo,user:email,workflow...
2025-06-06 10:46:23.525 [info] Getting sessions for read:user...
2025-06-06 10:46:23.526 [info] Got 0 sessions for read:user...
2025-06-06 10:46:23.540 [info] Getting sessions for user:email...
2025-06-06 10:46:23.541 [info] Got 0 sessions for user:email...
2025-06-06 10:46:23.735 [info] Getting sessions for read:user,repo,user:email,workflow...
2025-06-06 10:46:23.735 [info] Got 0 sessions for read:user,repo,user:email,workflow...
2025-06-06 10:46:23.737 [info] Getting sessions for read:user...
2025-06-06 10:46:23.737 [info] Got 0 sessions for read:user...
2025-06-06 10:46:23.740 [info] Getting sessions for user:email...
2025-06-06 10:46:23.740 [info] Got 0 sessions for user:email...
2025-06-06 10:46:28.295 [info] Getting sessions for read:user,repo,user:email,workflow...
2025-06-06 10:46:28.295 [info] Got 0 sessions for read:user,repo,user:email,workflow...
2025-06-06 10:46:28.297 [info] Getting sessions for read:user...
2025-06-06 10:46:28.298 [info] Got 0 sessions for read:user...
2025-06-06 10:46:28.299 [info] Getting sessions for user:email...
2025-06-06 10:46:28.299 [info] Got 0 sessions for user:email...
2025-06-06 10:48:28.157 [info] Getting sessions for all scopes...
2025-06-06 10:48:28.182 [info] Got 0 sessions for ...
2025-06-06 10:48:28.188 [info] Getting sessions for user:email...
2025-06-06 10:48:28.188 [info] Got 0 sessions for user:email...
2025-06-06 10:48:28.193 [info] Getting sessions for all scopes...
2025-06-06 10:48:28.193 [info] Got 0 sessions for ...
2025-06-06 10:48:28.199 [info] Getting sessions for user:email...
2025-06-06 10:48:28.199 [info] Got 0 sessions for user:email...
2025-06-06 10:56:04.532 [info] Getting sessions for read:user,repo,user:email,workflow...
2025-06-06 10:56:04.532 [info] Got 0 sessions for read:user,repo,user:email,workflow...
2025-06-06 10:56:04.537 [info] Getting sessions for read:user...
2025-06-06 10:56:04.537 [info] Got 0 sessions for read:user...
2025-06-06 10:56:04.539 [info] Getting sessions for user:email...
2025-06-06 10:56:04.539 [info] Got 0 sessions for user:email...
2025-06-06 10:56:52.196 [info] Getting sessions for read:user,repo,user:email,workflow...
2025-06-06 10:56:52.197 [info] Got 0 sessions for read:user,repo,user:email,workflow...
2025-06-06 10:56:52.202 [info] Getting sessions for read:user...
2025-06-06 10:56:52.202 [info] Got 0 sessions for read:user...
2025-06-06 10:56:52.210 [info] Getting sessions for user:email...
2025-06-06 10:56:52.210 [info] Got 0 sessions for user:email...
2025-06-06 10:59:50.145 [info] Getting sessions for read:user,repo,user:email,workflow...
2025-06-06 10:59:50.149 [info] Got 0 sessions for read:user,repo,user:email,workflow...
2025-06-06 10:59:50.151 [info] Getting sessions for read:user...
2025-06-06 10:59:50.151 [info] Got 0 sessions for read:user...
2025-06-06 10:59:50.153 [info] Getting sessions for user:email...
2025-06-06 10:59:50.153 [info] Got 0 sessions for user:email...
2025-06-06 10:59:51.768 [info] Getting sessions for read:user,repo,user:email,workflow...
2025-06-06 10:59:51.768 [info] Got 0 sessions for read:user,repo,user:email,workflow...
2025-06-06 10:59:51.772 [info] Getting sessions for read:user...
2025-06-06 10:59:51.772 [info] Got 0 sessions for read:user...
2025-06-06 10:59:51.776 [info] Getting sessions for user:email...
2025-06-06 10:59:51.777 [info] Got 0 sessions for user:email...
2025-06-06 10:59:55.169 [info] Getting sessions for read:user,repo,user:email,workflow...
2025-06-06 10:59:55.170 [info] Got 0 sessions for read:user,repo,user:email,workflow...
2025-06-06 10:59:55.173 [info] Getting sessions for read:user...
2025-06-06 10:59:55.173 [info] Got 0 sessions for read:user...
2025-06-06 10:59:55.177 [info] Getting sessions for user:email...
2025-06-06 10:59:55.178 [info] Got 0 sessions for user:email...
2025-06-06 10:59:57.206 [info] Getting sessions for read:user,repo,user:email,workflow...
2025-06-06 10:59:57.206 [info] Got 0 sessions for read:user,repo,user:email,workflow...
2025-06-06 10:59:57.220 [info] Getting sessions for read:user...
2025-06-06 10:59:57.220 [info] Got 0 sessions for read:user...
2025-06-06 10:59:57.230 [info] Getting sessions for user:email...
2025-06-06 10:59:57.230 [info] Got 0 sessions for user:email...
2025-06-06 10:59:58.799 [info] Getting sessions for read:user,repo,user:email,workflow...
2025-06-06 10:59:58.800 [info] Got 0 sessions for read:user,repo,user:email,workflow...
2025-06-06 10:59:58.801 [info] Getting sessions for read:user...
2025-06-06 10:59:58.801 [info] Got 0 sessions for read:user...
2025-06-06 10:59:58.803 [info] Getting sessions for user:email...
2025-06-06 10:59:58.803 [info] Got 0 sessions for user:email...
2025-06-06 11:00:01.083 [info] Getting sessions for read:user,repo,user:email,workflow...
2025-06-06 11:00:01.083 [info] Got 0 sessions for read:user,repo,user:email,workflow...
2025-06-06 11:00:01.084 [info] Getting sessions for read:user...
2025-06-06 11:00:01.084 [info] Got 0 sessions for read:user...
2025-06-06 11:00:01.086 [info] Getting sessions for user:email...
2025-06-06 11:00:01.086 [info] Got 0 sessions for user:email...
2025-06-06 11:03:28.209 [info] Getting sessions for all scopes...
2025-06-06 11:03:28.209 [info] Got 0 sessions for ...
2025-06-06 11:03:28.211 [info] Getting sessions for user:email...
2025-06-06 11:03:28.211 [info] Got 0 sessions for user:email...
2025-06-06 11:03:28.213 [info] Getting sessions for all scopes...
2025-06-06 11:03:28.213 [info] Got 0 sessions for ...
2025-06-06 11:03:28.214 [info] Getting sessions for user:email...
2025-06-06 11:03:28.214 [info] Got 0 sessions for user:email...
2025-06-06 11:03:35.556 [info] Getting sessions for read:user,repo,user:email,workflow...
2025-06-06 11:03:35.556 [info] Got 0 sessions for read:user,repo,user:email,workflow...
2025-06-06 11:03:35.560 [info] Getting sessions for read:user...
2025-06-06 11:03:35.560 [info] Got 0 sessions for read:user...
2025-06-06 11:03:35.562 [info] Getting sessions for user:email...
2025-06-06 11:03:35.562 [info] Got 0 sessions for user:email...
2025-06-06 11:03:38.487 [info] Getting sessions for read:user,repo,user:email,workflow...
2025-06-06 11:03:38.487 [info] Got 0 sessions for read:user,repo,user:email,workflow...
2025-06-06 11:03:38.502 [info] Getting sessions for read:user...
2025-06-06 11:03:38.503 [info] Got 0 sessions for read:user...
2025-06-06 11:03:38.515 [info] Getting sessions for user:email...
2025-06-06 11:03:38.515 [info] Got 0 sessions for user:email...
2025-06-06 11:03:45.434 [info] Getting sessions for read:user,repo,user:email,workflow...
2025-06-06 11:03:45.434 [info] Got 0 sessions for read:user,repo,user:email,workflow...
2025-06-06 11:03:45.436 [info] Getting sessions for read:user...
2025-06-06 11:03:45.436 [info] Got 0 sessions for read:user...
2025-06-06 11:03:45.438 [info] Getting sessions for user:email...
2025-06-06 11:03:45.438 [info] Got 0 sessions for user:email...
2025-06-06 11:03:45.948 [info] Getting sessions for read:user,repo,user:email,workflow...
2025-06-06 11:03:45.948 [info] Got 0 sessions for read:user,repo,user:email,workflow...
2025-06-06 11:03:45.949 [info] Getting sessions for read:user...
2025-06-06 11:03:45.949 [info] Got 0 sessions for read:user...
2025-06-06 11:03:45.951 [info] Getting sessions for user:email...
2025-06-06 11:03:45.951 [info] Got 0 sessions for user:email...
2025-06-06 11:03:46.147 [info] Getting sessions for read:user,repo,user:email,workflow...
2025-06-06 11:03:46.147 [info] Got 0 sessions for read:user,repo,user:email,workflow...
2025-06-06 11:03:46.149 [info] Getting sessions for read:user...
2025-06-06 11:03:46.149 [info] Got 0 sessions for read:user...
2025-06-06 11:03:46.151 [info] Getting sessions for user:email...
2025-06-06 11:03:46.151 [info] Got 0 sessions for user:email...
2025-06-06 11:03:46.533 [info] Getting sessions for read:user,repo,user:email,workflow...
2025-06-06 11:03:46.533 [info] Got 0 sessions for read:user,repo,user:email,workflow...
2025-06-06 11:03:46.534 [info] Getting sessions for read:user...
2025-06-06 11:03:46.534 [info] Got 0 sessions for read:user...
2025-06-06 11:03:46.537 [info] Getting sessions for user:email...
2025-06-06 11:03:46.537 [info] Got 0 sessions for user:email...
2025-06-06 11:03:46.852 [info] Getting sessions for read:user,repo,user:email,workflow...
2025-06-06 11:03:46.852 [info] Got 0 sessions for read:user,repo,user:email,workflow...
2025-06-06 11:03:46.861 [info] Getting sessions for read:user...
2025-06-06 11:03:46.875 [info] Got 0 sessions for read:user...
2025-06-06 11:03:46.879 [info] Getting sessions for user:email...
2025-06-06 11:03:46.879 [info] Got 0 sessions for user:email...
2025-06-06 11:03:47.283 [info] Getting sessions for read:user,repo,user:email,workflow...
2025-06-06 11:03:47.283 [info] Got 0 sessions for read:user,repo,user:email,workflow...
2025-06-06 11:03:47.290 [info] Getting sessions for read:user...
2025-06-06 11:03:47.290 [info] Got 0 sessions for read:user...
2025-06-06 11:03:47.304 [info] Getting sessions for user:email...
2025-06-06 11:03:47.304 [info] Got 0 sessions for user:email...
2025-06-06 11:03:48.667 [info] Getting sessions for read:user,repo,user:email,workflow...
2025-06-06 11:03:48.667 [info] Got 0 sessions for read:user,repo,user:email,workflow...
2025-06-06 11:03:48.670 [info] Getting sessions for read:user...
2025-06-06 11:03:48.670 [info] Got 0 sessions for read:user...
2025-06-06 11:03:48.672 [info] Getting sessions for user:email...
2025-06-06 11:03:48.672 [info] Got 0 sessions for user:email...
2025-06-06 11:03:54.510 [info] Getting sessions for read:user,repo,user:email,workflow...
2025-06-06 11:03:54.510 [info] Got 0 sessions for read:user,repo,user:email,workflow...
2025-06-06 11:03:54.517 [info] Getting sessions for read:user...
2025-06-06 11:03:54.517 [info] Got 0 sessions for read:user...
2025-06-06 11:03:54.531 [info] Getting sessions for user:email...
2025-06-06 11:03:54.531 [info] Got 0 sessions for user:email...
2025-06-06 11:03:54.762 [info] Getting sessions for read:user,repo,user:email,workflow...
2025-06-06 11:03:54.763 [info] Got 0 sessions for read:user,repo,user:email,workflow...
2025-06-06 11:03:54.773 [info] Getting sessions for read:user...
2025-06-06 11:03:54.785 [info] Got 0 sessions for read:user...
2025-06-06 11:03:54.787 [info] Getting sessions for user:email...
2025-06-06 11:03:54.787 [info] Got 0 sessions for user:email...
2025-06-06 11:03:54.955 [info] Getting sessions for read:user,repo,user:email,workflow...
2025-06-06 11:03:54.955 [info] Got 0 sessions for read:user,repo,user:email,workflow...
2025-06-06 11:03:54.958 [info] Getting sessions for read:user...
2025-06-06 11:03:54.959 [info] Got 0 sessions for read:user...
2025-06-06 11:03:54.960 [info] Getting sessions for user:email...
2025-06-06 11:03:54.960 [info] Got 0 sessions for user:email...
2025-06-06 11:03:55.142 [info] Getting sessions for read:user,repo,user:email,workflow...
2025-06-06 11:03:55.142 [info] Got 0 sessions for read:user,repo,user:email,workflow...
2025-06-06 11:03:55.146 [info] Getting sessions for read:user...
2025-06-06 11:03:55.146 [info] Got 0 sessions for read:user...
2025-06-06 11:03:55.154 [info] Getting sessions for user:email...
2025-06-06 11:03:55.154 [info] Got 0 sessions for user:email...
2025-06-06 11:03:55.620 [info] Getting sessions for read:user,repo,user:email,workflow...
2025-06-06 11:03:55.620 [info] Got 0 sessions for read:user,repo,user:email,workflow...
2025-06-06 11:03:55.622 [info] Getting sessions for read:user...
2025-06-06 11:03:55.622 [info] Got 0 sessions for read:user...
2025-06-06 11:03:55.624 [info] Getting sessions for user:email...
2025-06-06 11:03:55.624 [info] Got 0 sessions for user:email...
2025-06-06 11:04:00.342 [info] Getting sessions for read:user,repo,user:email,workflow...
2025-06-06 11:04:00.342 [info] Got 0 sessions for read:user,repo,user:email,workflow...
2025-06-06 11:04:00.351 [info] Getting sessions for read:user...
2025-06-06 11:04:00.351 [info] Got 0 sessions for read:user...
2025-06-06 11:04:00.355 [info] Getting sessions for user:email...
2025-06-06 11:04:00.355 [info] Got 0 sessions for user:email...
2025-06-06 11:04:11.400 [info] Getting sessions for read:user,repo,user:email,workflow...
2025-06-06 11:04:11.400 [info] Got 0 sessions for read:user,repo,user:email,workflow...
2025-06-06 11:04:11.401 [info] Getting sessions for read:user...
2025-06-06 11:04:11.401 [info] Got 0 sessions for read:user...
2025-06-06 11:04:11.403 [info] Getting sessions for user:email...
2025-06-06 11:04:11.403 [info] Got 0 sessions for user:email...
2025-06-06 11:04:14.415 [info] Getting sessions for read:user,repo,user:email,workflow...
2025-06-06 11:04:14.415 [info] Got 0 sessions for read:user,repo,user:email,workflow...
2025-06-06 11:04:14.418 [info] Getting sessions for read:user...
2025-06-06 11:04:14.418 [info] Got 0 sessions for read:user...
2025-06-06 11:04:14.420 [info] Getting sessions for user:email...
2025-06-06 11:04:14.420 [info] Got 0 sessions for user:email...
2025-06-06 11:04:18.108 [info] Getting sessions for read:user,repo,user:email,workflow...
2025-06-06 11:04:18.108 [info] Got 0 sessions for read:user,repo,user:email,workflow...
2025-06-06 11:04:18.112 [info] Getting sessions for read:user...
2025-06-06 11:04:18.112 [info] Got 0 sessions for read:user...
2025-06-06 11:04:18.115 [info] Getting sessions for user:email...
2025-06-06 11:04:18.115 [info] Got 0 sessions for user:email...
2025-06-06 11:04:20.751 [info] Getting sessions for read:user,repo,user:email,workflow...
2025-06-06 11:04:20.751 [info] Got 0 sessions for read:user,repo,user:email,workflow...
2025-06-06 11:04:20.753 [info] Getting sessions for read:user...
2025-06-06 11:04:20.753 [info] Got 0 sessions for read:user...
2025-06-06 11:04:20.755 [info] Getting sessions for user:email...
2025-06-06 11:04:20.755 [info] Got 0 sessions for user:email...
2025-06-06 11:04:23.789 [info] Getting sessions for read:user,repo,user:email,workflow...
2025-06-06 11:04:23.789 [info] Got 0 sessions for read:user,repo,user:email,workflow...
2025-06-06 11:04:23.803 [info] Getting sessions for read:user...
2025-06-06 11:04:23.803 [info] Got 0 sessions for read:user...
2025-06-06 11:04:23.806 [info] Getting sessions for user:email...
2025-06-06 11:04:23.807 [info] Got 0 sessions for user:email...
2025-06-06 11:04:26.736 [info] Getting sessions for read:user,repo,user:email,workflow...
2025-06-06 11:04:26.737 [info] Got 0 sessions for read:user,repo,user:email,workflow...
2025-06-06 11:04:26.741 [info] Getting sessions for read:user...
2025-06-06 11:04:26.742 [info] Got 0 sessions for read:user...
2025-06-06 11:04:26.744 [info] Getting sessions for user:email...
2025-06-06 11:04:26.744 [info] Got 0 sessions for user:email...
2025-06-06 11:04:28.104 [info] Getting sessions for read:user,repo,user:email,workflow...
2025-06-06 11:04:28.105 [info] Got 0 sessions for read:user,repo,user:email,workflow...
2025-06-06 11:04:28.120 [info] Getting sessions for read:user...
2025-06-06 11:04:28.120 [info] Got 0 sessions for read:user...
2025-06-06 11:04:28.130 [info] Getting sessions for user:email...
2025-06-06 11:04:28.130 [info] Got 0 sessions for user:email...
2025-06-06 11:04:30.879 [info] Getting sessions for read:user,repo,user:email,workflow...
2025-06-06 11:04:30.879 [info] Got 0 sessions for read:user,repo,user:email,workflow...
2025-06-06 11:04:30.882 [info] Getting sessions for read:user...
2025-06-06 11:04:30.882 [info] Got 0 sessions for read:user...
2025-06-06 11:04:30.884 [info] Getting sessions for user:email...
2025-06-06 11:04:30.885 [info] Got 0 sessions for user:email...
2025-06-06 11:04:31.462 [info] Getting sessions for read:user,repo,user:email,workflow...
2025-06-06 11:04:31.462 [info] Got 0 sessions for read:user,repo,user:email,workflow...
2025-06-06 11:04:31.469 [info] Getting sessions for read:user...
2025-06-06 11:04:31.469 [info] Got 0 sessions for read:user...
2025-06-06 11:04:31.471 [info] Getting sessions for user:email...
2025-06-06 11:04:31.471 [info] Got 0 sessions for user:email...
2025-06-06 11:04:33.561 [info] Getting sessions for read:user,repo,user:email,workflow...
2025-06-06 11:04:33.561 [info] Got 0 sessions for read:user,repo,user:email,workflow...
2025-06-06 11:04:33.563 [info] Getting sessions for read:user...
2025-06-06 11:04:33.563 [info] Got 0 sessions for read:user...
2025-06-06 11:04:33.564 [info] Getting sessions for user:email...
2025-06-06 11:04:33.564 [info] Got 0 sessions for user:email...
2025-06-06 11:04:36.852 [info] Getting sessions for read:user,repo,user:email,workflow...
2025-06-06 11:04:36.852 [info] Got 0 sessions for read:user,repo,user:email,workflow...
2025-06-06 11:04:36.856 [info] Getting sessions for read:user...
2025-06-06 11:04:36.856 [info] Got 0 sessions for read:user...
2025-06-06 11:04:36.860 [info] Getting sessions for user:email...
2025-06-06 11:04:36.860 [info] Got 0 sessions for user:email...
2025-06-06 11:04:38.864 [info] Getting sessions for read:user,repo,user:email,workflow...
2025-06-06 11:04:38.864 [info] Got 0 sessions for read:user,repo,user:email,workflow...
2025-06-06 11:04:38.866 [info] Getting sessions for read:user...
2025-06-06 11:04:38.866 [info] Got 0 sessions for read:user...
2025-06-06 11:04:38.868 [info] Getting sessions for user:email...
2025-06-06 11:04:38.868 [info] Got 0 sessions for user:email...
2025-06-06 11:04:40.009 [info] Getting sessions for read:user,repo,user:email,workflow...
2025-06-06 11:04:40.009 [info] Got 0 sessions for read:user,repo,user:email,workflow...
2025-06-06 11:04:40.085 [info] Getting sessions for read:user...
2025-06-06 11:04:40.085 [info] Got 0 sessions for read:user...
2025-06-06 11:04:40.105 [info] Getting sessions for user:email...
2025-06-06 11:04:40.105 [info] Got 0 sessions for user:email...
2025-06-06 11:04:44.673 [info] Getting sessions for read:user,repo,user:email,workflow...
2025-06-06 11:04:44.673 [info] Got 0 sessions for read:user,repo,user:email,workflow...
2025-06-06 11:04:44.676 [info] Getting sessions for read:user...
2025-06-06 11:04:44.676 [info] Got 0 sessions for read:user...
2025-06-06 11:04:44.678 [info] Getting sessions for user:email...
2025-06-06 11:04:44.678 [info] Got 0 sessions for user:email...
2025-06-06 11:04:45.356 [info] Getting sessions for read:user,repo,user:email,workflow...
2025-06-06 11:04:45.356 [info] Got 0 sessions for read:user,repo,user:email,workflow...
2025-06-06 11:04:45.360 [info] Getting sessions for read:user...
2025-06-06 11:04:45.360 [info] Got 0 sessions for read:user...
2025-06-06 11:04:45.364 [info] Getting sessions for user:email...
2025-06-06 11:04:45.364 [info] Got 0 sessions for user:email...
2025-06-06 11:04:45.834 [info] Getting sessions for read:user,repo,user:email,workflow...
2025-06-06 11:04:45.834 [info] Got 0 sessions for read:user,repo,user:email,workflow...
2025-06-06 11:04:45.838 [info] Getting sessions for read:user...
2025-06-06 11:04:45.838 [info] Got 0 sessions for read:user...
2025-06-06 11:04:45.840 [info] Getting sessions for user:email...
2025-06-06 11:04:45.840 [info] Got 0 sessions for user:email...
2025-06-06 11:04:50.472 [info] Getting sessions for read:user,repo,user:email,workflow...
2025-06-06 11:04:50.473 [info] Got 0 sessions for read:user,repo,user:email,workflow...
2025-06-06 11:04:50.475 [info] Getting sessions for read:user...
2025-06-06 11:04:50.476 [info] Got 0 sessions for read:user...
2025-06-06 11:04:50.478 [info] Getting sessions for user:email...
2025-06-06 11:04:50.478 [info] Got 0 sessions for user:email...
2025-06-06 11:04:50.818 [info] Getting sessions for read:user,repo,user:email,workflow...
2025-06-06 11:04:50.818 [info] Got 0 sessions for read:user,repo,user:email,workflow...
2025-06-06 11:04:50.820 [info] Getting sessions for read:user...
2025-06-06 11:04:50.820 [info] Got 0 sessions for read:user...
2025-06-06 11:04:50.822 [info] Getting sessions for user:email...
2025-06-06 11:04:50.822 [info] Got 0 sessions for user:email...
2025-06-06 11:04:56.716 [info] Getting sessions for read:user,repo,user:email,workflow...
2025-06-06 11:04:56.716 [info] Got 0 sessions for read:user,repo,user:email,workflow...
2025-06-06 11:04:56.738 [info] Getting sessions for read:user...
2025-06-06 11:04:56.738 [info] Got 0 sessions for read:user...
2025-06-06 11:04:56.742 [info] Getting sessions for user:email...
2025-06-06 11:04:56.742 [info] Got 0 sessions for user:email...
2025-06-06 11:04:57.366 [info] Getting sessions for read:user,repo,user:email,workflow...
2025-06-06 11:04:57.366 [info] Got 0 sessions for read:user,repo,user:email,workflow...
2025-06-06 11:04:57.368 [info] Getting sessions for read:user...
2025-06-06 11:04:57.368 [info] Got 0 sessions for read:user...
2025-06-06 11:04:57.373 [info] Getting sessions for user:email...
2025-06-06 11:04:57.373 [info] Got 0 sessions for user:email...
2025-06-06 11:05:02.093 [info] Getting sessions for read:user,repo,user:email,workflow...
2025-06-06 11:05:02.093 [info] Got 0 sessions for read:user,repo,user:email,workflow...
2025-06-06 11:05:02.095 [info] Getting sessions for read:user...
2025-06-06 11:05:02.095 [info] Got 0 sessions for read:user...
2025-06-06 11:05:02.098 [info] Getting sessions for user:email...
2025-06-06 11:05:02.098 [info] Got 0 sessions for user:email...
2025-06-06 11:05:02.601 [info] Getting sessions for read:user,repo,user:email,workflow...
2025-06-06 11:05:02.601 [info] Got 0 sessions for read:user,repo,user:email,workflow...
2025-06-06 11:05:02.604 [info] Getting sessions for read:user...
2025-06-06 11:05:02.604 [info] Got 0 sessions for read:user...
2025-06-06 11:05:02.611 [info] Getting sessions for user:email...
2025-06-06 11:05:02.611 [info] Got 0 sessions for user:email...
2025-06-06 11:08:37.337 [info] Getting sessions for read:user,repo,user:email,workflow...
2025-06-06 11:08:37.337 [info] Got 0 sessions for read:user,repo,user:email,workflow...
2025-06-06 11:08:37.351 [info] Getting sessions for read:user...
2025-06-06 11:08:37.360 [info] Got 0 sessions for read:user...
2025-06-06 11:08:37.362 [info] Getting sessions for user:email...
2025-06-06 11:08:37.363 [info] Got 0 sessions for user:email...
2025-06-06 11:09:32.445 [info] Getting sessions for read:user,repo,user:email,workflow...
2025-06-06 11:09:32.445 [info] Got 0 sessions for read:user,repo,user:email,workflow...
2025-06-06 11:09:32.447 [info] Getting sessions for read:user...
2025-06-06 11:09:32.447 [info] Got 0 sessions for read:user...
2025-06-06 11:09:32.449 [info] Getting sessions for user:email...
2025-06-06 11:09:32.449 [info] Got 0 sessions for user:email...
2025-06-06 11:09:32.637 [info] Getting sessions for read:user,repo,user:email,workflow...
2025-06-06 11:09:32.637 [info] Got 0 sessions for read:user,repo,user:email,workflow...
2025-06-06 11:09:32.644 [info] Getting sessions for read:user...
2025-06-06 11:09:32.644 [info] Got 0 sessions for read:user...
2025-06-06 11:09:32.646 [info] Getting sessions for user:email...
2025-06-06 11:09:32.646 [info] Got 0 sessions for user:email...
2025-06-06 11:11:51.047 [info] Getting sessions for read:user,repo,user:email,workflow...
2025-06-06 11:11:51.048 [info] Got 0 sessions for read:user,repo,user:email,workflow...
2025-06-06 11:11:51.050 [info] Getting sessions for read:user...
2025-06-06 11:11:51.050 [info] Got 0 sessions for read:user...
2025-06-06 11:11:51.059 [info] Getting sessions for user:email...
2025-06-06 11:11:51.059 [info] Got 0 sessions for user:email...
2025-06-06 11:11:55.831 [info] Getting sessions for read:user,repo,user:email,workflow...
2025-06-06 11:11:55.831 [info] Got 0 sessions for read:user,repo,user:email,workflow...
2025-06-06 11:11:55.833 [info] Getting sessions for read:user...
2025-06-06 11:11:55.833 [info] Got 0 sessions for read:user...
2025-06-06 11:11:55.836 [info] Getting sessions for user:email...
2025-06-06 11:11:55.836 [info] Got 0 sessions for user:email...
2025-06-06 11:12:32.842 [info] Getting sessions for read:user,repo,user:email,workflow...
2025-06-06 11:12:32.842 [info] Got 0 sessions for read:user,repo,user:email,workflow...
2025-06-06 11:12:32.847 [info] Getting sessions for read:user...
2025-06-06 11:12:32.847 [info] Got 0 sessions for read:user...
2025-06-06 11:12:32.849 [info] Getting sessions for user:email...
2025-06-06 11:12:32.849 [info] Got 0 sessions for user:email...
2025-06-06 11:12:33.193 [info] Getting sessions for read:user,repo,user:email,workflow...
2025-06-06 11:12:33.193 [info] Got 0 sessions for read:user,repo,user:email,workflow...
2025-06-06 11:12:33.195 [info] Getting sessions for read:user...
2025-06-06 11:12:33.195 [info] Got 0 sessions for read:user...
2025-06-06 11:12:33.206 [info] Getting sessions for user:email...
2025-06-06 11:12:33.206 [info] Got 0 sessions for user:email...
2025-06-06 11:12:33.410 [info] Getting sessions for read:user,repo,user:email,workflow...
2025-06-06 11:12:33.410 [info] Got 0 sessions for read:user,repo,user:email,workflow...
2025-06-06 11:12:33.414 [info] Getting sessions for read:user...
2025-06-06 11:12:33.415 [info] Got 0 sessions for read:user...
2025-06-06 11:12:33.420 [info] Getting sessions for user:email...
2025-06-06 11:12:33.420 [info] Got 0 sessions for user:email...
2025-06-06 11:12:34.047 [info] Getting sessions for read:user,repo,user:email,workflow...
2025-06-06 11:12:34.047 [info] Got 0 sessions for read:user,repo,user:email,workflow...
2025-06-06 11:12:34.056 [info] Getting sessions for read:user...
2025-06-06 11:12:34.056 [info] Got 0 sessions for read:user...
2025-06-06 11:12:34.058 [info] Getting sessions for user:email...
2025-06-06 11:12:34.058 [info] Got 0 sessions for user:email...
2025-06-06 11:12:37.665 [info] Getting sessions for read:user,repo,user:email,workflow...
2025-06-06 11:12:37.665 [info] Got 0 sessions for read:user,repo,user:email,workflow...
2025-06-06 11:12:37.666 [info] Getting sessions for read:user...
2025-06-06 11:12:37.666 [info] Got 0 sessions for read:user...
2025-06-06 11:12:37.668 [info] Getting sessions for user:email...
2025-06-06 11:12:37.668 [info] Got 0 sessions for user:email...
2025-06-06 11:12:38.873 [info] Getting sessions for read:user,repo,user:email,workflow...
2025-06-06 11:12:38.873 [info] Got 0 sessions for read:user,repo,user:email,workflow...
2025-06-06 11:12:38.876 [info] Getting sessions for read:user...
2025-06-06 11:12:38.876 [info] Got 0 sessions for read:user...
2025-06-06 11:12:38.878 [info] Getting sessions for user:email...
2025-06-06 11:12:38.878 [info] Got 0 sessions for user:email...
